[      74ms] [LOG] [PostHog.js] send "$pageleave" {uuid: 019eb1b4-0134-7e9e-ac87-21c65fc8db7b, event: $pageleave, properties: Object, timestamp: Wed Jun 10 2026 18:53:44 GMT+0530 (India Standard Time)} @ http://localhost:3000/_next/static/chunks/node_modules_next_dist_115brz8._.js:2436
[     125ms] [LOG] [PostHog.js] set_config {config: Object, oldConfig: Object, newConfig: Object} @ http://localhost:3000/_next/static/chunks/node_modules_posthog-js_dist_module_0p1-w_7.js:1019
[     126ms] [LOG] [PostHog.js] Persistence loaded localStorage+cookie {$device_id: 019eb1b2-9d5a-7971-9c96-b85b88808cb7, distinct_id: 019eb1b2-9d5a-7971-9c96-b85b88808cb7, $sesid: Array(3), $epp: true, $initial_person_info: Object} @ http://localhost:3000/_next/static/chunks/node_modules_posthog-js_dist_module_0p1-w_7.js:1019
[     127ms] [LOG] [PostHog.js] Persistence loaded sessionStorage {$sdk_debug_extensions_init_method: synchronous, $sdk_debug_extensions_init_time_ms: 2, $referrer: $direct, $referring_domain: $direct, $sdk_debug_replay_remote_trigger_matching_config: null} @ http://localhost:3000/_next/static/chunks/node_modules_posthog-js_dist_module_0p1-w_7.js:1019
[     127ms] [LOG] [PostHog.js] Initializing extensions synchronously @ http://localhost:3000/_next/static/chunks/node_modules_posthog-js_dist_module_0p1-w_7.js:1019
[     127ms] [LOG] [PostHog.js] [Web Vitals] enabled, starting... @ http://localhost:3000/_next/static/chunks/node_modules_posthog-js_dist_module_0p1-w_7.js:1019
[     127ms] [LOG] [PostHog.js] [ExceptionAutocapture] enabled @ http://localhost:3000/_next/static/chunks/node_modules_posthog-js_dist_module_0p1-w_7.js:1019
[     128ms] [LOG] [PostHog.js] History API monitoring enabled, starting... @ http://localhost:3000/_next/static/chunks/node_modules_posthog-js_dist_module_0p1-w_7.js:1019
[     128ms] [LOG] [PostHog.js] [SessionRecording] starting @ http://localhost:3000/_next/static/chunks/node_modules_posthog-js_dist_module_0p1-w_7.js:1019
[     128ms] [LOG] [PostHog.js] [Heatmaps] starting... @ http://localhost:3000/_next/static/chunks/node_modules_posthog-js_dist_module_0p1-w_7.js:1019
[     128ms] [LOG] [PostHog.js] Starting in debug mode {this: qn, config: Object, thisC: Object, p: Object, s: Object} @ http://localhost:3000/_next/static/chunks/node_modules_posthog-js_dist_module_0p1-w_7.js:1019
[     131ms] [LOG] [PostHog.js] send "$set" {uuid: 019eb1b4-016d-7e65-b335-17299a584bf1, event: $set, properties: Object, $set_once: Object, timestamp: Wed Jun 10 2026 18:53:44 GMT+0530 (India Standard Time)} @ http://localhost:3000/_next/static/chunks/node_modules_posthog-js_dist_module_0p1-w_7.js:1019
[     133ms] [INFO] %cDownload the React DevTools for a better development experience: https://react.dev/link/react-devtools font-weight:bold @ http://localhost:3000/_next/static/chunks/node_modules_next_dist_115brz8._.js:2436
[     144ms] [LOG] [PostHog.js] send "$pageview" {uuid: 019eb1b4-017b-7a4b-93b7-c405da12aa7a, event: $pageview, properties: Object, timestamp: Wed Jun 10 2026 18:53:44 GMT+0530 (India Standard Time)} @ http://localhost:3000/_next/static/chunks/node_modules_next_dist_115brz8._.js:2436
[     146ms] [LOG] [PostHog.js] [Dead Clicks] starting... @ http://localhost:3000/_next/static/chunks/node_modules_next_dist_115brz8._.js:2436
[     146ms] [LOG] [PostHog.js] Persistence loaded sessionStorage {$sdk_debug_extensions_init_method: synchronous, $sdk_debug_extensions_init_time_ms: 1, $referrer: $direct, $referring_domain: $direct, $sdk_debug_replay_remote_trigger_matching_config: null} @ http://localhost:3000/_next/static/chunks/node_modules_next_dist_115brz8._.js:2436
[     147ms] [LOG] [PostHog.js] set_config {config: Object, oldConfig: Object, newConfig: Object} @ http://localhost:3000/_next/static/chunks/node_modules_next_dist_115brz8._.js:2436
[     147ms] [LOG] [PostHog.js] [SessionRecording] starting @ http://localhost:3000/_next/static/chunks/node_modules_next_dist_115brz8._.js:2436
[     147ms] [LOG] [PostHog.js] [ExceptionAutocapture] enabled @ http://localhost:3000/_next/static/chunks/node_modules_next_dist_115brz8._.js:2436
[     147ms] [LOG] [PostHog.js] [SessionRecording] starting @ http://localhost:3000/_next/static/chunks/node_modules_next_dist_115brz8._.js:2436
[     147ms] [LOG] [PostHog.js] [Surveys] flags response received, isSurveysEnabled: false @ http://localhost:3000/_next/static/chunks/node_modules_next_dist_115brz8._.js:2436
[     147ms] [LOG] [PostHog.js] [ExceptionAutocapture] enabled @ http://localhost:3000/_next/static/chunks/node_modules_next_dist_115brz8._.js:2436
[     163ms] [LOG] [HMR] connected @ http://localhost:3000/_next/static/chunks/node_modules_next_dist_115brz8._.js:2436
[     169ms] [LOG] [PostHog.js] [Surveys] Surveys loaded successfully @ http://localhost:3000/_next/static/chunks/node_modules_next_dist_115brz8._.js:2436
[    2209ms] [LOG] [PostHog.js] send "$snapshot" {uuid: 019eb1b4-098b-724c-a758-375c9701c50e, event: $snapshot, properties: Object, timestamp: Wed Jun 10 2026 18:53:46 GMT+0530 (India Standard Time)} @ http://localhost:3000/_next/static/chunks/node_modules_next_dist_115brz8._.js:2436
[    5167ms] [LOG] [PostHog.js] send "$web_vitals" {uuid: 019eb1b4-1518-7673-820f-45a5caf3bd54, event: $web_vitals, properties: Object, timestamp: Wed Jun 10 2026 18:53:49 GMT+0530 (India Standard Time)} @ http://localhost:3000/_next/static/chunks/node_modules_next_dist_115brz8._.js:2436
[    7553ms] [LOG] [PostHog.js] send "$snapshot" {uuid: 019eb1b4-1e6c-7abc-803e-f9dd362e585d, event: $snapshot, properties: Object, timestamp: Wed Jun 10 2026 18:53:52 GMT+0530 (India Standard Time)} @ http://localhost:3000/_next/static/chunks/node_modules_next_dist_115brz8._.js:2436
[  133414ms] [LOG] [PostHog.js] send "$snapshot" {uuid: 019eb1b6-0a11-700d-b649-a13ba0b5f5a5, event: $snapshot, properties: Object, timestamp: Wed Jun 10 2026 18:55:57 GMT+0530 (India Standard Time)} @ http://localhost:3000/_next/static/chunks/node_modules_next_dist_115brz8._.js:2436
[  135133ms] [LOG] [PostHog.js] send "$$heatmap" {uuid: 019eb1b6-10c5-75dc-83a6-5c7001d50769, event: $$heatmap, properties: Object, timestamp: Wed Jun 10 2026 18:55:59 GMT+0530 (India Standard Time)} @ http://localhost:3000/_next/static/chunks/node_modules_next_dist_115brz8._.js:2436
[  135419ms] [LOG] [PostHog.js] send "$snapshot" {uuid: 019eb1b6-11e5-70c6-8cb3-5f253c2d3cb6, event: $snapshot, properties: Object, timestamp: Wed Jun 10 2026 18:55:59 GMT+0530 (India Standard Time)} @ http://localhost:3000/_next/static/chunks/node_modules_next_dist_115brz8._.js:2436
[  137548ms] [LOG] [PostHog.js] send "$snapshot" {uuid: 019eb1b6-1a37-7aba-b820-68eb6ee89c60, event: $snapshot, properties: Object, timestamp: Wed Jun 10 2026 18:56:02 GMT+0530 (India Standard Time)} @ http://localhost:3000/_next/static/chunks/node_modules_next_dist_115brz8._.js:2436
[  139983ms] [LOG] [PostHog.js] send "$snapshot" {uuid: 019eb1b6-23ba-7602-9401-c4808dcce1dd, event: $snapshot, properties: Object, timestamp: Wed Jun 10 2026 18:56:04 GMT+0530 (India Standard Time)} @ http://localhost:3000/_next/static/chunks/node_modules_next_dist_115brz8._.js:2436
[  140132ms] [LOG] [PostHog.js] send "$$heatmap" {uuid: 019eb1b6-244d-7d04-8074-4bd478dbdee9, event: $$heatmap, properties: Object, timestamp: Wed Jun 10 2026 18:56:04 GMT+0530 (India Standard Time)} @ http://localhost:3000/_next/static/chunks/node_modules_next_dist_115brz8._.js:2436
[  141988ms] [LOG] [PostHog.js] send "$snapshot" {uuid: 019eb1b6-2b8f-7f9d-8c8e-5533cc60ba64, event: $snapshot, properties: Object, timestamp: Wed Jun 10 2026 18:56:06 GMT+0530 (India Standard Time)} @ http://localhost:3000/_next/static/chunks/node_modules_next_dist_115brz8._.js:2436
[  145132ms] [LOG] [PostHog.js] send "$$heatmap" {uuid: 019eb1b6-37d5-790e-927b-ddf01bb1f7ef, event: $$heatmap, properties: Object, timestamp: Wed Jun 10 2026 18:56:09 GMT+0530 (India Standard Time)} @ http://localhost:3000/_next/static/chunks/node_modules_next_dist_115brz8._.js:2436
[  146224ms] [LOG] [PostHog.js] send "$snapshot" {uuid: 019eb1b6-3c1b-7d2f-8808-58564bb27189, event: $snapshot, properties: Object, timestamp: Wed Jun 10 2026 18:56:10 GMT+0530 (India Standard Time)} @ http://localhost:3000/_next/static/chunks/node_modules_next_dist_115brz8._.js:2436
[  150132ms] [LOG] [PostHog.js] send "$$heatmap" {uuid: 019eb1b6-4b5d-7bb5-b3f0-6a19c32ad8e6, event: $$heatmap, properties: Object, timestamp: Wed Jun 10 2026 18:56:14 GMT+0530 (India Standard Time)} @ http://localhost:3000/_next/static/chunks/node_modules_next_dist_115brz8._.js:2436
[  160891ms] [ERROR] WebSocket connection to 'ws://localhost:3000/_next/webpack-hmr?id=7sw8n0mGN1E1LYk0tA82t' failed: Error in connection establishment: net::ERR_CONNECTION_REFUSED @ http://localhost:3000/_next/static/chunks/node_modules_next_dist_client_0fhqo1d._.js:13298
[  161896ms] [ERROR] WebSocket connection to 'ws://localhost:3000/_next/webpack-hmr?id=7sw8n0mGN1E1LYk0tA82t' failed: Error in connection establishment: net::ERR_CONNECTION_REFUSED @ http://localhost:3000/_next/static/chunks/node_modules_next_dist_client_0fhqo1d._.js:13298
[  162900ms] [LOG] [HMR] connected @ http://localhost:3000/_next/static/chunks/node_modules_next_dist_115brz8._.js:2436
[  162901ms] [LOG] [PostHog.js] send "$snapshot" {uuid: 019eb1b6-7d40-7145-bb31-a228137c45a1, event: $snapshot, properties: Object, timestamp: Wed Jun 10 2026 18:56:27 GMT+0530 (India Standard Time)} @ http://localhost:3000/_next/static/chunks/node_modules_next_dist_115brz8._.js:2436
[  163179ms] [LOG] [PostHog.js] send "$pageleave" {uuid: 019eb1b6-7e56-7dae-ad95-d318c0a6fc4b, event: $pageleave, properties: Object, timestamp: Wed Jun 10 2026 18:56:27 GMT+0530 (India Standard Time)} @ http://localhost:3000/_next/static/chunks/node_modules_next_dist_115brz8._.js:2436
[  163228ms] [LOG] [PostHog.js] set_config {config: Object, oldConfig: Object, newConfig: Object} @ http://localhost:3000/_next/static/chunks/node_modules_posthog-js_dist_module_0p1-w_7.js:1019
[  163229ms] [LOG] [PostHog.js] Persistence loaded localStorage+cookie {$device_id: 019eb1b2-9d5a-7971-9c96-b85b88808cb7, distinct_id: 019eb1b2-9d5a-7971-9c96-b85b88808cb7, $sesid: Array(3), $epp: true, $initial_person_info: Object} @ http://localhost:3000/_next/static/chunks/node_modules_posthog-js_dist_module_0p1-w_7.js:1019
[  163229ms] [LOG] [PostHog.js] Persistence loaded sessionStorage {$sdk_debug_extensions_init_method: synchronous, $sdk_debug_extensions_init_time_ms: 1, $referrer: $direct, $referring_domain: $direct, $sdk_debug_replay_remote_trigger_matching_config: null} @ http://localhost:3000/_next/static/chunks/node_modules_posthog-js_dist_module_0p1-w_7.js:1019
[  163229ms] [LOG] [PostHog.js] Initializing extensions synchronously @ http://localhost:3000/_next/static/chunks/node_modules_posthog-js_dist_module_0p1-w_7.js:1019
[  163230ms] [LOG] [PostHog.js] [Web Vitals] enabled, starting... @ http://localhost:3000/_next/static/chunks/node_modules_posthog-js_dist_module_0p1-w_7.js:1019
[  163230ms] [LOG] [PostHog.js] [ExceptionAutocapture] enabled @ http://localhost:3000/_next/static/chunks/node_modules_posthog-js_dist_module_0p1-w_7.js:1019
[  163230ms] [LOG] [PostHog.js] History API monitoring enabled, starting... @ http://localhost:3000/_next/static/chunks/node_modules_posthog-js_dist_module_0p1-w_7.js:1019
[  163230ms] [LOG] [PostHog.js] [SessionRecording] starting @ http://localhost:3000/_next/static/chunks/node_modules_posthog-js_dist_module_0p1-w_7.js:1019
[  163231ms] [LOG] [PostHog.js] [Heatmaps] starting... @ http://localhost:3000/_next/static/chunks/node_modules_posthog-js_dist_module_0p1-w_7.js:1019
[  163231ms] [LOG] [PostHog.js] Starting in debug mode {this: qn, config: Object, thisC: Object, p: Object, s: Object} @ http://localhost:3000/_next/static/chunks/node_modules_posthog-js_dist_module_0p1-w_7.js:1019
[  163232ms] [LOG] [PostHog.js] send "$set" {uuid: 019eb1b6-7e8b-7eca-a079-7e6187821271, event: $set, properties: Object, $set_once: Object, timestamp: Wed Jun 10 2026 18:56:27 GMT+0530 (India Standard Time)} @ http://localhost:3000/_next/static/chunks/node_modules_posthog-js_dist_module_0p1-w_7.js:1019
[  163234ms] [INFO] %cDownload the React DevTools for a better development experience: https://react.dev/link/react-devtools font-weight:bold @ http://localhost:3000/_next/static/chunks/node_modules_next_dist_115brz8._.js:2436
[  163248ms] [LOG] [PostHog.js] [Dead Clicks] starting... @ http://localhost:3000/_next/static/chunks/node_modules_next_dist_115brz8._.js:2436
[  163249ms] [LOG] [PostHog.js] Persistence loaded sessionStorage {$sdk_debug_extensions_init_method: synchronous, $sdk_debug_extensions_init_time_ms: 1, $referrer: $direct, $referring_domain: $direct, $sdk_debug_replay_remote_trigger_matching_config: null} @ http://localhost:3000/_next/static/chunks/node_modules_next_dist_115brz8._.js:2436
[  163249ms] [LOG] [PostHog.js] set_config {config: Object, oldConfig: Object, newConfig: Object} @ http://localhost:3000/_next/static/chunks/node_modules_next_dist_115brz8._.js:2436
[  163249ms] [LOG] [PostHog.js] [ExceptionAutocapture] enabled @ http://localhost:3000/_next/static/chunks/node_modules_next_dist_115brz8._.js:2436
[  163249ms] [LOG] [PostHog.js] [Surveys] flags response received, isSurveysEnabled: false @ http://localhost:3000/_next/static/chunks/node_modules_next_dist_115brz8._.js:2436
[  163249ms] [LOG] [PostHog.js] [ExceptionAutocapture] enabled @ http://localhost:3000/_next/static/chunks/node_modules_next_dist_115brz8._.js:2436
[  163255ms] [LOG] [PostHog.js] send "$pageview" {uuid: 019eb1b6-7ea2-7e8e-a2c4-325420c002d8, event: $pageview, properties: Object, timestamp: Wed Jun 10 2026 18:56:27 GMT+0530 (India Standard Time)} @ http://localhost:3000/_next/static/chunks/node_modules_next_dist_115brz8._.js:2436
[  163259ms] [LOG] [PostHog.js] [Surveys] Surveys loaded successfully @ http://localhost:3000/_next/static/chunks/node_modules_next_dist_115brz8._.js:2436
[  163264ms] [LOG] [HMR] connected @ http://localhost:3000/_next/static/chunks/node_modules_next_dist_115brz8._.js:2436
[  165287ms] [LOG] [PostHog.js] send "$snapshot" {uuid: 019eb1b6-8691-7ae0-984e-704c82c09d89, event: $snapshot, properties: Object, timestamp: Wed Jun 10 2026 18:56:29 GMT+0530 (India Standard Time)} @ http://localhost:3000/_next/static/chunks/node_modules_next_dist_115brz8._.js:2436
[  168273ms] [LOG] [PostHog.js] send "$web_vitals" {uuid: 019eb1b6-923a-7b4f-8cec-cb7c89fba894, event: $web_vitals, properties: Object, timestamp: Wed Jun 10 2026 18:56:32 GMT+0530 (India Standard Time)} @ http://localhost:3000/_next/static/chunks/node_modules_next_dist_115brz8._.js:2436
[  463286ms] [LOG] [PostHog.js] send "$snapshot" {uuid: 019eb1bb-129f-7271-8e47-dea1219d52ec, event: $snapshot, properties: Object, timestamp: Wed Jun 10 2026 19:01:27 GMT+0530 (India Standard Time)} @ http://localhost:3000/_next/static/chunks/node_modules_next_dist_115brz8._.js:2436
[  620740ms] [LOG] [PostHog.js] send "$snapshot" {uuid: 019eb1bd-79af-789c-8aca-73c1ec239f8e, event: $snapshot, properties: Object, timestamp: Wed Jun 10 2026 19:04:05 GMT+0530 (India Standard Time)} @ http://localhost:3000/_next/static/chunks/node_modules_next_dist_115brz8._.js:2436
[  623267ms] [LOG] [PostHog.js] send "$$heatmap" {uuid: 019eb1bd-838d-732d-93cc-d3a7b199ad9b, event: $$heatmap, properties: Object, timestamp: Wed Jun 10 2026 19:04:07 GMT+0530 (India Standard Time)} @ http://localhost:3000/_next/static/chunks/node_modules_next_dist_115brz8._.js:2436
[  630453ms] [ERROR] WebSocket connection to 'ws://localhost:3000/_next/webpack-hmr?id=4z9QPqQURu0FMU3KQFniS' failed: Error in connection establishment: net::ERR_CONNECTION_REFUSED @ http://localhost:3000/_next/static/chunks/node_modules_next_dist_client_0fhqo1d._.js:13298
[  631458ms] [ERROR] WebSocket connection to 'ws://localhost:3000/_next/webpack-hmr?id=4z9QPqQURu0FMU3KQFniS' failed: Error in connection establishment: net::ERR_CONNECTION_REFUSED @ http://localhost:3000/_next/static/chunks/node_modules_next_dist_client_0fhqo1d._.js:13298
[  632461ms] [ERROR] WebSocket connection to 'ws://localhost:3000/_next/webpack-hmr?id=4z9QPqQURu0FMU3KQFniS' failed: Error in connection establishment: net::ERR_CONNECTION_REFUSED @ http://localhost:3000/_next/static/chunks/node_modules_next_dist_client_0fhqo1d._.js:13298
[  633467ms] [ERROR] WebSocket connection to 'ws://localhost:3000/_next/webpack-hmr?id=4z9QPqQURu0FMU3KQFniS' failed: Error in connection establishment: net::ERR_CONNECTION_REFUSED @ http://localhost:3000/_next/static/chunks/node_modules_next_dist_client_0fhqo1d._.js:13298
[  634473ms] [ERROR] WebSocket connection to 'ws://localhost:3000/_next/webpack-hmr?id=4z9QPqQURu0FMU3KQFniS' failed: Error in connection establishment: net::ERR_CONNECTION_REFUSED @ http://localhost:3000/_next/static/chunks/node_modules_next_dist_client_0fhqo1d._.js:13298
[  639479ms] [ERROR] WebSocket connection to 'ws://localhost:3000/_next/webpack-hmr?id=4z9QPqQURu0FMU3KQFniS' failed: Error in connection establishment: net::ERR_CONNECTION_REFUSED @ http://localhost:3000/_next/static/chunks/node_modules_next_dist_client_0fhqo1d._.js:13298
[  644491ms] [ERROR] WebSocket connection to 'ws://localhost:3000/_next/webpack-hmr?id=4z9QPqQURu0FMU3KQFniS' failed: Error in connection establishment: net::ERR_CONNECTION_REFUSED @ http://localhost:3000/_next/static/chunks/node_modules_next_dist_client_0fhqo1d._.js:13298
[  649507ms] [ERROR] WebSocket connection to 'ws://localhost:3000/_next/webpack-hmr?id=4z9QPqQURu0FMU3KQFniS' failed: Error in connection establishment: net::ERR_CONNECTION_REFUSED @ http://localhost:3000/_next/static/chunks/node_modules_next_dist_client_0fhqo1d._.js:13298
[  654553ms] [ERROR] WebSocket connection to 'ws://localhost:3000/_next/webpack-hmr?id=4z9QPqQURu0FMU3KQFniS' failed: Error in connection establishment: net::ERR_CONNECTION_REFUSED @ http://localhost:3000/_next/static/chunks/node_modules_next_dist_client_0fhqo1d._.js:13298
[  659620ms] [ERROR] WebSocket connection to 'ws://localhost:3000/_next/webpack-hmr?id=4z9QPqQURu0FMU3KQFniS' failed: Error in connection establishment: net::ERR_CONNECTION_REFUSED @ http://localhost:3000/_next/static/chunks/node_modules_next_dist_client_0fhqo1d._.js:13298
[  664669ms] [ERROR] WebSocket connection to 'ws://localhost:3000/_next/webpack-hmr?id=4z9QPqQURu0FMU3KQFniS' failed: Error in connection establishment: net::ERR_CONNECTION_REFUSED @ http://localhost:3000/_next/static/chunks/node_modules_next_dist_client_0fhqo1d._.js:13298
[  669838ms] [ERROR] WebSocket connection to 'ws://localhost:3000/_next/webpack-hmr?id=4z9QPqQURu0FMU3KQFniS' failed: Error in connection establishment: net::ERR_CONNECTION_REFUSED @ http://localhost:3000/_next/static/chunks/node_modules_next_dist_client_0fhqo1d._.js:13298
