[     116ms] [LOG] [PostHog.js] set_config {config: Object, oldConfig: Object, newConfig: Object} @ http://localhost:3000/_next/static/chunks/node_modules_posthog-js_dist_module_0p1-w_7.js:1019
[     116ms] [LOG] [PostHog.js] Persistence loaded localStorage+cookie {$device_id: 019eb1b2-9d5a-7971-9c96-b85b88808cb7, distinct_id: 019eb1b2-9d5a-7971-9c96-b85b88808cb7, $sesid: Array(3), $epp: true, $initial_person_info: Object} @ http://localhost:3000/_next/static/chunks/node_modules_posthog-js_dist_module_0p1-w_7.js:1019
[     118ms] [LOG] [PostHog.js] Persistence loaded sessionStorage {} @ http://localhost:3000/_next/static/chunks/node_modules_posthog-js_dist_module_0p1-w_7.js:1019
[     118ms] [LOG] [PostHog.js] Initializing extensions synchronously @ http://localhost:3000/_next/static/chunks/node_modules_posthog-js_dist_module_0p1-w_7.js:1019
[     118ms] [LOG] [PostHog.js] [Web Vitals] enabled, starting... @ http://localhost:3000/_next/static/chunks/node_modules_posthog-js_dist_module_0p1-w_7.js:1019
[     119ms] [LOG] [PostHog.js] [ExceptionAutocapture] enabled @ http://localhost:3000/_next/static/chunks/node_modules_posthog-js_dist_module_0p1-w_7.js:1019
[     119ms] [LOG] [PostHog.js] History API monitoring enabled, starting... @ http://localhost:3000/_next/static/chunks/node_modules_posthog-js_dist_module_0p1-w_7.js:1019
[     119ms] [LOG] [PostHog.js] [SessionRecording] starting @ http://localhost:3000/_next/static/chunks/node_modules_posthog-js_dist_module_0p1-w_7.js:1019
[     119ms] [LOG] [PostHog.js] [Heatmaps] starting... @ http://localhost:3000/_next/static/chunks/node_modules_posthog-js_dist_module_0p1-w_7.js:1019
[     120ms] [LOG] [PostHog.js] Starting in debug mode {this: qn, config: Object, thisC: Object, p: Object, s: Object} @ http://localhost:3000/_next/static/chunks/node_modules_posthog-js_dist_module_0p1-w_7.js:1019
[     136ms] [LOG] [PostHog.js] [SessionId] new session ID generated {sessionId: 019eb277-41be-768f-b998-3612a636f6e7, windowId: 019eb277-41be-768f-b998-36136a1f5c4a, changeReason: Object} @ http://localhost:3000/_next/static/chunks/node_modules_posthog-js_dist_module_0p1-w_7.js:1019
[     136ms] [LOG] [PostHog.js] send "$set" {uuid: 019eb277-41b1-70f1-8d1d-29fcc9a5ae9d, event: $set, properties: Object, $set_once: Object, timestamp: Wed Jun 10 2026 22:27:00 GMT+0530 (India Standard Time)} @ http://localhost:3000/_next/static/chunks/node_modules_posthog-js_dist_module_0p1-w_7.js:1019
[     137ms] [LOG] [Client Instrumentation Hook] Slow execution detected: 30ms (Note: Code download overhead is not included in this measurement) @ http://localhost:3000/_next/static/chunks/node_modules_next_dist_115brz8._.js:1644
[     141ms] [INFO] %cDownload the React DevTools for a better development experience: https://react.dev/link/react-devtools font-weight:bold @ http://localhost:3000/_next/static/chunks/node_modules_next_dist_115brz8._.js:2436
[     157ms] [LOG] [PostHog.js] send "$pageview" {uuid: 019eb277-41d2-73e5-8eab-199e043dcaf7, event: $pageview, properties: Object, timestamp: Wed Jun 10 2026 22:27:00 GMT+0530 (India Standard Time)} @ http://localhost:3000/_next/static/chunks/node_modules_next_dist_115brz8._.js:2436
[     162ms] [LOG] [PostHog.js] [Dead Clicks] starting... @ http://localhost:3000/_next/static/chunks/node_modules_next_dist_115brz8._.js:2436
[     169ms] [LOG] [PostHog.js] [SessionRecording] persisted remote config is stale, requesting fresh config before starting @ http://localhost:3000/_next/static/chunks/node_modules_next_dist_115brz8._.js:2436
[     177ms] [LOG] [HMR] connected @ http://localhost:3000/_next/static/chunks/node_modules_next_dist_115brz8._.js:2436
[     336ms] [LOG] [PostHog.js] Persistence loaded sessionStorage {$sdk_debug_extensions_init_method: synchronous, $sdk_debug_extensions_init_time_ms: 2, $referrer: $direct, $referring_domain: $direct} @ http://localhost:3000/_next/static/chunks/node_modules_next_dist_115brz8._.js:2436
[     337ms] [LOG] [PostHog.js] set_config {config: Object, oldConfig: Object, newConfig: Object} @ http://localhost:3000/_next/static/chunks/node_modules_next_dist_115brz8._.js:2436
[     337ms] [LOG] [PostHog.js] [SessionRecording] starting @ http://localhost:3000/_next/static/chunks/node_modules_next_dist_115brz8._.js:2436
[     337ms] [LOG] [PostHog.js] [ExceptionAutocapture] enabled @ http://localhost:3000/_next/static/chunks/node_modules_next_dist_115brz8._.js:2436
[     348ms] [LOG] [PostHog.js] [SessionRecording] starting @ http://localhost:3000/_next/static/chunks/node_modules_next_dist_115brz8._.js:2436
[     348ms] [LOG] [PostHog.js] [Surveys] flags response received, isSurveysEnabled: false @ http://localhost:3000/_next/static/chunks/node_modules_next_dist_115brz8._.js:2436
[     348ms] [LOG] [PostHog.js] [ExceptionAutocapture] enabled @ http://localhost:3000/_next/static/chunks/node_modules_next_dist_115brz8._.js:2436
[     349ms] [LOG] [PostHog.js] Persistence loaded sessionStorage {$sdk_debug_extensions_init_method: synchronous, $sdk_debug_extensions_init_time_ms: 2, $referrer: $direct, $referring_domain: $direct, $sdk_debug_replay_remote_trigger_matching_config: null} @ http://localhost:3000/_next/static/chunks/node_modules_next_dist_115brz8._.js:2436
[     350ms] [LOG] [PostHog.js] set_config {config: Object, oldConfig: Object, newConfig: Object} @ http://localhost:3000/_next/static/chunks/node_modules_next_dist_115brz8._.js:2436
[     350ms] [LOG] [PostHog.js] [ExceptionAutocapture] enabled @ http://localhost:3000/_next/static/chunks/node_modules_next_dist_115brz8._.js:2436
[     350ms] [LOG] [PostHog.js] [Surveys] flags response received, isSurveysEnabled: false @ http://localhost:3000/_next/static/chunks/node_modules_next_dist_115brz8._.js:2436
[     350ms] [LOG] [PostHog.js] [ExceptionAutocapture] enabled @ http://localhost:3000/_next/static/chunks/node_modules_next_dist_115brz8._.js:2436
[     354ms] [LOG] [PostHog.js] [Surveys] Surveys loaded successfully @ http://localhost:3000/_next/static/chunks/node_modules_next_dist_115brz8._.js:2436
[     354ms] [LOG] [PostHog.js] [Surveys] Surveys loaded successfully @ http://localhost:3000/_next/static/chunks/node_modules_next_dist_115brz8._.js:2436
[     354ms] [LOG] [PostHog.js] [Surveys] Surveys loaded successfully @ http://localhost:3000/_next/static/chunks/node_modules_next_dist_115brz8._.js:2436
[    5174ms] [LOG] [PostHog.js] send "$web_vitals" {uuid: 019eb277-556b-7d88-b310-d9a4ae8207a4, event: $web_vitals, properties: Object, timestamp: Wed Jun 10 2026 22:27:05 GMT+0530 (India Standard Time)} @ http://localhost:3000/_next/static/chunks/node_modules_next_dist_115brz8._.js:2436
[    9098ms] [LOG] [PostHog.js] send "$snapshot" {uuid: 019eb277-64bf-7e4e-b69a-d7ac4e46cbb3, event: $snapshot, properties: Object, timestamp: Wed Jun 10 2026 22:27:09 GMT+0530 (India Standard Time)} @ http://localhost:3000/_next/static/chunks/node_modules_next_dist_115brz8._.js:2436
[   15028ms] [LOG] [PostHog.js] send "$snapshot" {uuid: 019eb277-7bea-73a5-9b99-bd9be21bc86a, event: $snapshot, properties: Object, timestamp: Wed Jun 10 2026 22:27:15 GMT+0530 (India Standard Time)} @ http://localhost:3000/_next/static/chunks/node_modules_next_dist_115brz8._.js:2436
[   15122ms] [LOG] [PostHog.js] send "$$heatmap" {uuid: 019eb277-7c47-7af4-ae71-8792a3d13a26, event: $$heatmap, properties: Object, timestamp: Wed Jun 10 2026 22:27:15 GMT+0530 (India Standard Time)} @ http://localhost:3000/_next/static/chunks/node_modules_next_dist_115brz8._.js:2436
[   17070ms] [LOG] [PostHog.js] send "$snapshot" {uuid: 019eb277-83e4-7ef2-bdd6-9d3b7f0d4faf, event: $snapshot, properties: Object, timestamp: Wed Jun 10 2026 22:27:17 GMT+0530 (India Standard Time)} @ http://localhost:3000/_next/static/chunks/node_modules_next_dist_115brz8._.js:2436
[   18585ms] [LOG] [PostHog.js] send "$web_vitals" {uuid: 019eb277-89ce-73f7-ada9-c0570612e609, event: $web_vitals, properties: Object, timestamp: Wed Jun 10 2026 22:27:19 GMT+0530 (India Standard Time)} @ http://localhost:3000/_next/static/chunks/node_modules_next_dist_115brz8._.js:2436
[   20121ms] [LOG] [PostHog.js] send "$$heatmap" {uuid: 019eb277-8fcf-7fd7-9fc2-54a8da041677, event: $$heatmap, properties: Object, timestamp: Wed Jun 10 2026 22:27:20 GMT+0530 (India Standard Time)} @ http://localhost:3000/_next/static/chunks/node_modules_next_dist_115brz8._.js:2436
[   20252ms] [LOG] [PostHog.js] send "$snapshot" {uuid: 019eb277-9052-782a-81ff-a0b718134d7b, event: $snapshot, properties: Object, timestamp: Wed Jun 10 2026 22:27:20 GMT+0530 (India Standard Time)} @ http://localhost:3000/_next/static/chunks/node_modules_next_dist_115brz8._.js:2436
[   22497ms] [LOG] [PostHog.js] send "$snapshot" {uuid: 019eb277-9916-783b-be7f-85bcf26695a0, event: $snapshot, properties: Object, timestamp: Wed Jun 10 2026 22:27:22 GMT+0530 (India Standard Time)} @ http://localhost:3000/_next/static/chunks/node_modules_next_dist_115brz8._.js:2436
[   25021ms] [LOG] [PostHog.js] send "$snapshot" {uuid: 019eb277-a2f3-7349-af9a-3b27aaf7019d, event: $snapshot, properties: Object, timestamp: Wed Jun 10 2026 22:27:25 GMT+0530 (India Standard Time)} @ http://localhost:3000/_next/static/chunks/node_modules_next_dist_115brz8._.js:2436
[   25125ms] [LOG] [PostHog.js] send "$$heatmap" {uuid: 019eb277-a359-74bf-86cb-038ce4d2b80d, event: $$heatmap, properties: Object, timestamp: Wed Jun 10 2026 22:27:25 GMT+0530 (India Standard Time)} @ http://localhost:3000/_next/static/chunks/node_modules_next_dist_115brz8._.js:2436
[  110708ms] [LOG] [Fast Refresh] rebuilding @ http://localhost:3000/_next/static/chunks/node_modules_next_dist_115brz8._.js:2436
[  112610ms] [LOG] [PostHog.js] send "$snapshot" {uuid: 019eb278-f918-7430-a954-290f2bb5be4b, event: $snapshot, properties: Object, timestamp: Wed Jun 10 2026 22:28:53 GMT+0530 (India Standard Time)} @ http://localhost:3000/_next/static/chunks/node_modules_next_dist_115brz8._.js:2436
[  112932ms] [LOG] [Fast Refresh] done in 2291ms @ http://localhost:3000/_next/static/chunks/node_modules_next_dist_115brz8._.js:2436
[  114936ms] [LOG] [PostHog.js] send "$snapshot" {uuid: 019eb279-022e-793d-ab3d-75a481a57a1b, event: $snapshot, properties: Object, timestamp: Wed Jun 10 2026 22:28:55 GMT+0530 (India Standard Time)} @ http://localhost:3000/_next/static/chunks/node_modules_next_dist_115brz8._.js:2436
[  117156ms] [LOG] [Fast Refresh] rebuilding @ http://localhost:3000/_next/static/chunks/node_modules_next_dist_115brz8._.js:2436
[  117613ms] [LOG] [Fast Refresh] done in 528ms @ http://localhost:3000/_next/static/chunks/node_modules_next_dist_115brz8._.js:2436
[  119059ms] [LOG] [PostHog.js] send "$snapshot" {uuid: 019eb279-1249-7073-9ca0-758b4649352f, event: $snapshot, properties: Object, timestamp: Wed Jun 10 2026 22:28:59 GMT+0530 (India Standard Time)} @ http://localhost:3000/_next/static/chunks/node_modules_next_dist_115brz8._.js:2436
[  143870ms] [ERROR] WebSocket connection to 'ws://localhost:3000/_next/webpack-hmr?id=LhYr0bH_EovvW_lHZNxrO' failed: Error in connection establishment: net::ERR_CONNECTION_REFUSED @ http://localhost:3000/_next/static/chunks/node_modules_next_dist_client_0fhqo1d._.js:13298
[  144874ms] [ERROR] WebSocket connection to 'ws://localhost:3000/_next/webpack-hmr?id=LhYr0bH_EovvW_lHZNxrO' failed: Error in connection establishment: net::ERR_CONNECTION_REFUSED @ http://localhost:3000/_next/static/chunks/node_modules_next_dist_client_0fhqo1d._.js:13298
[  145877ms] [ERROR] WebSocket connection to 'ws://localhost:3000/_next/webpack-hmr?id=LhYr0bH_EovvW_lHZNxrO' failed: Error in connection establishment: net::ERR_CONNECTION_REFUSED @ http://localhost:3000/_next/static/chunks/node_modules_next_dist_client_0fhqo1d._.js:13298
[  147193ms] [LOG] [HMR] connected @ http://localhost:3000/_next/static/chunks/node_modules_next_dist_115brz8._.js:2436
[  147194ms] [LOG] [PostHog.js] send "$snapshot" {uuid: 019eb279-8030-7d1f-af7b-77674604fe84, event: $snapshot, properties: Object, timestamp: Wed Jun 10 2026 22:29:27 GMT+0530 (India Standard Time)} @ http://localhost:3000/_next/static/chunks/node_modules_next_dist_115brz8._.js:2436
[  147273ms] [WARNING] [PostHog.js]  cannot be  greater than max: 1. Using max value instead. @ http://localhost:3000/_next/static/chunks/node_modules_next_dist_115brz8._.js:2436
[  147273ms] [WARNING] [PostHog.js]  cannot be  greater than max: 1. Using max value instead. @ http://localhost:3000/_next/static/chunks/node_modules_next_dist_115brz8._.js:2436
[  147273ms] [LOG] [PostHog.js] send "$pageleave" {uuid: 019eb279-807e-7da2-9683-2bd7685307f8, event: $pageleave, properties: Object, timestamp: Wed Jun 10 2026 22:29:27 GMT+0530 (India Standard Time)} @ http://localhost:3000/_next/static/chunks/node_modules_next_dist_115brz8._.js:2436
[  147387ms] [LOG] [PostHog.js] set_config {config: Object, oldConfig: Object, newConfig: Object} @ http://localhost:3000/_next/static/chunks/node_modules_posthog-js_dist_module_0p1-w_7.js:1019
[  147387ms] [LOG] [PostHog.js] Persistence loaded localStorage+cookie {$device_id: 019eb1b2-9d5a-7971-9c96-b85b88808cb7, distinct_id: 019eb1b2-9d5a-7971-9c96-b85b88808cb7, $sesid: Array(3), $epp: true, $initial_person_info: Object} @ http://localhost:3000/_next/static/chunks/node_modules_posthog-js_dist_module_0p1-w_7.js:1019
[  147389ms] [LOG] [PostHog.js] Persistence loaded sessionStorage {$sdk_debug_extensions_init_method: synchronous, $sdk_debug_extensions_init_time_ms: 2, $referrer: $direct, $referring_domain: $direct, $sdk_debug_replay_remote_trigger_matching_config: null} @ http://localhost:3000/_next/static/chunks/node_modules_posthog-js_dist_module_0p1-w_7.js:1019
[  147390ms] [LOG] [PostHog.js] Initializing extensions synchronously @ http://localhost:3000/_next/static/chunks/node_modules_posthog-js_dist_module_0p1-w_7.js:1019
[  147390ms] [LOG] [PostHog.js] [Web Vitals] enabled, starting... @ http://localhost:3000/_next/static/chunks/node_modules_posthog-js_dist_module_0p1-w_7.js:1019
[  147390ms] [LOG] [PostHog.js] [ExceptionAutocapture] enabled @ http://localhost:3000/_next/static/chunks/node_modules_posthog-js_dist_module_0p1-w_7.js:1019
[  147391ms] [LOG] [PostHog.js] History API monitoring enabled, starting... @ http://localhost:3000/_next/static/chunks/node_modules_posthog-js_dist_module_0p1-w_7.js:1019
[  147391ms] [LOG] [PostHog.js] [SessionRecording] starting @ http://localhost:3000/_next/static/chunks/node_modules_posthog-js_dist_module_0p1-w_7.js:1019
[  147391ms] [LOG] [PostHog.js] [Heatmaps] starting... @ http://localhost:3000/_next/static/chunks/node_modules_posthog-js_dist_module_0p1-w_7.js:1019
[  147392ms] [LOG] [PostHog.js] Starting in debug mode {this: qn, config: Object, thisC: Object, p: Object, s: Object} @ http://localhost:3000/_next/static/chunks/node_modules_posthog-js_dist_module_0p1-w_7.js:1019
[  147398ms] [LOG] [PostHog.js] send "$set" {uuid: 019eb279-80fb-7699-ba8d-37f341003421, event: $set, properties: Object, $set_once: Object, timestamp: Wed Jun 10 2026 22:29:27 GMT+0530 (India Standard Time)} @ http://localhost:3000/_next/static/chunks/node_modules_posthog-js_dist_module_0p1-w_7.js:1019
[  147399ms] [LOG] [Client Instrumentation Hook] Slow execution detected: 17ms (Note: Code download overhead is not included in this measurement) @ http://localhost:3000/_next/static/chunks/node_modules_next_dist_115brz8._.js:1644
[  147402ms] [INFO] %cDownload the React DevTools for a better development experience: https://react.dev/link/react-devtools font-weight:bold @ http://localhost:3000/_next/static/chunks/node_modules_next_dist_115brz8._.js:2436
[  147419ms] [LOG] [PostHog.js] send "$pageview" {uuid: 019eb279-8111-7177-957f-0370391f285b, event: $pageview, properties: Object, timestamp: Wed Jun 10 2026 22:29:27 GMT+0530 (India Standard Time)} @ http://localhost:3000/_next/static/chunks/node_modules_next_dist_115brz8._.js:2436
[  147421ms] [LOG] [PostHog.js] [Dead Clicks] starting... @ http://localhost:3000/_next/static/chunks/node_modules_next_dist_115brz8._.js:2436
[  147442ms] [LOG] [HMR] connected @ http://localhost:3000/_next/static/chunks/node_modules_next_dist_115brz8._.js:2436
[  148173ms] [LOG] [PostHog.js] Persistence loaded sessionStorage {$sdk_debug_extensions_init_method: synchronous, $sdk_debug_extensions_init_time_ms: 2, $referrer: $direct, $referring_domain: $direct, $sdk_debug_replay_remote_trigger_matching_config: null} @ http://localhost:3000/_next/static/chunks/node_modules_next_dist_115brz8._.js:2436
[  148174ms] [LOG] [PostHog.js] set_config {config: Object, oldConfig: Object, newConfig: Object} @ http://localhost:3000/_next/static/chunks/node_modules_next_dist_115brz8._.js:2436
[  148174ms] [LOG] [PostHog.js] [ExceptionAutocapture] enabled @ http://localhost:3000/_next/static/chunks/node_modules_next_dist_115brz8._.js:2436
[  148175ms] [LOG] [PostHog.js] [Surveys] flags response received, isSurveysEnabled: false @ http://localhost:3000/_next/static/chunks/node_modules_next_dist_115brz8._.js:2436
[  148175ms] [LOG] [PostHog.js] [ExceptionAutocapture] enabled @ http://localhost:3000/_next/static/chunks/node_modules_next_dist_115brz8._.js:2436
[  148178ms] [LOG] [PostHog.js] [Surveys] Surveys loaded successfully @ http://localhost:3000/_next/static/chunks/node_modules_next_dist_115brz8._.js:2436
[  149498ms] [LOG] [PostHog.js] send "$snapshot" {uuid: 019eb279-892f-70a2-86ce-499fcdf01f7d, event: $snapshot, properties: Object, timestamp: Wed Jun 10 2026 22:29:29 GMT+0530 (India Standard Time)} @ http://localhost:3000/_next/static/chunks/node_modules_next_dist_115brz8._.js:2436
[  151527ms] [LOG] [PostHog.js] send "$snapshot" {uuid: 019eb279-911d-77bd-9988-b8535517cc9d, event: $snapshot, properties: Object, timestamp: Wed Jun 10 2026 22:29:31 GMT+0530 (India Standard Time)} @ http://localhost:3000/_next/static/chunks/node_modules_next_dist_115brz8._.js:2436
[  152447ms] [LOG] [PostHog.js] send "$web_vitals" {uuid: 019eb279-94b4-7739-ae82-fd68976f2ad7, event: $web_vitals, properties: Object, timestamp: Wed Jun 10 2026 22:29:32 GMT+0530 (India Standard Time)} @ http://localhost:3000/_next/static/chunks/node_modules_next_dist_115brz8._.js:2436
[  173310ms] [ERROR] WebSocket connection to 'ws://localhost:3000/_next/webpack-hmr?id=UwXPcE79B6YaBUuTZc477' failed: Error in connection establishment: net::ERR_CONNECTION_REFUSED @ http://localhost:3000/_next/static/chunks/node_modules_next_dist_client_0fhqo1d._.js:13298
[  174315ms] [ERROR] WebSocket connection to 'ws://localhost:3000/_next/webpack-hmr?id=UwXPcE79B6YaBUuTZc477' failed: Error in connection establishment: net::ERR_CONNECTION_REFUSED @ http://localhost:3000/_next/static/chunks/node_modules_next_dist_client_0fhqo1d._.js:13298
[  175318ms] [ERROR] WebSocket connection to 'ws://localhost:3000/_next/webpack-hmr?id=UwXPcE79B6YaBUuTZc477' failed: Error in connection establishment: net::ERR_CONNECTION_REFUSED @ http://localhost:3000/_next/static/chunks/node_modules_next_dist_client_0fhqo1d._.js:13298
[  176322ms] [ERROR] WebSocket connection to 'ws://localhost:3000/_next/webpack-hmr?id=UwXPcE79B6YaBUuTZc477' failed: Error in connection establishment: net::ERR_CONNECTION_REFUSED @ http://localhost:3000/_next/static/chunks/node_modules_next_dist_client_0fhqo1d._.js:13298
[  177326ms] [ERROR] WebSocket connection to 'ws://localhost:3000/_next/webpack-hmr?id=UwXPcE79B6YaBUuTZc477' failed: Error in connection establishment: net::ERR_CONNECTION_REFUSED @ http://localhost:3000/_next/static/chunks/node_modules_next_dist_client_0fhqo1d._.js:13298
[  182330ms] [ERROR] WebSocket connection to 'ws://localhost:3000/_next/webpack-hmr?id=UwXPcE79B6YaBUuTZc477' failed: Error in connection establishment: net::ERR_CONNECTION_REFUSED @ http://localhost:3000/_next/static/chunks/node_modules_next_dist_client_0fhqo1d._.js:13298
[  187335ms] [ERROR] WebSocket connection to 'ws://localhost:3000/_next/webpack-hmr?id=UwXPcE79B6YaBUuTZc477' failed: Error in connection establishment: net::ERR_CONNECTION_REFUSED @ http://localhost:3000/_next/static/chunks/node_modules_next_dist_client_0fhqo1d._.js:13298
[  192340ms] [ERROR] WebSocket connection to 'ws://localhost:3000/_next/webpack-hmr?id=UwXPcE79B6YaBUuTZc477' failed: Error in connection establishment: net::ERR_CONNECTION_REFUSED @ http://localhost:3000/_next/static/chunks/node_modules_next_dist_client_0fhqo1d._.js:13298
[  197345ms] [ERROR] WebSocket connection to 'ws://localhost:3000/_next/webpack-hmr?id=UwXPcE79B6YaBUuTZc477' failed: Error in connection establishment: net::ERR_CONNECTION_REFUSED @ http://localhost:3000/_next/static/chunks/node_modules_next_dist_client_0fhqo1d._.js:13298
[  202350ms] [ERROR] WebSocket connection to 'ws://localhost:3000/_next/webpack-hmr?id=UwXPcE79B6YaBUuTZc477' failed: Error in connection establishment: net::ERR_CONNECTION_REFUSED @ http://localhost:3000/_next/static/chunks/node_modules_next_dist_client_0fhqo1d._.js:13298
[  207355ms] [ERROR] WebSocket connection to 'ws://localhost:3000/_next/webpack-hmr?id=UwXPcE79B6YaBUuTZc477' failed: Error in connection establishment: net::ERR_CONNECTION_REFUSED @ http://localhost:3000/_next/static/chunks/node_modules_next_dist_client_0fhqo1d._.js:13298
[  256420ms] [ERROR] WebSocket connection to 'ws://localhost:3000/_next/webpack-hmr?id=UwXPcE79B6YaBUuTZc477' failed: Error in connection establishment: net::ERR_CONNECTION_REFUSED @ http://localhost:3000/_next/static/chunks/node_modules_next_dist_client_0fhqo1d._.js:13298
[130082290ms] [LOG] [PostHog.js] set_config {config: Object, oldConfig: Object, newConfig: Object} @ http://localhost:3000/_next/static/chunks/node_modules_posthog-js_dist_module_0p1-w_7.js:1019
[130082290ms] [LOG] [PostHog.js] Persistence loaded localStorage+cookie {$device_id: 019eb1b2-9d5a-7971-9c96-b85b88808cb7, distinct_id: 019eb1b2-9d5a-7971-9c96-b85b88808cb7, $sesid: Array(3), $epp: true, $initial_person_info: Object} @ http://localhost:3000/_next/static/chunks/node_modules_posthog-js_dist_module_0p1-w_7.js:1019
[130082291ms] [LOG] [PostHog.js] Persistence loaded sessionStorage {$sdk_debug_extensions_init_method: synchronous, $sdk_debug_extensions_init_time_ms: 2, $referrer: $direct, $referring_domain: $direct, $sdk_debug_replay_remote_trigger_matching_config: null} @ http://localhost:3000/_next/static/chunks/node_modules_posthog-js_dist_module_0p1-w_7.js:1019
[130082291ms] [LOG] [PostHog.js] Initializing extensions synchronously @ http://localhost:3000/_next/static/chunks/node_modules_posthog-js_dist_module_0p1-w_7.js:1019
[130082291ms] [LOG] [PostHog.js] [Web Vitals] enabled, starting... @ http://localhost:3000/_next/static/chunks/node_modules_posthog-js_dist_module_0p1-w_7.js:1019
[130082292ms] [LOG] [PostHog.js] [ExceptionAutocapture] enabled @ http://localhost:3000/_next/static/chunks/node_modules_posthog-js_dist_module_0p1-w_7.js:1019
[130082292ms] [LOG] [PostHog.js] History API monitoring enabled, starting... @ http://localhost:3000/_next/static/chunks/node_modules_posthog-js_dist_module_0p1-w_7.js:1019
[130082292ms] [LOG] [PostHog.js] [SessionRecording] starting @ http://localhost:3000/_next/static/chunks/node_modules_posthog-js_dist_module_0p1-w_7.js:1019
[130082292ms] [LOG] [PostHog.js] [Heatmaps] starting... @ http://localhost:3000/_next/static/chunks/node_modules_posthog-js_dist_module_0p1-w_7.js:1019
[130082292ms] [LOG] [PostHog.js] Starting in debug mode {this: qn, config: Object, thisC: Object, p: Object, s: Object} @ http://localhost:3000/_next/static/chunks/node_modules_posthog-js_dist_module_0p1-w_7.js:1019
[130082301ms] [LOG] [PostHog.js] [SessionId] new session ID generated {sessionId: 019eba38-2733-762a-a4ac-35c024670512, windowId: 019eba38-2733-762a-a4ac-35c1388adb6f, changeReason: Object} @ http://localhost:3000/_next/static/chunks/node_modules_posthog-js_dist_module_0p1-w_7.js:1019
[130082302ms] [LOG] [PostHog.js] send "$set" {uuid: 019eba38-272b-7a6a-bfbd-eaaf581880c2, event: $set, properties: Object, $set_once: Object, timestamp: Fri Jun 12 2026 10:35:02 GMT+0530 (India Standard Time)} @ http://localhost:3000/_next/static/chunks/node_modules_posthog-js_dist_module_0p1-w_7.js:1019
[130082302ms] [LOG] [Client Instrumentation Hook] Slow execution detected: 18ms (Note: Code download overhead is not included in this measurement) @ http://localhost:3000/_next/static/chunks/node_modules_next_dist_115brz8._.js:1644
[130082305ms] [INFO] %cDownload the React DevTools for a better development experience: https://react.dev/link/react-devtools font-weight:bold @ http://localhost:3000/_next/static/chunks/node_modules_next_dist_115brz8._.js:2436
[130082319ms] [LOG] [PostHog.js] send "$pageview" {uuid: 019eba38-2744-751c-bab9-50051532c526, event: $pageview, properties: Object, timestamp: Fri Jun 12 2026 10:35:02 GMT+0530 (India Standard Time)} @ http://localhost:3000/_next/static/chunks/node_modules_next_dist_115brz8._.js:2436
[130082320ms] [LOG] [HMR] connected @ http://localhost:3000/_next/static/chunks/node_modules_next_dist_115brz8._.js:2436
[130082474ms] [LOG] [PostHog.js] Persistence loaded sessionStorage {$sdk_debug_extensions_init_method: synchronous, $sdk_debug_extensions_init_time_ms: 1, $referrer: $direct, $referring_domain: $direct, $sdk_debug_replay_remote_trigger_matching_config: null} @ http://localhost:3000/_next/static/chunks/node_modules_next_dist_115brz8._.js:2436
[130082474ms] [LOG] [PostHog.js] set_config {config: Object, oldConfig: Object, newConfig: Object} @ http://localhost:3000/_next/static/chunks/node_modules_next_dist_115brz8._.js:2436
[130082474ms] [LOG] [PostHog.js] [SessionRecording] starting @ http://localhost:3000/_next/static/chunks/node_modules_next_dist_115brz8._.js:2436
[130082474ms] [LOG] [PostHog.js] [ExceptionAutocapture] enabled @ http://localhost:3000/_next/static/chunks/node_modules_next_dist_115brz8._.js:2436
[130082475ms] [LOG] [PostHog.js] [SessionRecording] starting @ http://localhost:3000/_next/static/chunks/node_modules_next_dist_115brz8._.js:2436
[130082475ms] [LOG] [PostHog.js] [Surveys] flags response received, isSurveysEnabled: false @ http://localhost:3000/_next/static/chunks/node_modules_next_dist_115brz8._.js:2436
[130082475ms] [LOG] [PostHog.js] [Web Vitals] enabled, starting... @ http://localhost:3000/_next/static/chunks/node_modules_next_dist_115brz8._.js:2436
[130082475ms] [LOG] [PostHog.js] [ExceptionAutocapture] enabled @ http://localhost:3000/_next/static/chunks/node_modules_next_dist_115brz8._.js:2436
[130083365ms] [LOG] [PostHog.js] [Dead Clicks] starting... @ http://localhost:3000/_next/static/chunks/node_modules_next_dist_115brz8._.js:2436
[130084409ms] [LOG] [PostHog.js] [Surveys] Surveys loaded successfully @ http://localhost:3000/_next/static/chunks/node_modules_next_dist_115brz8._.js:2436
[130088333ms] [LOG] [PostHog.js] send "$web_vitals" {uuid: 019eba38-3ec2-7061-ac74-4c4b85dc8e26, event: $web_vitals, properties: Object, timestamp: Fri Jun 12 2026 10:35:08 GMT+0530 (India Standard Time)} @ http://localhost:3000/_next/static/chunks/node_modules_next_dist_115brz8._.js:2436
[130395841ms] [LOG] [Fast Refresh] rebuilding @ http://localhost:3000/_next/static/chunks/node_modules_next_dist_115brz8._.js:2436
[130396359ms] [LOG] [Fast Refresh] done in 614ms @ http://localhost:3000/_next/static/chunks/node_modules_next_dist_115brz8._.js:2436
[130403047ms] [LOG] [Fast Refresh] rebuilding @ http://localhost:3000/_next/static/chunks/node_modules_next_dist_115brz8._.js:2436
[130403379ms] [LOG] [Fast Refresh] done in 399ms @ http://localhost:3000/_next/static/chunks/node_modules_next_dist_115brz8._.js:2436
[130408419ms] [LOG] [Fast Refresh] rebuilding @ http://localhost:3000/_next/static/chunks/node_modules_next_dist_115brz8._.js:2436
[130408448ms] [LOG] [Fast Refresh] done in 69ms @ http://localhost:3000/_next/static/chunks/node_modules_next_dist_115brz8._.js:2436
[130425249ms] [LOG] [Fast Refresh] rebuilding @ http://localhost:3000/_next/static/chunks/node_modules_next_dist_115brz8._.js:2436
[130425256ms] [LOG] [Fast Refresh] done in 109ms @ http://localhost:3000/_next/static/chunks/node_modules_next_dist_115brz8._.js:2436
[130721133ms] [LOG] [Fast Refresh] rebuilding @ http://localhost:3000/_next/static/chunks/node_modules_next_dist_115brz8._.js:2436
[130721589ms] [LOG] [Fast Refresh] done in 537ms @ http://localhost:3000/_next/static/chunks/node_modules_next_dist_115brz8._.js:2436
[130731376ms] [LOG] [Fast Refresh] rebuilding @ http://localhost:3000/_next/static/chunks/node_modules_next_dist_115brz8._.js:2436
[130731491ms] [LOG] [Fast Refresh] done in 199ms @ http://localhost:3000/_next/static/chunks/node_modules_next_dist_115brz8._.js:2436
[130750794ms] [LOG] [Fast Refresh] rebuilding @ http://localhost:3000/_next/static/chunks/node_modules_next_dist_115brz8._.js:2436
[130751121ms] [LOG] [Fast Refresh] done in 392ms @ http://localhost:3000/_next/static/chunks/node_modules_next_dist_115brz8._.js:2436
[130751135ms] [LOG] [PostHog.js] send "$snapshot" {uuid: 019eba42-5bd1-751d-b1fd-829c6b042adf, event: $snapshot, properties: Object, timestamp: Fri Jun 12 2026 10:46:11 GMT+0530 (India Standard Time)} @ http://localhost:3000/_next/static/chunks/node_modules_next_dist_115brz8._.js:2436
[130753138ms] [LOG] [PostHog.js] send "$snapshot" {uuid: 019eba42-63a8-753b-a297-077ac853d932, event: $snapshot, properties: Object, timestamp: Fri Jun 12 2026 10:46:13 GMT+0530 (India Standard Time)} @ http://localhost:3000/_next/static/chunks/node_modules_next_dist_115brz8._.js:2436
[130755143ms] [LOG] [PostHog.js] send "$snapshot" {uuid: 019eba42-6b7d-7436-bdc1-6f7ad470ebb6, event: $snapshot, properties: Object, timestamp: Fri Jun 12 2026 10:46:15 GMT+0530 (India Standard Time)} @ http://localhost:3000/_next/static/chunks/node_modules_next_dist_115brz8._.js:2436
[130758656ms] [LOG] [Fast Refresh] rebuilding @ http://localhost:3000/_next/static/chunks/node_modules_next_dist_115brz8._.js:2436
[130758953ms] [LOG] [Fast Refresh] done in 378ms @ http://localhost:3000/_next/static/chunks/node_modules_next_dist_115brz8._.js:2436
[130760119ms] [LOG] [PostHog.js] send "$snapshot" {uuid: 019eba42-7eec-7494-8db7-d5a4ce3d240c, event: $snapshot, properties: Object, timestamp: Fri Jun 12 2026 10:46:20 GMT+0530 (India Standard Time)} @ http://localhost:3000/_next/static/chunks/node_modules_next_dist_115brz8._.js:2436
[130767076ms] [LOG] [Fast Refresh] rebuilding @ http://localhost:3000/_next/static/chunks/node_modules_next_dist_115brz8._.js:2436
[130767117ms] [LOG] [PostHog.js] send "$snapshot" {uuid: 019eba42-9a43-7ae9-9695-6dcd79e7d97c, event: $snapshot, properties: Object, timestamp: Fri Jun 12 2026 10:46:27 GMT+0530 (India Standard Time)} @ http://localhost:3000/_next/static/chunks/node_modules_next_dist_115brz8._.js:2436
[130767361ms] [LOG] [Fast Refresh] done in 369ms @ http://localhost:3000/_next/static/chunks/node_modules_next_dist_115brz8._.js:2436
[130769364ms] [LOG] [PostHog.js] send "$snapshot" {uuid: 019eba42-a30a-76d0-a3ff-efedd16c1b63, event: $snapshot, properties: Object, timestamp: Fri Jun 12 2026 10:46:29 GMT+0530 (India Standard Time)} @ http://localhost:3000/_next/static/chunks/node_modules_next_dist_115brz8._.js:2436
[130774113ms] [LOG] [PostHog.js] send "$snapshot" {uuid: 019eba42-b597-7514-94e1-c4a8a7948d53, event: $snapshot, properties: Object, timestamp: Fri Jun 12 2026 10:46:34 GMT+0530 (India Standard Time)} @ http://localhost:3000/_next/static/chunks/node_modules_next_dist_115brz8._.js:2436
[130775063ms] [LOG] [Fast Refresh] rebuilding @ http://localhost:3000/_next/static/chunks/node_modules_next_dist_115brz8._.js:2436
[130775334ms] [LOG] [Fast Refresh] done in 356ms @ http://localhost:3000/_next/static/chunks/node_modules_next_dist_115brz8._.js:2436
[130776966ms] [LOG] [PostHog.js] send "$snapshot" {uuid: 019eba42-c0bb-7d12-b0f5-fc266edb0d4b, event: $snapshot, properties: Object, timestamp: Fri Jun 12 2026 10:46:37 GMT+0530 (India Standard Time)} @ http://localhost:3000/_next/static/chunks/node_modules_next_dist_115brz8._.js:2436
[130781116ms] [LOG] [PostHog.js] send "$snapshot" {uuid: 019eba42-d0f1-72eb-b838-d218bde60163, event: $snapshot, properties: Object, timestamp: Fri Jun 12 2026 10:46:41 GMT+0530 (India Standard Time)} @ http://localhost:3000/_next/static/chunks/node_modules_next_dist_115brz8._.js:2436
[130788118ms] [LOG] [PostHog.js] send "$snapshot" {uuid: 019eba42-ec4c-7a0f-947f-4d05ad9a7e84, event: $snapshot, properties: Object, timestamp: Fri Jun 12 2026 10:46:48 GMT+0530 (India Standard Time)} @ http://localhost:3000/_next/static/chunks/node_modules_next_dist_115brz8._.js:2436
[130795112ms] [LOG] [PostHog.js] send "$snapshot" {uuid: 019eba43-079e-7640-a8d4-79b74f7ee2ce, event: $snapshot, properties: Object, timestamp: Fri Jun 12 2026 10:46:55 GMT+0530 (India Standard Time)} @ http://localhost:3000/_next/static/chunks/node_modules_next_dist_115brz8._.js:2436
[130802111ms] [LOG] [PostHog.js] send "$snapshot" {uuid: 019eba43-22f5-7bf2-848a-ca7d814de9b0, event: $snapshot, properties: Object, timestamp: Fri Jun 12 2026 10:47:02 GMT+0530 (India Standard Time)} @ http://localhost:3000/_next/static/chunks/node_modules_next_dist_115brz8._.js:2436
[130809119ms] [LOG] [PostHog.js] send "$snapshot" {uuid: 019eba43-3e55-7391-bc2f-949a21b1ffca, event: $snapshot, properties: Object, timestamp: Fri Jun 12 2026 10:47:09 GMT+0530 (India Standard Time)} @ http://localhost:3000/_next/static/chunks/node_modules_next_dist_115brz8._.js:2436
[130816119ms] [LOG] [PostHog.js] send "$snapshot" {uuid: 019eba43-59ad-7d41-be0b-17d35ffeef34, event: $snapshot, properties: Object, timestamp: Fri Jun 12 2026 10:47:16 GMT+0530 (India Standard Time)} @ http://localhost:3000/_next/static/chunks/node_modules_next_dist_115brz8._.js:2436
[130823117ms] [LOG] [PostHog.js] send "$snapshot" {uuid: 019eba43-7503-7869-85e2-95247239337c, event: $snapshot, properties: Object, timestamp: Fri Jun 12 2026 10:47:23 GMT+0530 (India Standard Time)} @ http://localhost:3000/_next/static/chunks/node_modules_next_dist_115brz8._.js:2436
[130830123ms] [LOG] [PostHog.js] send "$snapshot" {uuid: 019eba43-9060-7359-b296-5abf64adeaa0, event: $snapshot, properties: Object, timestamp: Fri Jun 12 2026 10:47:30 GMT+0530 (India Standard Time)} @ http://localhost:3000/_next/static/chunks/node_modules_next_dist_115brz8._.js:2436
[130837122ms] [LOG] [PostHog.js] send "$snapshot" {uuid: 019eba43-abb7-7892-86cc-84ae13267aca, event: $snapshot, properties: Object, timestamp: Fri Jun 12 2026 10:47:37 GMT+0530 (India Standard Time)} @ http://localhost:3000/_next/static/chunks/node_modules_next_dist_115brz8._.js:2436
[130844123ms] [LOG] [PostHog.js] send "$snapshot" {uuid: 019eba43-c710-7029-86d3-663deb0b94e9, event: $snapshot, properties: Object, timestamp: Fri Jun 12 2026 10:47:44 GMT+0530 (India Standard Time)} @ http://localhost:3000/_next/static/chunks/node_modules_next_dist_115brz8._.js:2436
[130851121ms] [LOG] [PostHog.js] send "$snapshot" {uuid: 019eba43-e266-7bf7-ad75-da60dad8e162, event: $snapshot, properties: Object, timestamp: Fri Jun 12 2026 10:47:51 GMT+0530 (India Standard Time)} @ http://localhost:3000/_next/static/chunks/node_modules_next_dist_115brz8._.js:2436
[130858119ms] [LOG] [PostHog.js] send "$snapshot" {uuid: 019eba43-fdbd-7e37-8452-68a6e5468baf, event: $snapshot, properties: Object, timestamp: Fri Jun 12 2026 10:47:58 GMT+0530 (India Standard Time)} @ http://localhost:3000/_next/static/chunks/node_modules_next_dist_115brz8._.js:2436
[130865120ms] [LOG] [PostHog.js] send "$snapshot" {uuid: 019eba44-1916-7ecc-8531-50d1151e0607, event: $snapshot, properties: Object, timestamp: Fri Jun 12 2026 10:48:05 GMT+0530 (India Standard Time)} @ http://localhost:3000/_next/static/chunks/node_modules_next_dist_115brz8._.js:2436
[130872122ms] [LOG] [PostHog.js] send "$snapshot" {uuid: 019eba44-3470-7406-b238-38a075293324, event: $snapshot, properties: Object, timestamp: Fri Jun 12 2026 10:48:12 GMT+0530 (India Standard Time)} @ http://localhost:3000/_next/static/chunks/node_modules_next_dist_115brz8._.js:2436
[130879120ms] [LOG] [PostHog.js] send "$snapshot" {uuid: 019eba44-4fc6-7e66-b3b8-41b8270e756f, event: $snapshot, properties: Object, timestamp: Fri Jun 12 2026 10:48:19 GMT+0530 (India Standard Time)} @ http://localhost:3000/_next/static/chunks/node_modules_next_dist_115brz8._.js:2436
[130886119ms] [LOG] [PostHog.js] send "$snapshot" {uuid: 019eba44-6b1c-7dad-b955-ffe3f8782a86, event: $snapshot, properties: Object, timestamp: Fri Jun 12 2026 10:48:26 GMT+0530 (India Standard Time)} @ http://localhost:3000/_next/static/chunks/node_modules_next_dist_115brz8._.js:2436
[130893121ms] [LOG] [PostHog.js] send "$snapshot" {uuid: 019eba44-8676-742c-86fb-94a98a8cbab8, event: $snapshot, properties: Object, timestamp: Fri Jun 12 2026 10:48:33 GMT+0530 (India Standard Time)} @ http://localhost:3000/_next/static/chunks/node_modules_next_dist_115brz8._.js:2436
[130900119ms] [LOG] [PostHog.js] send "$snapshot" {uuid: 019eba44-a1cb-7ffb-9e7e-0168d00bdc28, event: $snapshot, properties: Object, timestamp: Fri Jun 12 2026 10:48:40 GMT+0530 (India Standard Time)} @ http://localhost:3000/_next/static/chunks/node_modules_next_dist_115brz8._.js:2436
[130907120ms] [LOG] [PostHog.js] send "$snapshot" {uuid: 019eba44-bd26-7476-823c-2d9d69280310, event: $snapshot, properties: Object, timestamp: Fri Jun 12 2026 10:48:47 GMT+0530 (India Standard Time)} @ http://localhost:3000/_next/static/chunks/node_modules_next_dist_115brz8._.js:2436
[130914122ms] [LOG] [PostHog.js] send "$snapshot" {uuid: 019eba44-d87f-7204-954f-104923ee85a3, event: $snapshot, properties: Object, timestamp: Fri Jun 12 2026 10:48:54 GMT+0530 (India Standard Time)} @ http://localhost:3000/_next/static/chunks/node_modules_next_dist_115brz8._.js:2436
[130921120ms] [LOG] [PostHog.js] send "$snapshot" {uuid: 019eba44-f3d5-7b1c-a104-2a985e199f98, event: $snapshot, properties: Object, timestamp: Fri Jun 12 2026 10:49:01 GMT+0530 (India Standard Time)} @ http://localhost:3000/_next/static/chunks/node_modules_next_dist_115brz8._.js:2436
[130928119ms] [LOG] [PostHog.js] send "$snapshot" {uuid: 019eba45-0f2c-7b15-9551-ebaa165b25b4, event: $snapshot, properties: Object, timestamp: Fri Jun 12 2026 10:49:08 GMT+0530 (India Standard Time)} @ http://localhost:3000/_next/static/chunks/node_modules_next_dist_115brz8._.js:2436
[130935119ms] [LOG] [PostHog.js] send "$snapshot" {uuid: 019eba45-2a84-769b-9b72-727d1944157a, event: $snapshot, properties: Object, timestamp: Fri Jun 12 2026 10:49:15 GMT+0530 (India Standard Time)} @ http://localhost:3000/_next/static/chunks/node_modules_next_dist_115brz8._.js:2436
[130942122ms] [LOG] [PostHog.js] send "$snapshot" {uuid: 019eba45-45df-7e6e-9f91-548159f30dee, event: $snapshot, properties: Object, timestamp: Fri Jun 12 2026 10:49:22 GMT+0530 (India Standard Time)} @ http://localhost:3000/_next/static/chunks/node_modules_next_dist_115brz8._.js:2436
[130949122ms] [LOG] [PostHog.js] send "$snapshot" {uuid: 019eba45-6138-7282-9e9d-291dc9acfcd4, event: $snapshot, properties: Object, timestamp: Fri Jun 12 2026 10:49:29 GMT+0530 (India Standard Time)} @ http://localhost:3000/_next/static/chunks/node_modules_next_dist_115brz8._.js:2436
[130956119ms] [LOG] [PostHog.js] send "$snapshot" {uuid: 019eba45-7c8c-7d91-b4f4-e80cb172ff72, event: $snapshot, properties: Object, timestamp: Fri Jun 12 2026 10:49:36 GMT+0530 (India Standard Time)} @ http://localhost:3000/_next/static/chunks/node_modules_next_dist_115brz8._.js:2436
[130963123ms] [LOG] [PostHog.js] send "$snapshot" {uuid: 019eba45-97e8-75ff-9a4c-f11be4b2fc55, event: $snapshot, properties: Object, timestamp: Fri Jun 12 2026 10:49:43 GMT+0530 (India Standard Time)} @ http://localhost:3000/_next/static/chunks/node_modules_next_dist_115brz8._.js:2436
[130970122ms] [LOG] [PostHog.js] send "$snapshot" {uuid: 019eba45-b33f-7d6b-a66d-4b4baa7d1dcd, event: $snapshot, properties: Object, timestamp: Fri Jun 12 2026 10:49:50 GMT+0530 (India Standard Time)} @ http://localhost:3000/_next/static/chunks/node_modules_next_dist_115brz8._.js:2436
[130977119ms] [LOG] [PostHog.js] send "$snapshot" {uuid: 019eba45-ce94-7554-92df-6af3a32db429, event: $snapshot, properties: Object, timestamp: Fri Jun 12 2026 10:49:57 GMT+0530 (India Standard Time)} @ http://localhost:3000/_next/static/chunks/node_modules_next_dist_115brz8._.js:2436
[130984120ms] [LOG] [PostHog.js] send "$snapshot" {uuid: 019eba45-e9ed-716b-a329-880af5b52cf9, event: $snapshot, properties: Object, timestamp: Fri Jun 12 2026 10:50:04 GMT+0530 (India Standard Time)} @ http://localhost:3000/_next/static/chunks/node_modules_next_dist_115brz8._.js:2436
[130991121ms] [LOG] [PostHog.js] send "$snapshot" {uuid: 019eba46-0546-78fb-b8ca-2115b3bb917a, event: $snapshot, properties: Object, timestamp: Fri Jun 12 2026 10:50:11 GMT+0530 (India Standard Time)} @ http://localhost:3000/_next/static/chunks/node_modules_next_dist_115brz8._.js:2436
[130998118ms] [LOG] [PostHog.js] send "$snapshot" {uuid: 019eba46-209c-77e2-bfb7-f71ebe252f06, event: $snapshot, properties: Object, timestamp: Fri Jun 12 2026 10:50:18 GMT+0530 (India Standard Time)} @ http://localhost:3000/_next/static/chunks/node_modules_next_dist_115brz8._.js:2436
[131005121ms] [LOG] [PostHog.js] send "$snapshot" {uuid: 019eba46-3bf6-731b-b28f-b6b13c6ebd63, event: $snapshot, properties: Object, timestamp: Fri Jun 12 2026 10:50:25 GMT+0530 (India Standard Time)} @ http://localhost:3000/_next/static/chunks/node_modules_next_dist_115brz8._.js:2436
[131012119ms] [LOG] [PostHog.js] send "$snapshot" {uuid: 019eba46-574c-7339-aa61-ae607e6712db, event: $snapshot, properties: Object, timestamp: Fri Jun 12 2026 10:50:32 GMT+0530 (India Standard Time)} @ http://localhost:3000/_next/static/chunks/node_modules_next_dist_115brz8._.js:2436
[131019122ms] [LOG] [PostHog.js] send "$snapshot" {uuid: 019eba46-72a8-760e-8c44-994cbcdc70e7, event: $snapshot, properties: Object, timestamp: Fri Jun 12 2026 10:50:39 GMT+0530 (India Standard Time)} @ http://localhost:3000/_next/static/chunks/node_modules_next_dist_115brz8._.js:2436
[131026118ms] [LOG] [PostHog.js] send "$snapshot" {uuid: 019eba46-8dfc-704e-9a2b-2d5a74269ab4, event: $snapshot, properties: Object, timestamp: Fri Jun 12 2026 10:50:46 GMT+0530 (India Standard Time)} @ http://localhost:3000/_next/static/chunks/node_modules_next_dist_115brz8._.js:2436
[131033122ms] [LOG] [PostHog.js] send "$snapshot" {uuid: 019eba46-a957-75ad-afe5-8727e82e58e7, event: $snapshot, properties: Object, timestamp: Fri Jun 12 2026 10:50:53 GMT+0530 (India Standard Time)} @ http://localhost:3000/_next/static/chunks/node_modules_next_dist_115brz8._.js:2436
[131040122ms] [LOG] [PostHog.js] send "$snapshot" {uuid: 019eba46-c4af-77a2-a52a-7355623bf618, event: $snapshot, properties: Object, timestamp: Fri Jun 12 2026 10:51:00 GMT+0530 (India Standard Time)} @ http://localhost:3000/_next/static/chunks/node_modules_next_dist_115brz8._.js:2436
[131047121ms] [LOG] [PostHog.js] send "$snapshot" {uuid: 019eba46-e006-784a-a130-d674899ee9e1, event: $snapshot, properties: Object, timestamp: Fri Jun 12 2026 10:51:07 GMT+0530 (India Standard Time)} @ http://localhost:3000/_next/static/chunks/node_modules_next_dist_115brz8._.js:2436
[131860390ms] [LOG] [PostHog.js] send "$snapshot" {uuid: 019eba53-48dc-7134-920e-bf1143843524, event: $snapshot, properties: Object, timestamp: Fri Jun 12 2026 11:04:40 GMT+0530 (India Standard Time)} @ http://localhost:3000/_next/static/chunks/node_modules_next_dist_115brz8._.js:2436
[131862277ms] [LOG] [PostHog.js] send "$$heatmap" {uuid: 019eba53-5037-7443-8da2-4135aba04e8a, event: $$heatmap, properties: Object, timestamp: Fri Jun 12 2026 11:04:42 GMT+0530 (India Standard Time)} @ http://localhost:3000/_next/static/chunks/node_modules_next_dist_115brz8._.js:2436
[131866088ms] [LOG] [PostHog.js] send "$snapshot" {uuid: 019eba53-5f1d-708e-a31d-c69053cd024a, event: $snapshot, properties: Object, timestamp: Fri Jun 12 2026 11:04:46 GMT+0530 (India Standard Time)} @ http://localhost:3000/_next/static/chunks/node_modules_next_dist_115brz8._.js:2436
[131873088ms] [LOG] [PostHog.js] send "$snapshot" {uuid: 019eba53-7a75-7153-a0c3-e9a305d5db97, event: $snapshot, properties: Object, timestamp: Fri Jun 12 2026 11:04:53 GMT+0530 (India Standard Time)} @ http://localhost:3000/_next/static/chunks/node_modules_next_dist_115brz8._.js:2436
[131880087ms] [LOG] [PostHog.js] send "$snapshot" {uuid: 019eba53-95cd-79c4-bf4d-fc4444bdb38a, event: $snapshot, properties: Object, timestamp: Fri Jun 12 2026 11:05:00 GMT+0530 (India Standard Time)} @ http://localhost:3000/_next/static/chunks/node_modules_next_dist_115brz8._.js:2436
[131887086ms] [LOG] [PostHog.js] send "$snapshot" {uuid: 019eba53-b123-7e55-991c-4cdf13df7c21, event: $snapshot, properties: Object, timestamp: Fri Jun 12 2026 11:05:07 GMT+0530 (India Standard Time)} @ http://localhost:3000/_next/static/chunks/node_modules_next_dist_115brz8._.js:2436
[131894089ms] [LOG] [PostHog.js] send "$snapshot" {uuid: 019eba53-cc7f-70b3-932e-ff83dca1d27a, event: $snapshot, properties: Object, timestamp: Fri Jun 12 2026 11:05:14 GMT+0530 (India Standard Time)} @ http://localhost:3000/_next/static/chunks/node_modules_next_dist_115brz8._.js:2436
[131901088ms] [LOG] [PostHog.js] send "$snapshot" {uuid: 019eba53-e7d6-7ff1-b07d-0f692d12ea62, event: $snapshot, properties: Object, timestamp: Fri Jun 12 2026 11:05:21 GMT+0530 (India Standard Time)} @ http://localhost:3000/_next/static/chunks/node_modules_next_dist_115brz8._.js:2436
[131908088ms] [LOG] [PostHog.js] send "$snapshot" {uuid: 019eba54-032d-7d8a-9200-4cd1e980bca0, event: $snapshot, properties: Object, timestamp: Fri Jun 12 2026 11:05:28 GMT+0530 (India Standard Time)} @ http://localhost:3000/_next/static/chunks/node_modules_next_dist_115brz8._.js:2436
[131915085ms] [LOG] [PostHog.js] send "$snapshot" {uuid: 019eba54-1e83-7e78-ab70-8ef683bee1ec, event: $snapshot, properties: Object, timestamp: Fri Jun 12 2026 11:05:35 GMT+0530 (India Standard Time)} @ http://localhost:3000/_next/static/chunks/node_modules_next_dist_115brz8._.js:2436
[131922088ms] [LOG] [PostHog.js] send "$snapshot" {uuid: 019eba54-39de-78da-a32d-eb62e674d471, event: $snapshot, properties: Object, timestamp: Fri Jun 12 2026 11:05:42 GMT+0530 (India Standard Time)} @ http://localhost:3000/_next/static/chunks/node_modules_next_dist_115brz8._.js:2436
[131929085ms] [LOG] [PostHog.js] send "$snapshot" {uuid: 019eba54-5533-7352-94e3-e820b71dca52, event: $snapshot, properties: Object, timestamp: Fri Jun 12 2026 11:05:49 GMT+0530 (India Standard Time)} @ http://localhost:3000/_next/static/chunks/node_modules_next_dist_115brz8._.js:2436
[131936085ms] [LOG] [PostHog.js] send "$snapshot" {uuid: 019eba54-708b-79b7-ae4b-cef3ce01d6e2, event: $snapshot, properties: Object, timestamp: Fri Jun 12 2026 11:05:56 GMT+0530 (India Standard Time)} @ http://localhost:3000/_next/static/chunks/node_modules_next_dist_115brz8._.js:2436
[131943086ms] [LOG] [PostHog.js] send "$snapshot" {uuid: 019eba54-8be3-75c6-aae3-4309064f7db8, event: $snapshot, properties: Object, timestamp: Fri Jun 12 2026 11:06:03 GMT+0530 (India Standard Time)} @ http://localhost:3000/_next/static/chunks/node_modules_next_dist_115brz8._.js:2436
[131950080ms] [LOG] [PostHog.js] send "$snapshot" {uuid: 019eba54-a737-7d66-8c7f-4c4062c0e89b, event: $snapshot, properties: Object, timestamp: Fri Jun 12 2026 11:06:10 GMT+0530 (India Standard Time)} @ http://localhost:3000/_next/static/chunks/node_modules_next_dist_115brz8._.js:2436
[131957091ms] [LOG] [PostHog.js] send "$snapshot" {uuid: 019eba54-c298-7530-b259-e380e717100c, event: $snapshot, properties: Object, timestamp: Fri Jun 12 2026 11:06:17 GMT+0530 (India Standard Time)} @ http://localhost:3000/_next/static/chunks/node_modules_next_dist_115brz8._.js:2436
[131964087ms] [LOG] [PostHog.js] send "$snapshot" {uuid: 019eba54-dded-76dc-83f0-9db8dc379d44, event: $snapshot, properties: Object, timestamp: Fri Jun 12 2026 11:06:24 GMT+0530 (India Standard Time)} @ http://localhost:3000/_next/static/chunks/node_modules_next_dist_115brz8._.js:2436
[131971087ms] [LOG] [PostHog.js] send "$snapshot" {uuid: 019eba54-f945-76ce-a6cb-184f227f2b8c, event: $snapshot, properties: Object, timestamp: Fri Jun 12 2026 11:06:31 GMT+0530 (India Standard Time)} @ http://localhost:3000/_next/static/chunks/node_modules_next_dist_115brz8._.js:2436
[131978087ms] [LOG] [PostHog.js] send "$snapshot" {uuid: 019eba55-149c-7344-a5ef-fbab9338c601, event: $snapshot, properties: Object, timestamp: Fri Jun 12 2026 11:06:38 GMT+0530 (India Standard Time)} @ http://localhost:3000/_next/static/chunks/node_modules_next_dist_115brz8._.js:2436
[131985087ms] [LOG] [PostHog.js] send "$snapshot" {uuid: 019eba55-2ff5-741a-a8bf-59eb344a6d67, event: $snapshot, properties: Object, timestamp: Fri Jun 12 2026 11:06:45 GMT+0530 (India Standard Time)} @ http://localhost:3000/_next/static/chunks/node_modules_next_dist_115brz8._.js:2436
[131992086ms] [LOG] [PostHog.js] send "$snapshot" {uuid: 019eba55-4b4b-7677-8a62-6307cf2738c0, event: $snapshot, properties: Object, timestamp: Fri Jun 12 2026 11:06:52 GMT+0530 (India Standard Time)} @ http://localhost:3000/_next/static/chunks/node_modules_next_dist_115brz8._.js:2436
[131999087ms] [LOG] [PostHog.js] send "$snapshot" {uuid: 019eba55-66a5-7970-8791-4d64818bc7cd, event: $snapshot, properties: Object, timestamp: Fri Jun 12 2026 11:06:59 GMT+0530 (India Standard Time)} @ http://localhost:3000/_next/static/chunks/node_modules_next_dist_115brz8._.js:2436
[132006086ms] [LOG] [PostHog.js] send "$snapshot" {uuid: 019eba55-81fc-7820-a4bd-8f3c71316a98, event: $snapshot, properties: Object, timestamp: Fri Jun 12 2026 11:07:06 GMT+0530 (India Standard Time)} @ http://localhost:3000/_next/static/chunks/node_modules_next_dist_115brz8._.js:2436
[132013089ms] [LOG] [PostHog.js] send "$snapshot" {uuid: 019eba55-9d56-7656-b4cb-f2b71187db11, event: $snapshot, properties: Object, timestamp: Fri Jun 12 2026 11:07:13 GMT+0530 (India Standard Time)} @ http://localhost:3000/_next/static/chunks/node_modules_next_dist_115brz8._.js:2436
[132020087ms] [LOG] [PostHog.js] send "$snapshot" {uuid: 019eba55-b8ad-736b-a500-e671208e65aa, event: $snapshot, properties: Object, timestamp: Fri Jun 12 2026 11:07:20 GMT+0530 (India Standard Time)} @ http://localhost:3000/_next/static/chunks/node_modules_next_dist_115brz8._.js:2436
[132027087ms] [LOG] [PostHog.js] send "$snapshot" {uuid: 019eba55-d405-7a47-bba5-7bdfe380f61b, event: $snapshot, properties: Object, timestamp: Fri Jun 12 2026 11:07:27 GMT+0530 (India Standard Time)} @ http://localhost:3000/_next/static/chunks/node_modules_next_dist_115brz8._.js:2436
[132034085ms] [LOG] [PostHog.js] send "$snapshot" {uuid: 019eba55-ef5b-7c47-8ed3-c7d1735c2936, event: $snapshot, properties: Object, timestamp: Fri Jun 12 2026 11:07:34 GMT+0530 (India Standard Time)} @ http://localhost:3000/_next/static/chunks/node_modules_next_dist_115brz8._.js:2436
[132041085ms] [LOG] [PostHog.js] send "$snapshot" {uuid: 019eba56-0ab2-7b55-b616-b6e157b5fcc4, event: $snapshot, properties: Object, timestamp: Fri Jun 12 2026 11:07:41 GMT+0530 (India Standard Time)} @ http://localhost:3000/_next/static/chunks/node_modules_next_dist_115brz8._.js:2436
[132048079ms] [LOG] [PostHog.js] send "$snapshot" {uuid: 019eba56-2605-72e4-8f62-60a9f532f393, event: $snapshot, properties: Object, timestamp: Fri Jun 12 2026 11:07:48 GMT+0530 (India Standard Time)} @ http://localhost:3000/_next/static/chunks/node_modules_next_dist_115brz8._.js:2436
[132055072ms] [LOG] [PostHog.js] send "$snapshot" {uuid: 019eba56-4155-7ea5-91f4-902343e35839, event: $snapshot, properties: Object, timestamp: Fri Jun 12 2026 11:07:55 GMT+0530 (India Standard Time)} @ http://localhost:3000/_next/static/chunks/node_modules_next_dist_115brz8._.js:2436
[132062073ms] [LOG] [PostHog.js] send "$snapshot" {uuid: 019eba56-5caf-759c-9fee-f5fbb69d01f5, event: $snapshot, properties: Object, timestamp: Fri Jun 12 2026 11:08:02 GMT+0530 (India Standard Time)} @ http://localhost:3000/_next/static/chunks/node_modules_next_dist_115brz8._.js:2436
[132069066ms] [LOG] [PostHog.js] send "$snapshot" {uuid: 019eba56-77ff-7466-b9ef-351e88a57b4a, event: $snapshot, properties: Object, timestamp: Fri Jun 12 2026 11:08:09 GMT+0530 (India Standard Time)} @ http://localhost:3000/_next/static/chunks/node_modules_next_dist_115brz8._.js:2436
[132076071ms] [LOG] [PostHog.js] send "$snapshot" {uuid: 019eba56-935c-709b-b518-4484dfe29f83, event: $snapshot, properties: Object, timestamp: Fri Jun 12 2026 11:08:16 GMT+0530 (India Standard Time)} @ http://localhost:3000/_next/static/chunks/node_modules_next_dist_115brz8._.js:2436
[132083066ms] [LOG] [PostHog.js] send "$snapshot" {uuid: 019eba56-aeb0-75c5-bc31-956b54d0e557, event: $snapshot, properties: Object, timestamp: Fri Jun 12 2026 11:08:23 GMT+0530 (India Standard Time)} @ http://localhost:3000/_next/static/chunks/node_modules_next_dist_115brz8._.js:2436
[132090069ms] [LOG] [PostHog.js] send "$snapshot" {uuid: 019eba56-ca0a-790d-9ad4-3e1e6a6abd70, event: $snapshot, properties: Object, timestamp: Fri Jun 12 2026 11:08:30 GMT+0530 (India Standard Time)} @ http://localhost:3000/_next/static/chunks/node_modules_next_dist_115brz8._.js:2436
[132097072ms] [LOG] [PostHog.js] send "$snapshot" {uuid: 019eba56-e566-77fb-8224-54257f02cf24, event: $snapshot, properties: Object, timestamp: Fri Jun 12 2026 11:08:37 GMT+0530 (India Standard Time)} @ http://localhost:3000/_next/static/chunks/node_modules_next_dist_115brz8._.js:2436
[132104069ms] [LOG] [PostHog.js] send "$snapshot" {uuid: 019eba57-00ba-7aab-ae7e-3415a9248ae9, event: $snapshot, properties: Object, timestamp: Fri Jun 12 2026 11:08:44 GMT+0530 (India Standard Time)} @ http://localhost:3000/_next/static/chunks/node_modules_next_dist_115brz8._.js:2436
[132111064ms] [LOG] [PostHog.js] send "$snapshot" {uuid: 019eba57-1c0e-78df-a4d9-034426a2378a, event: $snapshot, properties: Object, timestamp: Fri Jun 12 2026 11:08:51 GMT+0530 (India Standard Time)} @ http://localhost:3000/_next/static/chunks/node_modules_next_dist_115brz8._.js:2436
[132118064ms] [LOG] [PostHog.js] send "$snapshot" {uuid: 019eba57-3766-730d-91c2-0128a566f41e, event: $snapshot, properties: Object, timestamp: Fri Jun 12 2026 11:08:58 GMT+0530 (India Standard Time)} @ http://localhost:3000/_next/static/chunks/node_modules_next_dist_115brz8._.js:2436
[132125070ms] [LOG] [PostHog.js] send "$snapshot" {uuid: 019eba57-52c3-7394-a8b0-a643b5f58107, event: $snapshot, properties: Object, timestamp: Fri Jun 12 2026 11:09:05 GMT+0530 (India Standard Time)} @ http://localhost:3000/_next/static/chunks/node_modules_next_dist_115brz8._.js:2436
[132132069ms] [LOG] [PostHog.js] send "$snapshot" {uuid: 019eba57-6e1a-70cc-85e0-6ddffb6775bd, event: $snapshot, properties: Object, timestamp: Fri Jun 12 2026 11:09:12 GMT+0530 (India Standard Time)} @ http://localhost:3000/_next/static/chunks/node_modules_next_dist_115brz8._.js:2436
[132139063ms] [LOG] [PostHog.js] send "$snapshot" {uuid: 019eba57-896c-7689-9a82-f7905013db73, event: $snapshot, properties: Object, timestamp: Fri Jun 12 2026 11:09:19 GMT+0530 (India Standard Time)} @ http://localhost:3000/_next/static/chunks/node_modules_next_dist_115brz8._.js:2436
[132146070ms] [LOG] [PostHog.js] send "$snapshot" {uuid: 019eba57-a4cb-7146-bbd0-1054ee513155, event: $snapshot, properties: Object, timestamp: Fri Jun 12 2026 11:09:26 GMT+0530 (India Standard Time)} @ http://localhost:3000/_next/static/chunks/node_modules_next_dist_115brz8._.js:2436
[132153062ms] [LOG] [PostHog.js] send "$snapshot" {uuid: 019eba57-c01b-76e7-8f00-20aa976d1873, event: $snapshot, properties: Object, timestamp: Fri Jun 12 2026 11:09:33 GMT+0530 (India Standard Time)} @ http://localhost:3000/_next/static/chunks/node_modules_next_dist_115brz8._.js:2436
[132158395ms] [LOG] [PostHog.js] send "$snapshot" {uuid: 019eba57-d4f0-7e88-84db-8b4aaa9ba574, event: $snapshot, properties: Object, timestamp: Fri Jun 12 2026 11:09:38 GMT+0530 (India Standard Time)} @ http://localhost:3000/_next/static/chunks/node_modules_next_dist_115brz8._.js:2436
