[     172ms] [LOG] [PostHog.js] set_config {config: Object, oldConfig: Object, newConfig: Object} @ http://localhost:3000/_next/static/chunks/node_modules_posthog-js_dist_module_0p1-w_7.js:1019
[     173ms] [LOG] [PostHog.js] Persistence loaded localStorage+cookie {$device_id: 019eb1b2-9d5a-7971-9c96-b85b88808cb7, distinct_id: 019eb1b2-9d5a-7971-9c96-b85b88808cb7, $sesid: Array(3), $epp: true, $initial_person_info: Object} @ http://localhost:3000/_next/static/chunks/node_modules_posthog-js_dist_module_0p1-w_7.js:1019
[     174ms] [LOG] [PostHog.js] Persistence loaded sessionStorage {$sdk_debug_extensions_init_method: synchronous, $sdk_debug_extensions_init_time_ms: 3, $referrer: $direct, $referring_domain: $direct, $sdk_debug_replay_remote_trigger_matching_config: null} @ http://localhost:3000/_next/static/chunks/node_modules_posthog-js_dist_module_0p1-w_7.js:1019
[     175ms] [LOG] [PostHog.js] Initializing extensions synchronously @ http://localhost:3000/_next/static/chunks/node_modules_posthog-js_dist_module_0p1-w_7.js:1019
[     175ms] [LOG] [PostHog.js] [Web Vitals] enabled, starting... @ http://localhost:3000/_next/static/chunks/node_modules_posthog-js_dist_module_0p1-w_7.js:1019
[     175ms] [LOG] [PostHog.js] [ExceptionAutocapture] enabled @ http://localhost:3000/_next/static/chunks/node_modules_posthog-js_dist_module_0p1-w_7.js:1019
[     175ms] [LOG] [PostHog.js] History API monitoring enabled, starting... @ http://localhost:3000/_next/static/chunks/node_modules_posthog-js_dist_module_0p1-w_7.js:1019
[     176ms] [LOG] [PostHog.js] [SessionRecording] starting @ http://localhost:3000/_next/static/chunks/node_modules_posthog-js_dist_module_0p1-w_7.js:1019
[     176ms] [LOG] [PostHog.js] [Heatmaps] starting... @ http://localhost:3000/_next/static/chunks/node_modules_posthog-js_dist_module_0p1-w_7.js:1019
[     176ms] [LOG] [PostHog.js] Starting in debug mode {this: qn, config: Object, thisC: Object, p: Object, s: Object} @ http://localhost:3000/_next/static/chunks/node_modules_posthog-js_dist_module_0p1-w_7.js:1019
[     185ms] [LOG] [PostHog.js] [SessionId] new session ID generated {sessionId: 019f5157-5be1-7f7b-84ac-d776eec2f235, windowId: 019f5157-5be1-7f7b-84ac-d77744613215, changeReason: Object} @ http://localhost:3000/_next/static/chunks/node_modules_posthog-js_dist_module_0p1-w_7.js:1019
[     185ms] [LOG] [PostHog.js] send "$set" {uuid: 019f5157-5bd9-76f8-a1b6-f4ccf2ca597d, event: $set, properties: Object, $set_once: Object, timestamp: Sat Jul 11 2026 18:51:47 GMT+0530 (India Standard Time)} @ http://localhost:3000/_next/static/chunks/node_modules_posthog-js_dist_module_0p1-w_7.js:1019
[     186ms] [LOG] [Client Instrumentation Hook] Slow execution detected: 20ms (Note: Code download overhead is not included in this measurement) @ http://localhost:3000/_next/static/chunks/node_modules_next_dist_115brz8._.js:1644
[     202ms] [INFO] %cDownload the React DevTools for a better development experience: https://react.dev/link/react-devtools font-weight:bold @ http://localhost:3000/_next/static/chunks/node_modules_next_dist_115brz8._.js:2436
[     249ms] [LOG] [PostHog.js] send "$pageview" {uuid: 019f5157-5c21-7841-a230-e1151ed21d15, event: $pageview, properties: Object, timestamp: Sat Jul 11 2026 18:51:47 GMT+0530 (India Standard Time)} @ http://localhost:3000/_next/static/chunks/node_modules_next_dist_115brz8._.js:2436
[     250ms] [LOG] [PostHog.js] [Dead Clicks] starting... @ http://localhost:3000/_next/static/chunks/node_modules_next_dist_115brz8._.js:2436
[     254ms] [LOG] [PostHog.js] [SessionRecording] persisted remote config is stale, requesting fresh config before starting @ http://localhost:3000/_next/static/chunks/node_modules_next_dist_115brz8._.js:2436
[     255ms] [LOG] [HMR] connected @ http://localhost:3000/_next/static/chunks/node_modules_next_dist_115brz8._.js:2436
[     583ms] [LOG] [PostHog.js] Persistence loaded sessionStorage {$sdk_debug_extensions_init_method: synchronous, $sdk_debug_extensions_init_time_ms: 2, $referrer: $direct, $referring_domain: $direct, $sdk_debug_replay_remote_trigger_matching_config: null} @ http://localhost:3000/_next/static/chunks/node_modules_next_dist_115brz8._.js:2436
[     583ms] [LOG] [PostHog.js] set_config {config: Object, oldConfig: Object, newConfig: Object} @ http://localhost:3000/_next/static/chunks/node_modules_next_dist_115brz8._.js:2436
[     583ms] [LOG] [PostHog.js] [SessionRecording] starting @ http://localhost:3000/_next/static/chunks/node_modules_next_dist_115brz8._.js:2436
[     583ms] [LOG] [PostHog.js] [ExceptionAutocapture] enabled @ http://localhost:3000/_next/static/chunks/node_modules_next_dist_115brz8._.js:2436
[     595ms] [LOG] [PostHog.js] [SessionRecording] starting @ http://localhost:3000/_next/static/chunks/node_modules_next_dist_115brz8._.js:2436
[     595ms] [LOG] [PostHog.js] [Surveys] flags response received, isSurveysEnabled: false @ http://localhost:3000/_next/static/chunks/node_modules_next_dist_115brz8._.js:2436
[     596ms] [LOG] [PostHog.js] [ExceptionAutocapture] enabled @ http://localhost:3000/_next/static/chunks/node_modules_next_dist_115brz8._.js:2436
[     597ms] [LOG] [PostHog.js] Persistence loaded sessionStorage {$sdk_debug_extensions_init_method: synchronous, $sdk_debug_extensions_init_time_ms: 2, $referrer: $direct, $referring_domain: $direct, $sdk_debug_replay_remote_trigger_matching_config: null} @ http://localhost:3000/_next/static/chunks/node_modules_next_dist_115brz8._.js:2436
[     597ms] [LOG] [PostHog.js] set_config {config: Object, oldConfig: Object, newConfig: Object} @ http://localhost:3000/_next/static/chunks/node_modules_next_dist_115brz8._.js:2436
[     597ms] [LOG] [PostHog.js] [ExceptionAutocapture] enabled @ http://localhost:3000/_next/static/chunks/node_modules_next_dist_115brz8._.js:2436
[     597ms] [LOG] [PostHog.js] [Surveys] flags response received, isSurveysEnabled: false @ http://localhost:3000/_next/static/chunks/node_modules_next_dist_115brz8._.js:2436
[     597ms] [LOG] [PostHog.js] [ExceptionAutocapture] enabled @ http://localhost:3000/_next/static/chunks/node_modules_next_dist_115brz8._.js:2436
[     612ms] [LOG] [PostHog.js] [Surveys] Surveys loaded successfully @ http://localhost:3000/_next/static/chunks/node_modules_next_dist_115brz8._.js:2436
[     612ms] [LOG] [PostHog.js] [Surveys] Surveys loaded successfully @ http://localhost:3000/_next/static/chunks/node_modules_next_dist_115brz8._.js:2436
[     612ms] [LOG] [PostHog.js] [Surveys] Surveys loaded successfully @ http://localhost:3000/_next/static/chunks/node_modules_next_dist_115brz8._.js:2436
[    5260ms] [LOG] [PostHog.js] send "$web_vitals" {uuid: 019f5157-6fb3-7705-af48-96fd9922b23d, event: $web_vitals, properties: Object, timestamp: Sat Jul 11 2026 18:51:52 GMT+0530 (India Standard Time)} @ http://localhost:3000/_next/static/chunks/node_modules_next_dist_115brz8._.js:2436
[   46878ms] [LOG] [PostHog.js] send "$snapshot" {uuid: 019f5158-1244-77ff-b158-9b54c89aa7e2, event: $snapshot, properties: Object, timestamp: Sat Jul 11 2026 18:52:34 GMT+0530 (India Standard Time)} @ http://localhost:3000/_next/static/chunks/node_modules_next_dist_115brz8._.js:2436
[   51299ms] [LOG] [PostHog.js] send "$snapshot" {uuid: 019f5158-238b-7446-b355-1b803af90ce9, event: $snapshot, properties: Object, timestamp: Sat Jul 11 2026 18:52:38 GMT+0530 (India Standard Time)} @ http://localhost:3000/_next/static/chunks/node_modules_next_dist_115brz8._.js:2436
[   58306ms] [LOG] [PostHog.js] send "$snapshot" {uuid: 019f5158-3eea-75a5-a3bf-e50b9aaa67ff, event: $snapshot, properties: Object, timestamp: Sat Jul 11 2026 18:52:45 GMT+0530 (India Standard Time)} @ http://localhost:3000/_next/static/chunks/node_modules_next_dist_115brz8._.js:2436
[   65298ms] [LOG] [PostHog.js] send "$snapshot" {uuid: 019f5158-5a3a-78c0-b2da-4d4cedb3afd6, event: $snapshot, properties: Object, timestamp: Sat Jul 11 2026 18:52:52 GMT+0530 (India Standard Time)} @ http://localhost:3000/_next/static/chunks/node_modules_next_dist_115brz8._.js:2436
[   72301ms] [LOG] [PostHog.js] send "$snapshot" {uuid: 019f5158-7594-7ae5-864e-d432c747f4bf, event: $snapshot, properties: Object, timestamp: Sat Jul 11 2026 18:52:59 GMT+0530 (India Standard Time)} @ http://localhost:3000/_next/static/chunks/node_modules_next_dist_115brz8._.js:2436
[   73503ms] [ERROR] WebSocket connection to 'ws://localhost:3000/_next/webpack-hmr?id=YukRCBJXVu6L28TkRFqLn' failed: Error in connection establishment: net::ERR_CONNECTION_REFUSED @ http://localhost:3000/_next/static/chunks/node_modules_next_dist_client_0fhqo1d._.js:13298
[   74507ms] [ERROR] WebSocket connection to 'ws://localhost:3000/_next/webpack-hmr?id=YukRCBJXVu6L28TkRFqLn' failed: Error in connection establishment: net::ERR_CONNECTION_REFUSED @ http://localhost:3000/_next/static/chunks/node_modules_next_dist_client_0fhqo1d._.js:13298
[   75306ms] [ERROR] Failed to load resource: net::ERR_CONNECTION_REFUSED @ http://localhost:3000/ingest/s/?ip=0&_=1783776182607&ver=1.372.1&compression=gzip-js:0
[   75307ms] [ERROR] [PostHog.js] TypeError: Failed to fetch
    at method (http://localhost:3000/_next/static/chunks/node_modules_posthog-js_dist_module_0p1-w_7.js:2851:9)
    at http://localhost:3000/_next/static/chunks/node_modules_posthog-js_dist_module_0p1-w_7.js:3744:17 @ http://localhost:3000/_next/static/chunks/node_modules_next_dist_115brz8._.js:3277
[   75307ms] [WARNING] [PostHog.js] Enqueued failed request for retry in 2798 @ http://localhost:3000/_next/static/chunks/node_modules_next_dist_115brz8._.js:2436
[   75311ms] [ERROR] WebSocket is already in CLOSING or CLOSED state. @ http://localhost:3000/_next/static/chunks/node_modules_next_dist_115brz8._.js:2795
[   75318ms] [ERROR] Failed to load resource: net::ERR_CONNECTION_REFUSED @ http://localhost:3000/__nextjs_original-stack-frames:0
[   75508ms] [ERROR] WebSocket connection to 'ws://localhost:3000/_next/webpack-hmr?id=YukRCBJXVu6L28TkRFqLn' failed: Error in connection establishment: net::ERR_CONNECTION_REFUSED @ http://localhost:3000/_next/static/chunks/node_modules_next_dist_client_0fhqo1d._.js:13298
[   76513ms] [ERROR] WebSocket connection to 'ws://localhost:3000/_next/webpack-hmr?id=YukRCBJXVu6L28TkRFqLn' failed: Error in connection establishment: net::ERR_CONNECTION_REFUSED @ http://localhost:3000/_next/static/chunks/node_modules_next_dist_client_0fhqo1d._.js:13298
[   77326ms] [LOG] [PostHog.js] send "$snapshot" {uuid: 019f5158-8936-79f3-a122-4487245eebf1, event: $snapshot, properties: Object, timestamp: Sat Jul 11 2026 18:53:04 GMT+0530 (India Standard Time)} @ http://localhost:3000/_next/static/chunks/node_modules_next_dist_115brz8._.js:2436
[   77341ms] [ERROR] WebSocket is already in CLOSING or CLOSED state. @ http://localhost:3000/_next/static/chunks/node_modules_next_dist_115brz8._.js:2795
[   77515ms] [ERROR] WebSocket connection to 'ws://localhost:3000/_next/webpack-hmr?id=YukRCBJXVu6L28TkRFqLn' failed: Error in connection establishment: net::ERR_CONNECTION_REFUSED @ http://localhost:3000/_next/static/chunks/node_modules_next_dist_client_0fhqo1d._.js:13298
[   78314ms] [ERROR] Failed to load resource: net::ERR_CONNECTION_REFUSED @ http://localhost:3000/ingest/s/?retry_count=1&ip=0&_=1783776185614&ver=1.372.1&compression=gzip-js:0
[   78314ms] [ERROR] [PostHog.js] TypeError: Failed to fetch
    at method (http://localhost:3000/_next/static/chunks/node_modules_posthog-js_dist_module_0p1-w_7.js:2851:9)
    at http://localhost:3000/_next/static/chunks/node_modules_posthog-js_dist_module_0p1-w_7.js:3744:17 @ http://localhost:3000/_next/static/chunks/node_modules_next_dist_115brz8._.js:3277
[   78315ms] [WARNING] [PostHog.js] Enqueued failed request for retry in 6843 @ http://localhost:3000/_next/static/chunks/node_modules_next_dist_115brz8._.js:2436
[   78323ms] [ERROR] WebSocket is already in CLOSING or CLOSED state. @ http://localhost:3000/_next/static/chunks/node_modules_next_dist_115brz8._.js:2795
[   79331ms] [LOG] [PostHog.js] send "$snapshot" {uuid: 019f5158-910a-7214-a39b-c1dfcc008f6e, event: $snapshot, properties: Object, timestamp: Sat Jul 11 2026 18:53:06 GMT+0530 (India Standard Time)} @ http://localhost:3000/_next/static/chunks/node_modules_next_dist_115brz8._.js:2436
[   79331ms] [ERROR] WebSocket is already in CLOSING or CLOSED state. @ http://localhost:3000/_next/static/chunks/node_modules_next_dist_115brz8._.js:2795
[   80335ms] [ERROR] Failed to load resource: net::ERR_CONNECTION_REFUSED @ http://localhost:3000/ingest/s/?ip=0&_=1783776187633&ver=1.372.1&compression=gzip-js:0
[   80335ms] [ERROR] [PostHog.js] TypeError: Failed to fetch
    at method (http://localhost:3000/_next/static/chunks/node_modules_posthog-js_dist_module_0p1-w_7.js:2851:9)
    at http://localhost:3000/_next/static/chunks/node_modules_posthog-js_dist_module_0p1-w_7.js:3744:17 @ http://localhost:3000/_next/static/chunks/node_modules_next_dist_115brz8._.js:3277
[   80335ms] [WARNING] [PostHog.js] Enqueued failed request for retry in 3512 @ http://localhost:3000/_next/static/chunks/node_modules_next_dist_115brz8._.js:2436
[   80337ms] [ERROR] WebSocket is already in CLOSING or CLOSED state. @ http://localhost:3000/_next/static/chunks/node_modules_next_dist_115brz8._.js:2795
[   82520ms] [ERROR] WebSocket connection to 'ws://localhost:3000/_next/webpack-hmr?id=YukRCBJXVu6L28TkRFqLn' failed: Error in connection establishment: net::ERR_CONNECTION_REFUSED @ http://localhost:3000/_next/static/chunks/node_modules_next_dist_client_0fhqo1d._.js:13298
[   84322ms] [ERROR] Failed to load resource: net::ERR_CONNECTION_REFUSED @ http://localhost:3000/ingest/s/?retry_count=1&ip=0&_=1783776191622&ver=1.372.1&compression=gzip-js:0
[   84322ms] [ERROR] [PostHog.js] TypeError: Failed to fetch
    at method (http://localhost:3000/_next/static/chunks/node_modules_posthog-js_dist_module_0p1-w_7.js:2851:9)
    at http://localhost:3000/_next/static/chunks/node_modules_posthog-js_dist_module_0p1-w_7.js:3744:17 @ http://localhost:3000/_next/static/chunks/node_modules_next_dist_115brz8._.js:3277
[   84322ms] [WARNING] [PostHog.js] Enqueued failed request for retry in 5637 @ http://localhost:3000/_next/static/chunks/node_modules_next_dist_115brz8._.js:2436
[   84324ms] [ERROR] WebSocket is already in CLOSING or CLOSED state. @ http://localhost:3000/_next/static/chunks/node_modules_next_dist_115brz8._.js:2795
[   86299ms] [LOG] [PostHog.js] send "$snapshot" {uuid: 019f5158-ac42-709e-8b85-fd3a1515003d, event: $snapshot, properties: Object, timestamp: Sat Jul 11 2026 18:53:13 GMT+0530 (India Standard Time)} @ http://localhost:3000/_next/static/chunks/node_modules_next_dist_115brz8._.js:2436
[   86300ms] [ERROR] WebSocket is already in CLOSING or CLOSED state. @ http://localhost:3000/_next/static/chunks/node_modules_next_dist_115brz8._.js:2795
[   87325ms] [ERROR] Failed to load resource: net::ERR_CONNECTION_REFUSED @ http://localhost:3000/ingest/s/?retry_count=2&ip=0&_=1783776194625&ver=1.372.1&compression=gzip-js:0
[   87326ms] [ERROR] [PostHog.js] TypeError: Failed to fetch
    at method (http://localhost:3000/_next/static/chunks/node_modules_posthog-js_dist_module_0p1-w_7.js:2851:9)
    at http://localhost:3000/_next/static/chunks/node_modules_posthog-js_dist_module_0p1-w_7.js:3744:17 @ http://localhost:3000/_next/static/chunks/node_modules_next_dist_115brz8._.js:3277
[   87326ms] [WARNING] [PostHog.js] Enqueued failed request for retry in 14018 @ http://localhost:3000/_next/static/chunks/node_modules_next_dist_115brz8._.js:2436
[   87327ms] [ERROR] WebSocket is already in CLOSING or CLOSED state. @ http://localhost:3000/_next/static/chunks/node_modules_next_dist_115brz8._.js:2795
[   87522ms] [ERROR] WebSocket connection to 'ws://localhost:3000/_next/webpack-hmr?id=YukRCBJXVu6L28TkRFqLn' failed: Error in connection establishment: net::ERR_CONNECTION_REFUSED @ http://localhost:3000/_next/static/chunks/node_modules_next_dist_client_0fhqo1d._.js:13298
[   89304ms] [ERROR] Failed to load resource: net::ERR_CONNECTION_REFUSED @ http://localhost:3000/ingest/s/?ip=0&_=1783776196605&ver=1.372.1&compression=gzip-js:0
[   89304ms] [ERROR] [PostHog.js] TypeError: Failed to fetch
    at method (http://localhost:3000/_next/static/chunks/node_modules_posthog-js_dist_module_0p1-w_7.js:2851:9)
    at http://localhost:3000/_next/static/chunks/node_modules_posthog-js_dist_module_0p1-w_7.js:3744:17 @ http://localhost:3000/_next/static/chunks/node_modules_next_dist_115brz8._.js:3277
[   89304ms] [WARNING] [PostHog.js] Enqueued failed request for retry in 2489 @ http://localhost:3000/_next/static/chunks/node_modules_next_dist_115brz8._.js:2436
[   89305ms] [ERROR] WebSocket is already in CLOSING or CLOSED state. @ http://localhost:3000/_next/static/chunks/node_modules_next_dist_115brz8._.js:2795
[   90329ms] [ERROR] Failed to load resource: net::ERR_CONNECTION_REFUSED @ http://localhost:3000/ingest/s/?retry_count=2&ip=0&_=1783776197627&ver=1.372.1&compression=gzip-js:0
[   90329ms] [ERROR] [PostHog.js] TypeError: Failed to fetch
    at method (http://localhost:3000/_next/static/chunks/node_modules_posthog-js_dist_module_0p1-w_7.js:2851:9)
    at http://localhost:3000/_next/static/chunks/node_modules_posthog-js_dist_module_0p1-w_7.js:3744:17 @ http://localhost:3000/_next/static/chunks/node_modules_next_dist_115brz8._.js:3277
[   90329ms] [WARNING] [PostHog.js] Enqueued failed request for retry in 13493 @ http://localhost:3000/_next/static/chunks/node_modules_next_dist_115brz8._.js:2436
[   90330ms] [ERROR] WebSocket is already in CLOSING or CLOSED state. @ http://localhost:3000/_next/static/chunks/node_modules_next_dist_115brz8._.js:2795
[   92526ms] [ERROR] WebSocket connection to 'ws://localhost:3000/_next/webpack-hmr?id=YukRCBJXVu6L28TkRFqLn' failed: Error in connection establishment: net::ERR_CONNECTION_REFUSED @ http://localhost:3000/_next/static/chunks/node_modules_next_dist_client_0fhqo1d._.js:13298
[   93296ms] [LOG] [PostHog.js] send "$snapshot" {uuid: 019f5158-c798-7cbb-8cd9-2763d4065434, event: $snapshot, properties: Object, timestamp: Sat Jul 11 2026 18:53:20 GMT+0530 (India Standard Time)} @ http://localhost:3000/_next/static/chunks/node_modules_next_dist_115brz8._.js:2436
[   93298ms] [ERROR] WebSocket is already in CLOSING or CLOSED state. @ http://localhost:3000/_next/static/chunks/node_modules_next_dist_115brz8._.js:2795
[   93329ms] [ERROR] Failed to load resource: net::ERR_CONNECTION_REFUSED @ http://localhost:3000/ingest/s/?retry_count=1&ip=0&_=1783776200630&ver=1.372.1&compression=gzip-js:0
[   93329ms] [ERROR] [PostHog.js] TypeError: Failed to fetch
    at method (http://localhost:3000/_next/static/chunks/node_modules_posthog-js_dist_module_0p1-w_7.js:2851:9)
    at http://localhost:3000/_next/static/chunks/node_modules_posthog-js_dist_module_0p1-w_7.js:3744:17 @ http://localhost:3000/_next/static/chunks/node_modules_next_dist_115brz8._.js:3277
[   93329ms] [WARNING] [PostHog.js] Enqueued failed request for retry in 5449 @ http://localhost:3000/_next/static/chunks/node_modules_next_dist_115brz8._.js:2436
[   93340ms] [ERROR] WebSocket is already in CLOSING or CLOSED state. @ http://localhost:3000/_next/static/chunks/node_modules_next_dist_115brz8._.js:2795
[   96304ms] [ERROR] Failed to load resource: net::ERR_CONNECTION_REFUSED @ http://localhost:3000/ingest/s/?ip=0&_=1783776203603&ver=1.372.1&compression=gzip-js:0
[   96304ms] [ERROR] [PostHog.js] TypeError: Failed to fetch
    at method (http://localhost:3000/_next/static/chunks/node_modules_posthog-js_dist_module_0p1-w_7.js:2851:9)
    at http://localhost:3000/_next/static/chunks/node_modules_posthog-js_dist_module_0p1-w_7.js:3744:17 @ http://localhost:3000/_next/static/chunks/node_modules_next_dist_115brz8._.js:3277
[   96305ms] [WARNING] [PostHog.js] Enqueued failed request for retry in 2870 @ http://localhost:3000/_next/static/chunks/node_modules_next_dist_115brz8._.js:2436
[   96306ms] [ERROR] WebSocket is already in CLOSING or CLOSED state. @ http://localhost:3000/_next/static/chunks/node_modules_next_dist_115brz8._.js:2795
[   97532ms] [ERROR] WebSocket connection to 'ws://localhost:3000/_next/webpack-hmr?id=YukRCBJXVu6L28TkRFqLn' failed: Error in connection establishment: net::ERR_CONNECTION_REFUSED @ http://localhost:3000/_next/static/chunks/node_modules_next_dist_client_0fhqo1d._.js:13298
[   99336ms] [ERROR] Failed to load resource: net::ERR_CONNECTION_REFUSED @ http://localhost:3000/ingest/s/?retry_count=2&ip=0&_=1783776206634&ver=1.372.1&compression=gzip-js:0
[   99336ms] [ERROR] [PostHog.js] TypeError: Failed to fetch
    at method (http://localhost:3000/_next/static/chunks/node_modules_posthog-js_dist_module_0p1-w_7.js:2851:9)
    at http://localhost:3000/_next/static/chunks/node_modules_posthog-js_dist_module_0p1-w_7.js:3744:17 @ http://localhost:3000/_next/static/chunks/node_modules_next_dist_115brz8._.js:3277
[   99336ms] [WARNING] [PostHog.js] Enqueued failed request for retry in 14083 @ http://localhost:3000/_next/static/chunks/node_modules_next_dist_115brz8._.js:2436
[   99337ms] [ERROR] Failed to load resource: net::ERR_CONNECTION_REFUSED @ http://localhost:3000/ingest/s/?retry_count=1&ip=0&_=1783776206635&ver=1.372.1&compression=gzip-js:0
[   99337ms] [ERROR] [PostHog.js] TypeError: Failed to fetch
    at method (http://localhost:3000/_next/static/chunks/node_modules_posthog-js_dist_module_0p1-w_7.js:2851:9)
    at http://localhost:3000/_next/static/chunks/node_modules_posthog-js_dist_module_0p1-w_7.js:3744:17 @ http://localhost:3000/_next/static/chunks/node_modules_next_dist_115brz8._.js:3277
[   99337ms] [WARNING] [PostHog.js] Enqueued failed request for retry in 6805 @ http://localhost:3000/_next/static/chunks/node_modules_next_dist_115brz8._.js:2436
[   99338ms] [ERROR] WebSocket is already in CLOSING or CLOSED state. @ http://localhost:3000/_next/static/chunks/node_modules_next_dist_115brz8._.js:2795
[  100301ms] [LOG] [PostHog.js] send "$snapshot" {uuid: 019f5158-e2f4-7a2a-8ad0-9d8cbe56bafd, event: $snapshot, properties: Object, timestamp: Sat Jul 11 2026 18:53:27 GMT+0530 (India Standard Time)} @ http://localhost:3000/_next/static/chunks/node_modules_next_dist_115brz8._.js:2436
[  100302ms] [ERROR] WebSocket is already in CLOSING or CLOSED state. @ http://localhost:3000/_next/static/chunks/node_modules_next_dist_115brz8._.js:2795
[  102339ms] [ERROR] Failed to load resource: net::ERR_CONNECTION_REFUSED @ http://localhost:3000/ingest/s/?retry_count=3&ip=0&_=1783776209638&ver=1.372.1&compression=gzip-js:0
[  102339ms] [ERROR] [PostHog.js] TypeError: Failed to fetch
    at method (http://localhost:3000/_next/static/chunks/node_modules_posthog-js_dist_module_0p1-w_7.js:2851:9)
    at http://localhost:3000/_next/static/chunks/node_modules_posthog-js_dist_module_0p1-w_7.js:3744:17 @ http://localhost:3000/_next/static/chunks/node_modules_next_dist_115brz8._.js:3277
[  102340ms] [WARNING] [PostHog.js] Enqueued failed request for retry in 26502 @ http://localhost:3000/_next/static/chunks/node_modules_next_dist_115brz8._.js:2436
[  102341ms] [ERROR] WebSocket is already in CLOSING or CLOSED state. @ http://localhost:3000/_next/static/chunks/node_modules_next_dist_115brz8._.js:2795
[  102535ms] [ERROR] WebSocket connection to 'ws://localhost:3000/_next/webpack-hmr?id=YukRCBJXVu6L28TkRFqLn' failed: Error in connection establishment: net::ERR_CONNECTION_REFUSED @ http://localhost:3000/_next/static/chunks/node_modules_next_dist_client_0fhqo1d._.js:13298
[  103309ms] [ERROR] Failed to load resource: net::ERR_CONNECTION_REFUSED @ http://localhost:3000/ingest/s/?ip=0&_=1783776210608&ver=1.372.1&compression=gzip-js:0
[  103309ms] [ERROR] [PostHog.js] TypeError: Failed to fetch
    at method (http://localhost:3000/_next/static/chunks/node_modules_posthog-js_dist_module_0p1-w_7.js:2851:9)
    at http://localhost:3000/_next/static/chunks/node_modules_posthog-js_dist_module_0p1-w_7.js:3744:17 @ http://localhost:3000/_next/static/chunks/node_modules_next_dist_115brz8._.js:3277
[  103310ms] [WARNING] [PostHog.js] Enqueued failed request for retry in 2877 @ http://localhost:3000/_next/static/chunks/node_modules_next_dist_115brz8._.js:2436
[  103311ms] [ERROR] WebSocket is already in CLOSING or CLOSED state. @ http://localhost:3000/_next/static/chunks/node_modules_next_dist_115brz8._.js:2795
[  105340ms] [ERROR] Failed to load resource: net::ERR_CONNECTION_REFUSED @ http://localhost:3000/ingest/s/?retry_count=3&ip=0&_=1783776212640&ver=1.372.1&compression=gzip-js:0
[  105340ms] [ERROR] [PostHog.js] TypeError: Failed to fetch
    at method (http://localhost:3000/_next/static/chunks/node_modules_posthog-js_dist_module_0p1-w_7.js:2851:9)
    at http://localhost:3000/_next/static/chunks/node_modules_posthog-js_dist_module_0p1-w_7.js:3744:17 @ http://localhost:3000/_next/static/chunks/node_modules_next_dist_115brz8._.js:3277
[  105340ms] [WARNING] [PostHog.js] Enqueued failed request for retry in 18223 @ http://localhost:3000/_next/static/chunks/node_modules_next_dist_115brz8._.js:2436
[  105342ms] [ERROR] WebSocket is already in CLOSING or CLOSED state. @ http://localhost:3000/_next/static/chunks/node_modules_next_dist_115brz8._.js:2795
[  107302ms] [LOG] [PostHog.js] send "$snapshot" {uuid: 019f5158-fe4d-7f08-b935-8411ddf6d922, event: $snapshot, properties: Object, timestamp: Sat Jul 11 2026 18:53:34 GMT+0530 (India Standard Time)} @ http://localhost:3000/_next/static/chunks/node_modules_next_dist_115brz8._.js:2436
[  107303ms] [ERROR] WebSocket is already in CLOSING or CLOSED state. @ http://localhost:3000/_next/static/chunks/node_modules_next_dist_115brz8._.js:2795
[  107543ms] [ERROR] WebSocket connection to 'ws://localhost:3000/_next/webpack-hmr?id=YukRCBJXVu6L28TkRFqLn' failed: Error in connection establishment: net::ERR_CONNECTION_REFUSED @ http://localhost:3000/_next/static/chunks/node_modules_next_dist_client_0fhqo1d._.js:13298
[  108345ms] [ERROR] Failed to load resource: net::ERR_CONNECTION_REFUSED @ http://localhost:3000/ingest/s/?retry_count=2&ip=0&_=1783776215643&ver=1.372.1&compression=gzip-js:0
[  108346ms] [ERROR] [PostHog.js] TypeError: Failed to fetch
    at method (http://localhost:3000/_next/static/chunks/node_modules_posthog-js_dist_module_0p1-w_7.js:2851:9)
    at http://localhost:3000/_next/static/chunks/node_modules_posthog-js_dist_module_0p1-w_7.js:3744:17 @ http://localhost:3000/_next/static/chunks/node_modules_next_dist_115brz8._.js:3277
[  108346ms] [WARNING] [PostHog.js] Enqueued failed request for retry in 9783 @ http://localhost:3000/_next/static/chunks/node_modules_next_dist_115brz8._.js:2436
[  108347ms] [ERROR] Failed to load resource: net::ERR_CONNECTION_REFUSED @ http://localhost:3000/ingest/s/?retry_count=1&ip=0&_=1783776215644&ver=1.372.1&compression=gzip-js:0
[  108347ms] [ERROR] [PostHog.js] TypeError: Failed to fetch
    at method (http://localhost:3000/_next/static/chunks/node_modules_posthog-js_dist_module_0p1-w_7.js:2851:9)
    at http://localhost:3000/_next/static/chunks/node_modules_posthog-js_dist_module_0p1-w_7.js:3744:17 @ http://localhost:3000/_next/static/chunks/node_modules_next_dist_115brz8._.js:3277
[  108347ms] [WARNING] [PostHog.js] Enqueued failed request for retry in 4899 @ http://localhost:3000/_next/static/chunks/node_modules_next_dist_115brz8._.js:2436
[  108348ms] [ERROR] WebSocket is already in CLOSING or CLOSED state. @ http://localhost:3000/_next/static/chunks/node_modules_next_dist_115brz8._.js:2795
[  110310ms] [ERROR] Failed to load resource: net::ERR_CONNECTION_REFUSED @ http://localhost:3000/ingest/s/?ip=0&_=1783776217608&ver=1.372.1&compression=gzip-js:0
[  110310ms] [ERROR] [PostHog.js] TypeError: Failed to fetch
    at method (http://localhost:3000/_next/static/chunks/node_modules_posthog-js_dist_module_0p1-w_7.js:2851:9)
    at http://localhost:3000/_next/static/chunks/node_modules_posthog-js_dist_module_0p1-w_7.js:3744:17 @ http://localhost:3000/_next/static/chunks/node_modules_next_dist_115brz8._.js:3277
[  110310ms] [WARNING] [PostHog.js] Enqueued failed request for retry in 3623 @ http://localhost:3000/_next/static/chunks/node_modules_next_dist_115brz8._.js:2436
[  110312ms] [ERROR] WebSocket is already in CLOSING or CLOSED state. @ http://localhost:3000/_next/static/chunks/node_modules_next_dist_115brz8._.js:2795
[  112548ms] [ERROR] WebSocket connection to 'ws://localhost:3000/_next/webpack-hmr?id=YukRCBJXVu6L28TkRFqLn' failed: Error in connection establishment: net::ERR_CONNECTION_REFUSED @ http://localhost:3000/_next/static/chunks/node_modules_next_dist_client_0fhqo1d._.js:13298
[  112550ms] [LOG] [PostHog.js] send "$snapshot" {uuid: 019f5159-12ce-70b2-a930-65c6b01a4cdb, event: $snapshot, properties: Object, timestamp: Sat Jul 11 2026 18:53:39 GMT+0530 (India Standard Time)} @ http://localhost:3000/_next/static/chunks/node_modules_next_dist_115brz8._.js:2436
[  112557ms] [ERROR] WebSocket is already in CLOSING or CLOSED state. @ http://localhost:3000/_next/static/chunks/node_modules_next_dist_115brz8._.js:2795
