[      62ms] [LOG] [PostHog.js] send "$pageleave" {uuid: 019eb1d6-0487-7d1c-9051-ef914215a657, event: $pageleave, properties: Object, timestamp: Wed Jun 10 2026 19:30:53 GMT+0530 (India Standard Time)} @ http://localhost:3000/_next/static/chunks/node_modules_next_dist_115brz8._.js:2436
[      86ms] [LOG] [PostHog.js] set_config {config: Object, oldConfig: Object, newConfig: Object} @ http://localhost:3000/_next/static/chunks/node_modules_posthog-js_dist_module_0p1-w_7.js:1019
[      86ms] [LOG] [PostHog.js] Persistence loaded localStorage+cookie {$device_id: 019eb1b2-9d5a-7971-9c96-b85b88808cb7, distinct_id: 019eb1b2-9d5a-7971-9c96-b85b88808cb7, $sesid: Array(3), $epp: true, $initial_person_info: Object} @ http://localhost:3000/_next/static/chunks/node_modules_posthog-js_dist_module_0p1-w_7.js:1019
[      87ms] [LOG] [PostHog.js] Persistence loaded sessionStorage {$sdk_debug_extensions_init_method: synchronous, $sdk_debug_extensions_init_time_ms: 2, $referrer: $direct, $referring_domain: $direct, $sdk_debug_replay_remote_trigger_matching_config: null} @ http://localhost:3000/_next/static/chunks/node_modules_posthog-js_dist_module_0p1-w_7.js:1019
[      87ms] [LOG] [PostHog.js] Initializing extensions synchronously @ http://localhost:3000/_next/static/chunks/node_modules_posthog-js_dist_module_0p1-w_7.js:1019
[      87ms] [LOG] [PostHog.js] [Web Vitals] enabled, starting... @ http://localhost:3000/_next/static/chunks/node_modules_posthog-js_dist_module_0p1-w_7.js:1019
[      88ms] [LOG] [PostHog.js] [ExceptionAutocapture] enabled @ http://localhost:3000/_next/static/chunks/node_modules_posthog-js_dist_module_0p1-w_7.js:1019
[      88ms] [LOG] [PostHog.js] History API monitoring enabled, starting... @ http://localhost:3000/_next/static/chunks/node_modules_posthog-js_dist_module_0p1-w_7.js:1019
[      88ms] [LOG] [PostHog.js] [SessionRecording] starting @ http://localhost:3000/_next/static/chunks/node_modules_posthog-js_dist_module_0p1-w_7.js:1019
[      88ms] [LOG] [PostHog.js] [Heatmaps] starting... @ http://localhost:3000/_next/static/chunks/node_modules_posthog-js_dist_module_0p1-w_7.js:1019
[      89ms] [LOG] [PostHog.js] Starting in debug mode {this: qn, config: Object, thisC: Object, p: Object, s: Object} @ http://localhost:3000/_next/static/chunks/node_modules_posthog-js_dist_module_0p1-w_7.js:1019
[      90ms] [LOG] [PostHog.js] send "$set" {uuid: 019eb1d6-04a3-733c-a691-8f2b6c0f6bb6, event: $set, properties: Object, $set_once: Object, timestamp: Wed Jun 10 2026 19:30:53 GMT+0530 (India Standard Time)} @ http://localhost:3000/_next/static/chunks/node_modules_posthog-js_dist_module_0p1-w_7.js:1019
[      91ms] [INFO] %cDownload the React DevTools for a better development experience: https://react.dev/link/react-devtools font-weight:bold @ http://localhost:3000/_next/static/chunks/node_modules_next_dist_115brz8._.js:2436
[     106ms] [LOG] [PostHog.js] [Dead Clicks] starting... @ http://localhost:3000/_next/static/chunks/node_modules_next_dist_115brz8._.js:2436
[     107ms] [LOG] [PostHog.js] Persistence loaded sessionStorage {$sdk_debug_extensions_init_method: synchronous, $sdk_debug_extensions_init_time_ms: 1, $referrer: $direct, $referring_domain: $direct, $sdk_debug_replay_remote_trigger_matching_config: null} @ http://localhost:3000/_next/static/chunks/node_modules_next_dist_115brz8._.js:2436
[     107ms] [LOG] [PostHog.js] set_config {config: Object, oldConfig: Object, newConfig: Object} @ http://localhost:3000/_next/static/chunks/node_modules_next_dist_115brz8._.js:2436
[     107ms] [LOG] [PostHog.js] [ExceptionAutocapture] enabled @ http://localhost:3000/_next/static/chunks/node_modules_next_dist_115brz8._.js:2436
[     107ms] [LOG] [PostHog.js] [Surveys] flags response received, isSurveysEnabled: false @ http://localhost:3000/_next/static/chunks/node_modules_next_dist_115brz8._.js:2436
[     107ms] [LOG] [PostHog.js] [ExceptionAutocapture] enabled @ http://localhost:3000/_next/static/chunks/node_modules_next_dist_115brz8._.js:2436
[     112ms] [LOG] [PostHog.js] send "$pageview" {uuid: 019eb1d6-04b9-70df-926c-0cf060567595, event: $pageview, properties: Object, timestamp: Wed Jun 10 2026 19:30:53 GMT+0530 (India Standard Time)} @ http://localhost:3000/_next/static/chunks/node_modules_next_dist_115brz8._.js:2436
[     116ms] [LOG] [PostHog.js] [Surveys] Surveys loaded successfully @ http://localhost:3000/_next/static/chunks/node_modules_next_dist_115brz8._.js:2436
[     117ms] [LOG] [HMR] connected @ http://localhost:3000/_next/static/chunks/node_modules_next_dist_115brz8._.js:2436
[    2149ms] [LOG] [PostHog.js] send "$snapshot" {uuid: 019eb1d6-0cad-7896-a17b-4a4433b39061, event: $snapshot, properties: Object, timestamp: Wed Jun 10 2026 19:30:55 GMT+0530 (India Standard Time)} @ http://localhost:3000/_next/static/chunks/node_modules_next_dist_115brz8._.js:2436
[    4174ms] [LOG] [PostHog.js] send "$snapshot" {uuid: 019eb1d6-1496-71fa-a8b9-a8801d7731cc, event: $snapshot, properties: Object, timestamp: Wed Jun 10 2026 19:30:57 GMT+0530 (India Standard Time)} @ http://localhost:3000/_next/static/chunks/node_modules_next_dist_115brz8._.js:2436
[    5149ms] [LOG] [PostHog.js] send "$web_vitals" {uuid: 019eb1d6-1865-7c81-b0c4-40b73759557e, event: $web_vitals, properties: Object, timestamp: Wed Jun 10 2026 19:30:58 GMT+0530 (India Standard Time)} @ http://localhost:3000/_next/static/chunks/node_modules_next_dist_115brz8._.js:2436
[   38041ms] [LOG] [PostHog.js] send "$snapshot" {uuid: 019eb1d6-98e2-7753-8b9f-93681c738852, event: $snapshot, properties: Object, timestamp: Wed Jun 10 2026 19:31:31 GMT+0530 (India Standard Time)} @ http://localhost:3000/_next/static/chunks/node_modules_next_dist_115brz8._.js:2436
[  217684ms] [LOG] [PostHog.js] send "$snapshot" {uuid: 019eb1d9-569c-7cb1-9439-49e174e4e8ab, event: $snapshot, properties: Object, timestamp: Wed Jun 10 2026 19:34:31 GMT+0530 (India Standard Time)} @ http://localhost:3000/_next/static/chunks/node_modules_next_dist_115brz8._.js:2436
[  302111ms] [LOG] [PostHog.js] send "$snapshot" {uuid: 019eb1da-a067-75a2-a707-801dd775c23f, event: $snapshot, properties: Object, timestamp: Wed Jun 10 2026 19:35:55 GMT+0530 (India Standard Time)} @ http://localhost:3000/_next/static/chunks/node_modules_next_dist_115brz8._.js:2436
[  600126ms] [LOG] [PostHog.js] send "$snapshot" {uuid: 019eb1df-2c86-7ad9-9b06-2a9519af28b1, event: $snapshot, properties: Object, timestamp: Wed Jun 10 2026 19:40:53 GMT+0530 (India Standard Time)} @ http://localhost:3000/_next/static/chunks/node_modules_next_dist_115brz8._.js:2436
[  802455ms] [ERROR] WebSocket connection to 'ws://localhost:3000/_next/webpack-hmr?id=47Mn5J0oDSZRXUceI2fcT' failed: Error in connection establishment: net::ERR_CONNECTION_REFUSED @ http://localhost:3000/_next/static/chunks/node_modules_next_dist_client_0fhqo1d._.js:13298
[  803457ms] [ERROR] WebSocket connection to 'ws://localhost:3000/_next/webpack-hmr?id=47Mn5J0oDSZRXUceI2fcT' failed: Error in connection establishment: net::ERR_CONNECTION_REFUSED @ http://localhost:3000/_next/static/chunks/node_modules_next_dist_client_0fhqo1d._.js:13298
[  804459ms] [ERROR] WebSocket connection to 'ws://localhost:3000/_next/webpack-hmr?id=47Mn5J0oDSZRXUceI2fcT' failed: Error in connection establishment: net::ERR_CONNECTION_REFUSED @ http://localhost:3000/_next/static/chunks/node_modules_next_dist_client_0fhqo1d._.js:13298
[  805473ms] [LOG] [HMR] connected @ http://localhost:3000/_next/static/chunks/node_modules_next_dist_115brz8._.js:2436
[  805817ms] [LOG] [PostHog.js] send "$pageleave" {uuid: 019eb1e2-5001-7f0d-a144-3de964ccc718, event: $pageleave, properties: Object, timestamp: Wed Jun 10 2026 19:44:19 GMT+0530 (India Standard Time)} @ http://localhost:3000/_next/static/chunks/node_modules_next_dist_115brz8._.js:2436
[  805869ms] [LOG] [PostHog.js] set_config {config: Object, oldConfig: Object, newConfig: Object} @ http://localhost:3000/_next/static/chunks/node_modules_posthog-js_dist_module_0p1-w_7.js:1019
[  805869ms] [LOG] [PostHog.js] Persistence loaded localStorage+cookie {$device_id: 019eb1b2-9d5a-7971-9c96-b85b88808cb7, distinct_id: 019eb1b2-9d5a-7971-9c96-b85b88808cb7, $sesid: Array(3), $epp: true, $initial_person_info: Object} @ http://localhost:3000/_next/static/chunks/node_modules_posthog-js_dist_module_0p1-w_7.js:1019
[  805870ms] [LOG] [PostHog.js] Persistence loaded sessionStorage {$sdk_debug_extensions_init_method: synchronous, $sdk_debug_extensions_init_time_ms: 1, $referrer: $direct, $referring_domain: $direct, $sdk_debug_replay_remote_trigger_matching_config: null} @ http://localhost:3000/_next/static/chunks/node_modules_posthog-js_dist_module_0p1-w_7.js:1019
[  805871ms] [LOG] [PostHog.js] Initializing extensions synchronously @ http://localhost:3000/_next/static/chunks/node_modules_posthog-js_dist_module_0p1-w_7.js:1019
[  805871ms] [LOG] [PostHog.js] [Web Vitals] enabled, starting... @ http://localhost:3000/_next/static/chunks/node_modules_posthog-js_dist_module_0p1-w_7.js:1019
[  805871ms] [LOG] [PostHog.js] [ExceptionAutocapture] enabled @ http://localhost:3000/_next/static/chunks/node_modules_posthog-js_dist_module_0p1-w_7.js:1019
[  805871ms] [LOG] [PostHog.js] History API monitoring enabled, starting... @ http://localhost:3000/_next/static/chunks/node_modules_posthog-js_dist_module_0p1-w_7.js:1019
[  805872ms] [LOG] [PostHog.js] [SessionRecording] starting @ http://localhost:3000/_next/static/chunks/node_modules_posthog-js_dist_module_0p1-w_7.js:1019
[  805872ms] [LOG] [PostHog.js] [Heatmaps] starting... @ http://localhost:3000/_next/static/chunks/node_modules_posthog-js_dist_module_0p1-w_7.js:1019
[  805872ms] [LOG] [PostHog.js] Starting in debug mode {this: qn, config: Object, thisC: Object, p: Object, s: Object} @ http://localhost:3000/_next/static/chunks/node_modules_posthog-js_dist_module_0p1-w_7.js:1019
[  805874ms] [LOG] [PostHog.js] send "$set" {uuid: 019eb1e2-503a-73f2-bf15-c18b02530516, event: $set, properties: Object, $set_once: Object, timestamp: Wed Jun 10 2026 19:44:19 GMT+0530 (India Standard Time)} @ http://localhost:3000/_next/static/chunks/node_modules_posthog-js_dist_module_0p1-w_7.js:1019
[  805875ms] [INFO] %cDownload the React DevTools for a better development experience: https://react.dev/link/react-devtools font-weight:bold @ http://localhost:3000/_next/static/chunks/node_modules_next_dist_115brz8._.js:2436
[  805891ms] [LOG] [PostHog.js] [Dead Clicks] starting... @ http://localhost:3000/_next/static/chunks/node_modules_next_dist_115brz8._.js:2436
[  805897ms] [LOG] [PostHog.js] send "$pageview" {uuid: 019eb1e2-5052-748f-83b2-c8068051754a, event: $pageview, properties: Object, timestamp: Wed Jun 10 2026 19:44:19 GMT+0530 (India Standard Time)} @ http://localhost:3000/_next/static/chunks/node_modules_next_dist_115brz8._.js:2436
[  805905ms] [LOG] [HMR] connected @ http://localhost:3000/_next/static/chunks/node_modules_next_dist_115brz8._.js:2436
[  806321ms] [LOG] [PostHog.js] Persistence loaded sessionStorage {$sdk_debug_extensions_init_method: synchronous, $sdk_debug_extensions_init_time_ms: 1, $referrer: $direct, $referring_domain: $direct, $sdk_debug_replay_remote_trigger_matching_config: null} @ http://localhost:3000/_next/static/chunks/node_modules_next_dist_115brz8._.js:2436
[  806321ms] [LOG] [PostHog.js] set_config {config: Object, oldConfig: Object, newConfig: Object} @ http://localhost:3000/_next/static/chunks/node_modules_next_dist_115brz8._.js:2436
[  806321ms] [LOG] [PostHog.js] [ExceptionAutocapture] enabled @ http://localhost:3000/_next/static/chunks/node_modules_next_dist_115brz8._.js:2436
[  806322ms] [LOG] [PostHog.js] [Surveys] flags response received, isSurveysEnabled: false @ http://localhost:3000/_next/static/chunks/node_modules_next_dist_115brz8._.js:2436
[  806322ms] [LOG] [PostHog.js] [ExceptionAutocapture] enabled @ http://localhost:3000/_next/static/chunks/node_modules_next_dist_115brz8._.js:2436
[  806325ms] [LOG] [PostHog.js] [Surveys] Surveys loaded successfully @ http://localhost:3000/_next/static/chunks/node_modules_next_dist_115brz8._.js:2436
[  807934ms] [LOG] [PostHog.js] send "$snapshot" {uuid: 019eb1e2-5846-770b-bea1-26f7286195a7, event: $snapshot, properties: Object, timestamp: Wed Jun 10 2026 19:44:21 GMT+0530 (India Standard Time)} @ http://localhost:3000/_next/static/chunks/node_modules_next_dist_115brz8._.js:2436
[  809956ms] [LOG] [PostHog.js] send "$snapshot" {uuid: 019eb1e2-602c-7f32-9635-f14eedbd7a27, event: $snapshot, properties: Object, timestamp: Wed Jun 10 2026 19:44:23 GMT+0530 (India Standard Time)} @ http://localhost:3000/_next/static/chunks/node_modules_next_dist_115brz8._.js:2436
[  810909ms] [LOG] [PostHog.js] send "$web_vitals" {uuid: 019eb1e2-63e5-7d61-9476-11afecc95a46, event: $web_vitals, properties: Object, timestamp: Wed Jun 10 2026 19:44:24 GMT+0530 (India Standard Time)} @ http://localhost:3000/_next/static/chunks/node_modules_next_dist_115brz8._.js:2436
[  821478ms] [LOG] [PostHog.js] send "$snapshot" {uuid: 019eb1e2-8d2f-7bc3-8323-c84d5f73efa7, event: $snapshot, properties: Object, timestamp: Wed Jun 10 2026 19:44:35 GMT+0530 (India Standard Time)} @ http://localhost:3000/_next/static/chunks/node_modules_next_dist_115brz8._.js:2436
[  837279ms] [LOG] [PostHog.js] send "$snapshot" {uuid: 019eb1e2-cae8-7ecc-ab05-8b67682375f2, event: $snapshot, properties: Object, timestamp: Wed Jun 10 2026 19:44:50 GMT+0530 (India Standard Time)} @ http://localhost:3000/_next/static/chunks/node_modules_next_dist_115brz8._.js:2436
[  852719ms] [LOG] [PostHog.js] send "$snapshot" {uuid: 019eb1e3-0738-7859-b2bd-303e016a7e4d, event: $snapshot, properties: Object, timestamp: Wed Jun 10 2026 19:45:06 GMT+0530 (India Standard Time)} @ http://localhost:3000/_next/static/chunks/node_modules_next_dist_115brz8._.js:2436
[  918236ms] [LOG] [Fast Refresh] rebuilding @ http://localhost:3000/_next/static/chunks/node_modules_next_dist_115brz8._.js:2436
[  918972ms] [LOG] [Fast Refresh] done in 813ms @ http://localhost:3000/_next/static/chunks/node_modules_next_dist_115brz8._.js:2436
[  920139ms] [LOG] [PostHog.js] send "$snapshot" {uuid: 019eb1e4-0e94-7d51-9c33-5f28977e8537, event: $snapshot, properties: Object, timestamp: Wed Jun 10 2026 19:46:13 GMT+0530 (India Standard Time)} @ http://localhost:3000/_next/static/chunks/node_modules_next_dist_115brz8._.js:2436
[  931911ms] [ERROR] WebSocket connection to 'ws://localhost:3000/_next/webpack-hmr?id=rUzuff48T-hBzpa7mtXyG' failed: Error in connection establishment: net::ERR_CONNECTION_REFUSED @ http://localhost:3000/_next/static/chunks/node_modules_next_dist_client_0fhqo1d._.js:13298
[  932980ms] [LOG] [HMR] connected @ http://localhost:3000/_next/static/chunks/node_modules_next_dist_115brz8._.js:2436
[  932981ms] [LOG] [PostHog.js] send "$snapshot" {uuid: 019eb1e4-40be-768f-a3ba-f358c76e700f, event: $snapshot, properties: Object, timestamp: Wed Jun 10 2026 19:46:26 GMT+0530 (India Standard Time)} @ http://localhost:3000/_next/static/chunks/node_modules_next_dist_115brz8._.js:2436
[  933073ms] [LOG] [PostHog.js] send "$pageleave" {uuid: 019eb1e4-411a-7ca1-ade6-7801cf469534, event: $pageleave, properties: Object, timestamp: Wed Jun 10 2026 19:46:26 GMT+0530 (India Standard Time)} @ http://localhost:3000/_next/static/chunks/node_modules_next_dist_115brz8._.js:2436
[  933166ms] [LOG] [PostHog.js] set_config {config: Object, oldConfig: Object, newConfig: Object} @ http://localhost:3000/_next/static/chunks/node_modules_posthog-js_dist_module_0p1-w_7.js:1019
[  933166ms] [LOG] [PostHog.js] Persistence loaded localStorage+cookie {$device_id: 019eb1b2-9d5a-7971-9c96-b85b88808cb7, distinct_id: 019eb1b2-9d5a-7971-9c96-b85b88808cb7, $sesid: Array(3), $epp: true, $initial_person_info: Object} @ http://localhost:3000/_next/static/chunks/node_modules_posthog-js_dist_module_0p1-w_7.js:1019
[  933168ms] [LOG] [PostHog.js] Persistence loaded sessionStorage {$sdk_debug_extensions_init_method: synchronous, $sdk_debug_extensions_init_time_ms: 1, $referrer: $direct, $referring_domain: $direct, $sdk_debug_replay_remote_trigger_matching_config: null} @ http://localhost:3000/_next/static/chunks/node_modules_posthog-js_dist_module_0p1-w_7.js:1019
[  933168ms] [LOG] [PostHog.js] Initializing extensions synchronously @ http://localhost:3000/_next/static/chunks/node_modules_posthog-js_dist_module_0p1-w_7.js:1019
[  933168ms] [LOG] [PostHog.js] [Web Vitals] enabled, starting... @ http://localhost:3000/_next/static/chunks/node_modules_posthog-js_dist_module_0p1-w_7.js:1019
[  933168ms] [LOG] [PostHog.js] [ExceptionAutocapture] enabled @ http://localhost:3000/_next/static/chunks/node_modules_posthog-js_dist_module_0p1-w_7.js:1019
[  933169ms] [LOG] [PostHog.js] History API monitoring enabled, starting... @ http://localhost:3000/_next/static/chunks/node_modules_posthog-js_dist_module_0p1-w_7.js:1019
[  933169ms] [LOG] [PostHog.js] [SessionRecording] starting @ http://localhost:3000/_next/static/chunks/node_modules_posthog-js_dist_module_0p1-w_7.js:1019
[  933169ms] [LOG] [PostHog.js] [Heatmaps] starting... @ http://localhost:3000/_next/static/chunks/node_modules_posthog-js_dist_module_0p1-w_7.js:1019
[  933169ms] [LOG] [PostHog.js] Starting in debug mode {this: qn, config: Object, thisC: Object, p: Object, s: Object} @ http://localhost:3000/_next/static/chunks/node_modules_posthog-js_dist_module_0p1-w_7.js:1019
[  933171ms] [LOG] [PostHog.js] send "$set" {uuid: 019eb1e4-417b-7544-9d99-a3e0b68b8306, event: $set, properties: Object, $set_once: Object, timestamp: Wed Jun 10 2026 19:46:26 GMT+0530 (India Standard Time)} @ http://localhost:3000/_next/static/chunks/node_modules_posthog-js_dist_module_0p1-w_7.js:1019
[  933173ms] [INFO] %cDownload the React DevTools for a better development experience: https://react.dev/link/react-devtools font-weight:bold @ http://localhost:3000/_next/static/chunks/node_modules_next_dist_115brz8._.js:2436
[  933190ms] [LOG] [PostHog.js] [Dead Clicks] starting... @ http://localhost:3000/_next/static/chunks/node_modules_next_dist_115brz8._.js:2436
[  933190ms] [LOG] [PostHog.js] Persistence loaded sessionStorage {$sdk_debug_extensions_init_method: synchronous, $sdk_debug_extensions_init_time_ms: 1, $referrer: $direct, $referring_domain: $direct, $sdk_debug_replay_remote_trigger_matching_config: null} @ http://localhost:3000/_next/static/chunks/node_modules_next_dist_115brz8._.js:2436
[  933191ms] [LOG] [PostHog.js] set_config {config: Object, oldConfig: Object, newConfig: Object} @ http://localhost:3000/_next/static/chunks/node_modules_next_dist_115brz8._.js:2436
[  933191ms] [LOG] [PostHog.js] [ExceptionAutocapture] enabled @ http://localhost:3000/_next/static/chunks/node_modules_next_dist_115brz8._.js:2436
[  933191ms] [LOG] [PostHog.js] [Surveys] flags response received, isSurveysEnabled: false @ http://localhost:3000/_next/static/chunks/node_modules_next_dist_115brz8._.js:2436
[  933191ms] [LOG] [PostHog.js] [ExceptionAutocapture] enabled @ http://localhost:3000/_next/static/chunks/node_modules_next_dist_115brz8._.js:2436
[  933197ms] [LOG] [PostHog.js] send "$pageview" {uuid: 019eb1e4-4196-7409-967f-fab0b182c5fc, event: $pageview, properties: Object, timestamp: Wed Jun 10 2026 19:46:26 GMT+0530 (India Standard Time)} @ http://localhost:3000/_next/static/chunks/node_modules_next_dist_115brz8._.js:2436
[  933201ms] [LOG] [PostHog.js] [Surveys] Surveys loaded successfully @ http://localhost:3000/_next/static/chunks/node_modules_next_dist_115brz8._.js:2436
[  933202ms] [LOG] [HMR] connected @ http://localhost:3000/_next/static/chunks/node_modules_next_dist_115brz8._.js:2436
[  935239ms] [LOG] [PostHog.js] send "$snapshot" {uuid: 019eb1e4-498f-7cb3-85fa-317ce3e8f4bc, event: $snapshot, properties: Object, timestamp: Wed Jun 10 2026 19:46:28 GMT+0530 (India Standard Time)} @ http://localhost:3000/_next/static/chunks/node_modules_next_dist_115brz8._.js:2436
[  937244ms] [LOG] [PostHog.js] send "$snapshot" {uuid: 019eb1e4-5165-724c-869a-b36abca2d977, event: $snapshot, properties: Object, timestamp: Wed Jun 10 2026 19:46:30 GMT+0530 (India Standard Time)} @ http://localhost:3000/_next/static/chunks/node_modules_next_dist_115brz8._.js:2436
[  938207ms] [LOG] [PostHog.js] send "$web_vitals" {uuid: 019eb1e4-5526-7dbd-8728-8cb99892d5e0, event: $web_vitals, properties: Object, timestamp: Wed Jun 10 2026 19:46:31 GMT+0530 (India Standard Time)} @ http://localhost:3000/_next/static/chunks/node_modules_next_dist_115brz8._.js:2436
[  965585ms] [ERROR] WebSocket connection to 'ws://localhost:3000/_next/webpack-hmr?id=BJ7qv-SVik_NpPuweBUjj' failed: Error in connection establishment: net::ERR_CONNECTION_REFUSED @ http://localhost:3000/_next/static/chunks/node_modules_next_dist_client_0fhqo1d._.js:13298
[  966588ms] [ERROR] WebSocket connection to 'ws://localhost:3000/_next/webpack-hmr?id=BJ7qv-SVik_NpPuweBUjj' failed: Error in connection establishment: net::ERR_CONNECTION_REFUSED @ http://localhost:3000/_next/static/chunks/node_modules_next_dist_client_0fhqo1d._.js:13298
[  967595ms] [ERROR] WebSocket connection to 'ws://localhost:3000/_next/webpack-hmr?id=BJ7qv-SVik_NpPuweBUjj' failed: Error in connection establishment: net::ERR_CONNECTION_REFUSED @ http://localhost:3000/_next/static/chunks/node_modules_next_dist_client_0fhqo1d._.js:13298
[  968600ms] [ERROR] WebSocket connection to 'ws://localhost:3000/_next/webpack-hmr?id=BJ7qv-SVik_NpPuweBUjj' failed: Error in connection establishment: net::ERR_CONNECTION_REFUSED @ http://localhost:3000/_next/static/chunks/node_modules_next_dist_client_0fhqo1d._.js:13298
[  969605ms] [ERROR] WebSocket connection to 'ws://localhost:3000/_next/webpack-hmr?id=BJ7qv-SVik_NpPuweBUjj' failed: Error in connection establishment: net::ERR_CONNECTION_REFUSED @ http://localhost:3000/_next/static/chunks/node_modules_next_dist_client_0fhqo1d._.js:13298
[  974611ms] [ERROR] WebSocket connection to 'ws://localhost:3000/_next/webpack-hmr?id=BJ7qv-SVik_NpPuweBUjj' failed: Error in connection establishment: net::ERR_CONNECTION_REFUSED @ http://localhost:3000/_next/static/chunks/node_modules_next_dist_client_0fhqo1d._.js:13298
[  979616ms] [ERROR] WebSocket connection to 'ws://localhost:3000/_next/webpack-hmr?id=BJ7qv-SVik_NpPuweBUjj' failed: Error in connection establishment: net::ERR_CONNECTION_REFUSED @ http://localhost:3000/_next/static/chunks/node_modules_next_dist_client_0fhqo1d._.js:13298
[  984741ms] [ERROR] WebSocket connection to 'ws://localhost:3000/_next/webpack-hmr?id=BJ7qv-SVik_NpPuweBUjj' failed: Error in connection establishment: net::ERR_CONNECTION_REFUSED @ http://localhost:3000/_next/static/chunks/node_modules_next_dist_client_0fhqo1d._.js:13298
[  989746ms] [ERROR] WebSocket connection to 'ws://localhost:3000/_next/webpack-hmr?id=BJ7qv-SVik_NpPuweBUjj' failed: Error in connection establishment: net::ERR_CONNECTION_REFUSED @ http://localhost:3000/_next/static/chunks/node_modules_next_dist_client_0fhqo1d._.js:13298
[  994752ms] [ERROR] WebSocket connection to 'ws://localhost:3000/_next/webpack-hmr?id=BJ7qv-SVik_NpPuweBUjj' failed: Error in connection establishment: net::ERR_CONNECTION_REFUSED @ http://localhost:3000/_next/static/chunks/node_modules_next_dist_client_0fhqo1d._.js:13298
[  999756ms] [ERROR] WebSocket connection to 'ws://localhost:3000/_next/webpack-hmr?id=BJ7qv-SVik_NpPuweBUjj' failed: Error in connection establishment: net::ERR_CONNECTION_REFUSED @ http://localhost:3000/_next/static/chunks/node_modules_next_dist_client_0fhqo1d._.js:13298
[ 1004762ms] [ERROR] WebSocket connection to 'ws://localhost:3000/_next/webpack-hmr?id=BJ7qv-SVik_NpPuweBUjj' failed: Error in connection establishment: net::ERR_CONNECTION_REFUSED @ http://localhost:3000/_next/static/chunks/node_modules_next_dist_client_0fhqo1d._.js:13298
