[      73ms] [LOG] [PostHog.js] send "$pageleave" {uuid: 019eb1c2-d45a-73ef-869f-6238a09e6372, event: $pageleave, properties: Object, timestamp: Wed Jun 10 2026 19:09:56 GMT+0530 (India Standard Time)} @ http://localhost:3000/_next/static/chunks/node_modules_next_dist_115brz8._.js:2436
[      99ms] [LOG] [PostHog.js] set_config {config: Object, oldConfig: Object, newConfig: Object} @ http://localhost:3000/_next/static/chunks/node_modules_posthog-js_dist_module_0p1-w_7.js:1019
[      99ms] [LOG] [PostHog.js] Persistence loaded localStorage+cookie {$device_id: 019eb1b2-9d5a-7971-9c96-b85b88808cb7, distinct_id: 019eb1b2-9d5a-7971-9c96-b85b88808cb7, $sesid: Array(3), $epp: true, $initial_person_info: Object} @ http://localhost:3000/_next/static/chunks/node_modules_posthog-js_dist_module_0p1-w_7.js:1019
[     100ms] [LOG] [PostHog.js] Persistence loaded sessionStorage {$sdk_debug_extensions_init_method: synchronous, $sdk_debug_extensions_init_time_ms: 2, $referrer: $direct, $referring_domain: $direct, $sdk_debug_replay_remote_trigger_matching_config: null} @ http://localhost:3000/_next/static/chunks/node_modules_posthog-js_dist_module_0p1-w_7.js:1019
[     101ms] [LOG] [PostHog.js] Initializing extensions synchronously @ http://localhost:3000/_next/static/chunks/node_modules_posthog-js_dist_module_0p1-w_7.js:1019
[     101ms] [LOG] [PostHog.js] [Web Vitals] enabled, starting... @ http://localhost:3000/_next/static/chunks/node_modules_posthog-js_dist_module_0p1-w_7.js:1019
[     101ms] [LOG] [PostHog.js] [ExceptionAutocapture] enabled @ http://localhost:3000/_next/static/chunks/node_modules_posthog-js_dist_module_0p1-w_7.js:1019
[     101ms] [LOG] [PostHog.js] History API monitoring enabled, starting... @ http://localhost:3000/_next/static/chunks/node_modules_posthog-js_dist_module_0p1-w_7.js:1019
[     102ms] [LOG] [PostHog.js] [SessionRecording] starting @ http://localhost:3000/_next/static/chunks/node_modules_posthog-js_dist_module_0p1-w_7.js:1019
[     102ms] [LOG] [PostHog.js] [Heatmaps] starting... @ http://localhost:3000/_next/static/chunks/node_modules_posthog-js_dist_module_0p1-w_7.js:1019
[     102ms] [LOG] [PostHog.js] Starting in debug mode {this: qn, config: Object, thisC: Object, p: Object, s: Object} @ http://localhost:3000/_next/static/chunks/node_modules_posthog-js_dist_module_0p1-w_7.js:1019
[     103ms] [LOG] [PostHog.js] send "$set" {uuid: 019eb1c2-d478-75b3-bca2-4b700d79153f, event: $set, properties: Object, $set_once: Object, timestamp: Wed Jun 10 2026 19:09:56 GMT+0530 (India Standard Time)} @ http://localhost:3000/_next/static/chunks/node_modules_posthog-js_dist_module_0p1-w_7.js:1019
[     105ms] [INFO] %cDownload the React DevTools for a better development experience: https://react.dev/link/react-devtools font-weight:bold @ http://localhost:3000/_next/static/chunks/node_modules_next_dist_115brz8._.js:2436
[     121ms] [LOG] [PostHog.js] [Dead Clicks] starting... @ http://localhost:3000/_next/static/chunks/node_modules_next_dist_115brz8._.js:2436
[     122ms] [LOG] [PostHog.js] Persistence loaded sessionStorage {$sdk_debug_extensions_init_method: synchronous, $sdk_debug_extensions_init_time_ms: 1, $referrer: $direct, $referring_domain: $direct, $sdk_debug_replay_remote_trigger_matching_config: null} @ http://localhost:3000/_next/static/chunks/node_modules_next_dist_115brz8._.js:2436
[     122ms] [LOG] [PostHog.js] set_config {config: Object, oldConfig: Object, newConfig: Object} @ http://localhost:3000/_next/static/chunks/node_modules_next_dist_115brz8._.js:2436
[     122ms] [LOG] [PostHog.js] [ExceptionAutocapture] enabled @ http://localhost:3000/_next/static/chunks/node_modules_next_dist_115brz8._.js:2436
[     122ms] [LOG] [PostHog.js] [Surveys] flags response received, isSurveysEnabled: false @ http://localhost:3000/_next/static/chunks/node_modules_next_dist_115brz8._.js:2436
[     122ms] [LOG] [PostHog.js] [ExceptionAutocapture] enabled @ http://localhost:3000/_next/static/chunks/node_modules_next_dist_115brz8._.js:2436
[     128ms] [LOG] [PostHog.js] send "$pageview" {uuid: 019eb1c2-d491-79f4-bf9a-9a525d467ce1, event: $pageview, properties: Object, timestamp: Wed Jun 10 2026 19:09:56 GMT+0530 (India Standard Time)} @ http://localhost:3000/_next/static/chunks/node_modules_next_dist_115brz8._.js:2436
[     133ms] [LOG] [PostHog.js] [Surveys] Surveys loaded successfully @ http://localhost:3000/_next/static/chunks/node_modules_next_dist_115brz8._.js:2436
[     134ms] [LOG] [HMR] connected @ http://localhost:3000/_next/static/chunks/node_modules_next_dist_115brz8._.js:2436
[    2165ms] [LOG] [PostHog.js] send "$snapshot" {uuid: 019eb1c2-dc85-7b65-87f1-e82eaf402c23, event: $snapshot, properties: Object, timestamp: Wed Jun 10 2026 19:09:58 GMT+0530 (India Standard Time)} @ http://localhost:3000/_next/static/chunks/node_modules_next_dist_115brz8._.js:2436
[    5159ms] [LOG] [PostHog.js] send "$web_vitals" {uuid: 019eb1c2-e836-7a5e-bc78-5b6780359c41, event: $web_vitals, properties: Object, timestamp: Wed Jun 10 2026 19:10:01 GMT+0530 (India Standard Time)} @ http://localhost:3000/_next/static/chunks/node_modules_next_dist_115brz8._.js:2436
[   25519ms] [LOG] [PostHog.js] send "$snapshot" {uuid: 019eb1c3-37c0-760f-99f9-6bba7bfb73d4, event: $snapshot, properties: Object, timestamp: Wed Jun 10 2026 19:10:21 GMT+0530 (India Standard Time)} @ http://localhost:3000/_next/static/chunks/node_modules_next_dist_115brz8._.js:2436
[   30104ms] [LOG] [PostHog.js] send "$$heatmap" {uuid: 019eb1c3-49a8-7df2-9cb5-f62d1996d5b3, event: $$heatmap, properties: Object, timestamp: Wed Jun 10 2026 19:10:26 GMT+0530 (India Standard Time)} @ http://localhost:3000/_next/static/chunks/node_modules_next_dist_115brz8._.js:2436
[   31389ms] [LOG] [PostHog.js] send "$snapshot" {uuid: 019eb1c3-4ead-7a3a-acc5-5231361f0b77, event: $snapshot, properties: Object, timestamp: Wed Jun 10 2026 19:10:27 GMT+0530 (India Standard Time)} @ http://localhost:3000/_next/static/chunks/node_modules_next_dist_115brz8._.js:2436
[   35109ms] [LOG] [PostHog.js] send "$$heatmap" {uuid: 019eb1c3-5d33-703c-aaab-173b7b7a9938, event: $$heatmap, properties: Object, timestamp: Wed Jun 10 2026 19:10:31 GMT+0530 (India Standard Time)} @ http://localhost:3000/_next/static/chunks/node_modules_next_dist_115brz8._.js:2436
[   68197ms] [LOG] [PostHog.js] send "$snapshot" {uuid: 019eb1c3-de76-7875-81b6-d104ad1e56ff, event: $snapshot, properties: Object, timestamp: Wed Jun 10 2026 19:11:04 GMT+0530 (India Standard Time)} @ http://localhost:3000/_next/static/chunks/node_modules_next_dist_115brz8._.js:2436
[   70106ms] [LOG] [PostHog.js] send "$$heatmap" {uuid: 019eb1c3-e5ea-7de3-b5a5-906863b10ed4, event: $$heatmap, properties: Object, timestamp: Wed Jun 10 2026 19:11:06 GMT+0530 (India Standard Time)} @ http://localhost:3000/_next/static/chunks/node_modules_next_dist_115brz8._.js:2436
[   70554ms] [LOG] [PostHog.js] send "$snapshot" {uuid: 019eb1c3-e7aa-70ef-b389-68273642a8b7, event: $snapshot, properties: Object, timestamp: Wed Jun 10 2026 19:11:06 GMT+0530 (India Standard Time)} @ http://localhost:3000/_next/static/chunks/node_modules_next_dist_115brz8._.js:2436
[   87534ms] [ERROR] WebSocket connection to 'ws://localhost:3000/_next/webpack-hmr?id=y4BAFNgfqHEFOhKhJ9GeH' failed: Error in connection establishment: net::ERR_CONNECTION_REFUSED @ http://localhost:3000/_next/static/chunks/node_modules_next_dist_client_0fhqo1d._.js:13298
[   88536ms] [ERROR] WebSocket connection to 'ws://localhost:3000/_next/webpack-hmr?id=y4BAFNgfqHEFOhKhJ9GeH' failed: Error in connection establishment: net::ERR_CONNECTION_REFUSED @ http://localhost:3000/_next/static/chunks/node_modules_next_dist_client_0fhqo1d._.js:13298
[   89544ms] [LOG] [HMR] connected @ http://localhost:3000/_next/static/chunks/node_modules_next_dist_115brz8._.js:2436
[   89547ms] [LOG] [PostHog.js] send "$snapshot" {uuid: 019eb1c4-31dc-7451-aedf-94f274c7bea7, event: $snapshot, properties: Object, timestamp: Wed Jun 10 2026 19:11:25 GMT+0530 (India Standard Time)} @ http://localhost:3000/_next/static/chunks/node_modules_next_dist_115brz8._.js:2436
[   89841ms] [WARNING] [PostHog.js]  cannot be  greater than max: 1. Using max value instead. @ http://localhost:3000/_next/static/chunks/node_modules_next_dist_115brz8._.js:2436
[   89842ms] [WARNING] [PostHog.js]  cannot be  greater than max: 1. Using max value instead. @ http://localhost:3000/_next/static/chunks/node_modules_next_dist_115brz8._.js:2436
[   89842ms] [WARNING] [PostHog.js]  cannot be  greater than max: 1. Using max value instead. @ http://localhost:3000/_next/static/chunks/node_modules_next_dist_115brz8._.js:2436
[   89842ms] [WARNING] [PostHog.js]  cannot be  greater than max: 1. Using max value instead. @ http://localhost:3000/_next/static/chunks/node_modules_next_dist_115brz8._.js:2436
[   89842ms] [LOG] [PostHog.js] send "$pageleave" {uuid: 019eb1c4-3302-7521-9653-60718bb738df, event: $pageleave, properties: Object, timestamp: Wed Jun 10 2026 19:11:25 GMT+0530 (India Standard Time)} @ http://localhost:3000/_next/static/chunks/node_modules_next_dist_115brz8._.js:2436
[   89880ms] [LOG] [PostHog.js] set_config {config: Object, oldConfig: Object, newConfig: Object} @ http://localhost:3000/_next/static/chunks/node_modules_posthog-js_dist_module_0p1-w_7.js:1019
[   89880ms] [LOG] [PostHog.js] Persistence loaded localStorage+cookie {$device_id: 019eb1b2-9d5a-7971-9c96-b85b88808cb7, distinct_id: 019eb1b2-9d5a-7971-9c96-b85b88808cb7, $sesid: Array(3), $epp: true, $initial_person_info: Object} @ http://localhost:3000/_next/static/chunks/node_modules_posthog-js_dist_module_0p1-w_7.js:1019
[   89882ms] [LOG] [PostHog.js] Persistence loaded sessionStorage {$sdk_debug_extensions_init_method: synchronous, $sdk_debug_extensions_init_time_ms: 1, $referrer: $direct, $referring_domain: $direct, $sdk_debug_replay_remote_trigger_matching_config: null} @ http://localhost:3000/_next/static/chunks/node_modules_posthog-js_dist_module_0p1-w_7.js:1019
[   89882ms] [LOG] [PostHog.js] Initializing extensions synchronously @ http://localhost:3000/_next/static/chunks/node_modules_posthog-js_dist_module_0p1-w_7.js:1019
[   89882ms] [LOG] [PostHog.js] [Web Vitals] enabled, starting... @ http://localhost:3000/_next/static/chunks/node_modules_posthog-js_dist_module_0p1-w_7.js:1019
[   89882ms] [LOG] [PostHog.js] [ExceptionAutocapture] enabled @ http://localhost:3000/_next/static/chunks/node_modules_posthog-js_dist_module_0p1-w_7.js:1019
[   89883ms] [LOG] [PostHog.js] History API monitoring enabled, starting... @ http://localhost:3000/_next/static/chunks/node_modules_posthog-js_dist_module_0p1-w_7.js:1019
[   89883ms] [LOG] [PostHog.js] [SessionRecording] starting @ http://localhost:3000/_next/static/chunks/node_modules_posthog-js_dist_module_0p1-w_7.js:1019
[   89883ms] [LOG] [PostHog.js] [Heatmaps] starting... @ http://localhost:3000/_next/static/chunks/node_modules_posthog-js_dist_module_0p1-w_7.js:1019
[   89883ms] [LOG] [PostHog.js] Starting in debug mode {this: qn, config: Object, thisC: Object, p: Object, s: Object} @ http://localhost:3000/_next/static/chunks/node_modules_posthog-js_dist_module_0p1-w_7.js:1019
[   89885ms] [LOG] [PostHog.js] send "$set" {uuid: 019eb1c4-332e-7772-86ca-0c62162b7015, event: $set, properties: Object, $set_once: Object, timestamp: Wed Jun 10 2026 19:11:25 GMT+0530 (India Standard Time)} @ http://localhost:3000/_next/static/chunks/node_modules_posthog-js_dist_module_0p1-w_7.js:1019
[   89887ms] [INFO] %cDownload the React DevTools for a better development experience: https://react.dev/link/react-devtools font-weight:bold @ http://localhost:3000/_next/static/chunks/node_modules_next_dist_115brz8._.js:2436
[   89905ms] [LOG] [PostHog.js] [Dead Clicks] starting... @ http://localhost:3000/_next/static/chunks/node_modules_next_dist_115brz8._.js:2436
[   89911ms] [LOG] [PostHog.js] send "$pageview" {uuid: 019eb1c4-3348-725b-8ba8-766b1d94d92d, event: $pageview, properties: Object, timestamp: Wed Jun 10 2026 19:11:25 GMT+0530 (India Standard Time)} @ http://localhost:3000/_next/static/chunks/node_modules_next_dist_115brz8._.js:2436
[   89917ms] [LOG] [HMR] connected @ http://localhost:3000/_next/static/chunks/node_modules_next_dist_115brz8._.js:2436
[   90757ms] [LOG] [PostHog.js] Persistence loaded sessionStorage {$sdk_debug_extensions_init_method: synchronous, $sdk_debug_extensions_init_time_ms: 1, $referrer: $direct, $referring_domain: $direct, $sdk_debug_replay_remote_trigger_matching_config: null} @ http://localhost:3000/_next/static/chunks/node_modules_next_dist_115brz8._.js:2436
[   90758ms] [LOG] [PostHog.js] set_config {config: Object, oldConfig: Object, newConfig: Object} @ http://localhost:3000/_next/static/chunks/node_modules_next_dist_115brz8._.js:2436
[   90758ms] [LOG] [PostHog.js] [ExceptionAutocapture] enabled @ http://localhost:3000/_next/static/chunks/node_modules_next_dist_115brz8._.js:2436
[   90759ms] [LOG] [PostHog.js] [Surveys] flags response received, isSurveysEnabled: false @ http://localhost:3000/_next/static/chunks/node_modules_next_dist_115brz8._.js:2436
[   90760ms] [LOG] [PostHog.js] [ExceptionAutocapture] enabled @ http://localhost:3000/_next/static/chunks/node_modules_next_dist_115brz8._.js:2436
[   90762ms] [LOG] [PostHog.js] [Surveys] Surveys loaded successfully @ http://localhost:3000/_next/static/chunks/node_modules_next_dist_115brz8._.js:2436
[   91956ms] [LOG] [PostHog.js] send "$snapshot" {uuid: 019eb1c4-3b43-7c8b-895e-b6de24864646, event: $snapshot, properties: Object, timestamp: Wed Jun 10 2026 19:11:28 GMT+0530 (India Standard Time)} @ http://localhost:3000/_next/static/chunks/node_modules_next_dist_115brz8._.js:2436
[   94926ms] [LOG] [PostHog.js] send "$web_vitals" {uuid: 019eb1c4-46dd-7433-8220-f31257044938, event: $web_vitals, properties: Object, timestamp: Wed Jun 10 2026 19:11:30 GMT+0530 (India Standard Time)} @ http://localhost:3000/_next/static/chunks/node_modules_next_dist_115brz8._.js:2436
[  288956ms] [LOG] [Fast Refresh] rebuilding @ http://localhost:3000/_next/static/chunks/node_modules_next_dist_115brz8._.js:2436
[  289612ms] [LOG] [Fast Refresh] done in 737ms @ http://localhost:3000/_next/static/chunks/node_modules_next_dist_115brz8._.js:2436
[  290860ms] [LOG] [PostHog.js] send "$snapshot" {uuid: 019eb1c7-443d-71f7-bd00-6796ff217f3e, event: $snapshot, properties: Object, timestamp: Wed Jun 10 2026 19:14:46 GMT+0530 (India Standard Time)} @ http://localhost:3000/_next/static/chunks/node_modules_next_dist_115brz8._.js:2436
[  294340ms] [LOG] [Fast Refresh] rebuilding @ http://localhost:3000/_next/static/chunks/node_modules_next_dist_115brz8._.js:2436
[  294633ms] [LOG] [Fast Refresh] done in 374ms @ http://localhost:3000/_next/static/chunks/node_modules_next_dist_115brz8._.js:2436
[  296244ms] [LOG] [PostHog.js] send "$snapshot" {uuid: 019eb1c7-5944-736d-be4a-2bb1ab56d6bd, event: $snapshot, properties: Object, timestamp: Wed Jun 10 2026 19:14:52 GMT+0530 (India Standard Time)} @ http://localhost:3000/_next/static/chunks/node_modules_next_dist_115brz8._.js:2436
[  300995ms] [LOG] [Fast Refresh] rebuilding @ http://localhost:3000/_next/static/chunks/node_modules_next_dist_115brz8._.js:2436
[  301254ms] [LOG] [Fast Refresh] done in 341ms @ http://localhost:3000/_next/static/chunks/node_modules_next_dist_115brz8._.js:2436
[  302899ms] [LOG] [PostHog.js] send "$snapshot" {uuid: 019eb1c7-7344-7dcb-b16a-dc5c346366a3, event: $snapshot, properties: Object, timestamp: Wed Jun 10 2026 19:14:58 GMT+0530 (India Standard Time)} @ http://localhost:3000/_next/static/chunks/node_modules_next_dist_115brz8._.js:2436
[  314548ms] [LOG] [Fast Refresh] rebuilding @ http://localhost:3000/_next/static/chunks/node_modules_next_dist_115brz8._.js:2436
[  314765ms] [LOG] [Fast Refresh] done in 298ms @ http://localhost:3000/_next/static/chunks/node_modules_next_dist_115brz8._.js:2436
[  316452ms] [LOG] [PostHog.js] send "$snapshot" {uuid: 019eb1c7-a834-7d4b-83e8-2c2fd950d40f, event: $snapshot, properties: Object, timestamp: Wed Jun 10 2026 19:15:12 GMT+0530 (India Standard Time)} @ http://localhost:3000/_next/static/chunks/node_modules_next_dist_115brz8._.js:2436
[  326878ms] [LOG] [Fast Refresh] rebuilding @ http://localhost:3000/_next/static/chunks/node_modules_next_dist_115brz8._.js:2436
[  327146ms] [LOG] [Fast Refresh] done in 340ms @ http://localhost:3000/_next/static/chunks/node_modules_next_dist_115brz8._.js:2436
[  328782ms] [LOG] [PostHog.js] send "$snapshot" {uuid: 019eb1c7-d85e-7145-a776-b0969156a492, event: $snapshot, properties: Object, timestamp: Wed Jun 10 2026 19:15:24 GMT+0530 (India Standard Time)} @ http://localhost:3000/_next/static/chunks/node_modules_next_dist_115brz8._.js:2436
[  334753ms] [LOG] [Fast Refresh] rebuilding @ http://localhost:3000/_next/static/chunks/node_modules_next_dist_115brz8._.js:2436
[  334996ms] [LOG] [Fast Refresh] done in 327ms @ http://localhost:3000/_next/static/chunks/node_modules_next_dist_115brz8._.js:2436
[  336655ms] [LOG] [PostHog.js] send "$snapshot" {uuid: 019eb1c7-f720-7eee-8a86-4fe9de1d4c88, event: $snapshot, properties: Object, timestamp: Wed Jun 10 2026 19:15:32 GMT+0530 (India Standard Time)} @ http://localhost:3000/_next/static/chunks/node_modules_next_dist_115brz8._.js:2436
