[     124ms] [LOG] [PostHog.js] set_config {config: Object, oldConfig: Object, newConfig: Object} @ http://localhost:3000/_next/static/chunks/node_modules_posthog-js_dist_module_0p1-w_7.js:1019
[     124ms] [LOG] [PostHog.js] Persistence loaded localStorage+cookie {$device_id: 019eb1b2-9d5a-7971-9c96-b85b88808cb7, distinct_id: 019eb1b2-9d5a-7971-9c96-b85b88808cb7, $sesid: Array(3), $epp: true, $initial_person_info: Object} @ http://localhost:3000/_next/static/chunks/node_modules_posthog-js_dist_module_0p1-w_7.js:1019
[     125ms] [LOG] [PostHog.js] Persistence loaded sessionStorage {$sdk_debug_extensions_init_method: synchronous, $sdk_debug_extensions_init_time_ms: 2, $referrer: $direct, $referring_domain: $direct, $sdk_debug_replay_remote_trigger_matching_config: null} @ http://localhost:3000/_next/static/chunks/node_modules_posthog-js_dist_module_0p1-w_7.js:1019
[     125ms] [LOG] [PostHog.js] Initializing extensions synchronously @ http://localhost:3000/_next/static/chunks/node_modules_posthog-js_dist_module_0p1-w_7.js:1019
[     125ms] [LOG] [PostHog.js] [Web Vitals] enabled, starting... @ http://localhost:3000/_next/static/chunks/node_modules_posthog-js_dist_module_0p1-w_7.js:1019
[     125ms] [LOG] [PostHog.js] [ExceptionAutocapture] enabled @ http://localhost:3000/_next/static/chunks/node_modules_posthog-js_dist_module_0p1-w_7.js:1019
[     126ms] [LOG] [PostHog.js] History API monitoring enabled, starting... @ http://localhost:3000/_next/static/chunks/node_modules_posthog-js_dist_module_0p1-w_7.js:1019
[     126ms] [LOG] [PostHog.js] [SessionRecording] starting @ http://localhost:3000/_next/static/chunks/node_modules_posthog-js_dist_module_0p1-w_7.js:1019
[     126ms] [LOG] [PostHog.js] [Heatmaps] starting... @ http://localhost:3000/_next/static/chunks/node_modules_posthog-js_dist_module_0p1-w_7.js:1019
[     126ms] [LOG] [PostHog.js] Starting in debug mode {this: qn, config: Object, thisC: Object, p: Object, s: Object} @ http://localhost:3000/_next/static/chunks/node_modules_posthog-js_dist_module_0p1-w_7.js:1019
[     137ms] [LOG] [PostHog.js] send "$set" {uuid: 019f515a-28b8-7e7b-816a-87f40e480076, event: $set, properties: Object, $set_once: Object, timestamp: Sat Jul 11 2026 18:54:51 GMT+0530 (India Standard Time)} @ http://localhost:3000/_next/static/chunks/node_modules_posthog-js_dist_module_0p1-w_7.js:1019
[     137ms] [LOG] [Client Instrumentation Hook] Slow execution detected: 19ms (Note: Code download overhead is not included in this measurement) @ http://localhost:3000/_next/static/chunks/node_modules_next_dist_115brz8._.js:1644
[     152ms] [INFO] %cDownload the React DevTools for a better development experience: https://react.dev/link/react-devtools font-weight:bold @ http://localhost:3000/_next/static/chunks/node_modules_next_dist_115brz8._.js:2436
[     194ms] [LOG] [PostHog.js] send "$pageview" {uuid: 019f515a-28f9-76ee-9a25-b5c5920dc335, event: $pageview, properties: Object, timestamp: Sat Jul 11 2026 18:54:51 GMT+0530 (India Standard Time)} @ http://localhost:3000/_next/static/chunks/node_modules_next_dist_115brz8._.js:2436
[     195ms] [LOG] [PostHog.js] [Dead Clicks] starting... @ http://localhost:3000/_next/static/chunks/node_modules_next_dist_115brz8._.js:2436
[     208ms] [LOG] [PostHog.js] Persistence loaded sessionStorage {$sdk_debug_extensions_init_method: synchronous, $sdk_debug_extensions_init_time_ms: 1, $referrer: $direct, $referring_domain: $direct, $sdk_debug_replay_remote_trigger_matching_config: null} @ http://localhost:3000/_next/static/chunks/node_modules_next_dist_115brz8._.js:2436
[     208ms] [LOG] [PostHog.js] set_config {config: Object, oldConfig: Object, newConfig: Object} @ http://localhost:3000/_next/static/chunks/node_modules_next_dist_115brz8._.js:2436
[     209ms] [LOG] [PostHog.js] [ExceptionAutocapture] enabled @ http://localhost:3000/_next/static/chunks/node_modules_next_dist_115brz8._.js:2436
[     211ms] [LOG] [PostHog.js] [Surveys] flags response received, isSurveysEnabled: false @ http://localhost:3000/_next/static/chunks/node_modules_next_dist_115brz8._.js:2436
[     211ms] [LOG] [PostHog.js] [ExceptionAutocapture] enabled @ http://localhost:3000/_next/static/chunks/node_modules_next_dist_115brz8._.js:2436
[     212ms] [LOG] [HMR] connected @ http://localhost:3000/_next/static/chunks/node_modules_next_dist_115brz8._.js:2436
[     220ms] [LOG] [PostHog.js] [Surveys] Surveys loaded successfully @ http://localhost:3000/_next/static/chunks/node_modules_next_dist_115brz8._.js:2436
[    2278ms] [LOG] [PostHog.js] send "$snapshot" {uuid: 019f515a-311c-7f6a-8b83-0309727e896d, event: $snapshot, properties: Object, timestamp: Sat Jul 11 2026 18:54:53 GMT+0530 (India Standard Time)} @ http://localhost:3000/_next/static/chunks/node_modules_next_dist_115brz8._.js:2436
[    4332ms] [LOG] [PostHog.js] send "$snapshot" {uuid: 019f515a-3922-7fb6-8d39-d2ad2394e790, event: $snapshot, properties: Object, timestamp: Sat Jul 11 2026 18:54:55 GMT+0530 (India Standard Time)} @ http://localhost:3000/_next/static/chunks/node_modules_next_dist_115brz8._.js:2436
[    5218ms] [LOG] [PostHog.js] send "$web_vitals" {uuid: 019f515a-3c97-7c39-b565-c28bfaaee817, event: $web_vitals, properties: Object, timestamp: Sat Jul 11 2026 18:54:56 GMT+0530 (India Standard Time)} @ http://localhost:3000/_next/static/chunks/node_modules_next_dist_115brz8._.js:2436
[    9286ms] [LOG] [PostHog.js] send "$snapshot" {uuid: 019f515a-4c7d-7dbc-8042-270775d328fa, event: $snapshot, properties: Object, timestamp: Sat Jul 11 2026 18:55:00 GMT+0530 (India Standard Time)} @ http://localhost:3000/_next/static/chunks/node_modules_next_dist_115brz8._.js:2436
[   16285ms] [LOG] [PostHog.js] send "$snapshot" {uuid: 019f515a-67d3-71e7-a4aa-47025360cb92, event: $snapshot, properties: Object, timestamp: Sat Jul 11 2026 18:55:07 GMT+0530 (India Standard Time)} @ http://localhost:3000/_next/static/chunks/node_modules_next_dist_115brz8._.js:2436
[   18476ms] [LOG] [PostHog.js] send "$snapshot" {uuid: 019f515a-7063-798b-a6db-e6b6118208b4, event: $snapshot, properties: Object, timestamp: Sat Jul 11 2026 18:55:09 GMT+0530 (India Standard Time)} @ http://localhost:3000/_next/static/chunks/node_modules_next_dist_115brz8._.js:2436
[   23286ms] [LOG] [PostHog.js] send "$snapshot" {uuid: 019f515a-832c-71fb-90db-1dc1297746b4, event: $snapshot, properties: Object, timestamp: Sat Jul 11 2026 18:55:14 GMT+0530 (India Standard Time)} @ http://localhost:3000/_next/static/chunks/node_modules_next_dist_115brz8._.js:2436
[   30278ms] [LOG] [PostHog.js] send "$snapshot" {uuid: 019f515a-9e7d-71cd-996e-540d1eda0fd8, event: $snapshot, properties: Object, timestamp: Sat Jul 11 2026 18:55:21 GMT+0530 (India Standard Time)} @ http://localhost:3000/_next/static/chunks/node_modules_next_dist_115brz8._.js:2436
[   30278ms] [ERROR] WebSocket is already in CLOSING or CLOSED state. @ http://localhost:3000/_next/static/chunks/node_modules_next_dist_115brz8._.js:2795
[   31117ms] [ERROR] WebSocket connection to 'ws://localhost:3000/_next/webpack-hmr?id=cKThsg-ae5B7ZgL5EFGo-' failed: Error in connection establishment: net::ERR_CONNECTION_REFUSED @ http://localhost:3000/_next/static/chunks/node_modules_next_dist_client_0fhqo1d._.js:13298
[   32120ms] [ERROR] WebSocket connection to 'ws://localhost:3000/_next/webpack-hmr?id=cKThsg-ae5B7ZgL5EFGo-' failed: Error in connection establishment: net::ERR_CONNECTION_REFUSED @ http://localhost:3000/_next/static/chunks/node_modules_next_dist_client_0fhqo1d._.js:13298
[   33125ms] [ERROR] WebSocket connection to 'ws://localhost:3000/_next/webpack-hmr?id=cKThsg-ae5B7ZgL5EFGo-' failed: Error in connection establishment: net::ERR_CONNECTION_REFUSED @ http://localhost:3000/_next/static/chunks/node_modules_next_dist_client_0fhqo1d._.js:13298
[   33282ms] [ERROR] Failed to load resource: net::ERR_CONNECTION_REFUSED @ http://localhost:3000/ingest/s/?ip=0&_=1783776324151&ver=1.372.1&compression=gzip-js:0
[   33282ms] [ERROR] [PostHog.js] TypeError: Failed to fetch
    at method (http://localhost:3000/_next/static/chunks/node_modules_posthog-js_dist_module_0p1-w_7.js:2851:9)
    at http://localhost:3000/_next/static/chunks/node_modules_posthog-js_dist_module_0p1-w_7.js:3744:17 @ http://localhost:3000/_next/static/chunks/node_modules_next_dist_115brz8._.js:3277
[   33283ms] [WARNING] [PostHog.js] Enqueued failed request for retry in 3556 @ http://localhost:3000/_next/static/chunks/node_modules_next_dist_115brz8._.js:2436
[   33286ms] [ERROR] WebSocket is already in CLOSING or CLOSED state. @ http://localhost:3000/_next/static/chunks/node_modules_next_dist_115brz8._.js:2795
[   33288ms] [ERROR] Failed to load resource: net::ERR_CONNECTION_REFUSED @ http://localhost:3000/__nextjs_original-stack-frames:0
[   34130ms] [ERROR] WebSocket connection to 'ws://localhost:3000/_next/webpack-hmr?id=cKThsg-ae5B7ZgL5EFGo-' failed: Error in connection establishment: net::ERR_CONNECTION_REFUSED @ http://localhost:3000/_next/static/chunks/node_modules_next_dist_client_0fhqo1d._.js:13298
[   35133ms] [ERROR] WebSocket connection to 'ws://localhost:3000/_next/webpack-hmr?id=cKThsg-ae5B7ZgL5EFGo-' failed: Error in connection establishment: net::ERR_CONNECTION_REFUSED @ http://localhost:3000/_next/static/chunks/node_modules_next_dist_client_0fhqo1d._.js:13298
[   35299ms] [LOG] [PostHog.js] send "$snapshot" {uuid: 019f515a-b21a-75d9-b7d0-d5af440a09fd, event: $snapshot, properties: Object, timestamp: Sat Jul 11 2026 18:55:26 GMT+0530 (India Standard Time)} @ http://localhost:3000/_next/static/chunks/node_modules_next_dist_115brz8._.js:2436
[   35307ms] [ERROR] WebSocket is already in CLOSING or CLOSED state. @ http://localhost:3000/_next/static/chunks/node_modules_next_dist_115brz8._.js:2795
[   37308ms] [LOG] [PostHog.js] send "$snapshot" {uuid: 019f515a-b9f3-7e0f-86d7-37f21dc7e93b, event: $snapshot, properties: Object, timestamp: Sat Jul 11 2026 18:55:28 GMT+0530 (India Standard Time)} @ http://localhost:3000/_next/static/chunks/node_modules_next_dist_115brz8._.js:2436
[   37308ms] [ERROR] WebSocket is already in CLOSING or CLOSED state. @ http://localhost:3000/_next/static/chunks/node_modules_next_dist_115brz8._.js:2795
[   38308ms] [ERROR] Failed to load resource: net::ERR_CONNECTION_REFUSED @ http://localhost:3000/ingest/s/?ip=0&_=1783776329173&ver=1.372.1&compression=gzip-js:0
[   38308ms] [ERROR] [PostHog.js] TypeError: Failed to fetch
    at method (http://localhost:3000/_next/static/chunks/node_modules_posthog-js_dist_module_0p1-w_7.js:2851:9)
    at http://localhost:3000/_next/static/chunks/node_modules_posthog-js_dist_module_0p1-w_7.js:3744:17 @ http://localhost:3000/_next/static/chunks/node_modules_next_dist_115brz8._.js:3277
[   38309ms] [WARNING] [PostHog.js] Enqueued failed request for retry in 3129 @ http://localhost:3000/_next/static/chunks/node_modules_next_dist_115brz8._.js:2436
[   38311ms] [ERROR] WebSocket is already in CLOSING or CLOSED state. @ http://localhost:3000/_next/static/chunks/node_modules_next_dist_115brz8._.js:2795
[   39291ms] [ERROR] Failed to load resource: net::ERR_CONNECTION_REFUSED @ http://localhost:3000/ingest/s/?retry_count=1&ip=0&_=1783776330158&ver=1.372.1&compression=gzip-js:0
[   39292ms] [ERROR] [PostHog.js] TypeError: Failed to fetch
    at method (http://localhost:3000/_next/static/chunks/node_modules_posthog-js_dist_module_0p1-w_7.js:2851:9)
    at http://localhost:3000/_next/static/chunks/node_modules_posthog-js_dist_module_0p1-w_7.js:3744:17 @ http://localhost:3000/_next/static/chunks/node_modules_next_dist_115brz8._.js:3277
[   39292ms] [WARNING] [PostHog.js] Enqueued failed request for retry in 6819 @ http://localhost:3000/_next/static/chunks/node_modules_next_dist_115brz8._.js:2436
[   39294ms] [ERROR] WebSocket is already in CLOSING or CLOSED state. @ http://localhost:3000/_next/static/chunks/node_modules_next_dist_115brz8._.js:2795
[   40138ms] [ERROR] WebSocket connection to 'ws://localhost:3000/_next/webpack-hmr?id=cKThsg-ae5B7ZgL5EFGo-' failed: Error in connection establishment: net::ERR_CONNECTION_REFUSED @ http://localhost:3000/_next/static/chunks/node_modules_next_dist_client_0fhqo1d._.js:13298
[   42295ms] [ERROR] Failed to load resource: net::ERR_CONNECTION_REFUSED @ http://localhost:3000/ingest/s/?retry_count=1&ip=0&_=1783776333160&ver=1.372.1&compression=gzip-js:0
[   42295ms] [ERROR] [PostHog.js] TypeError: Failed to fetch
    at method (http://localhost:3000/_next/static/chunks/node_modules_posthog-js_dist_module_0p1-w_7.js:2851:9)
    at http://localhost:3000/_next/static/chunks/node_modules_posthog-js_dist_module_0p1-w_7.js:3744:17 @ http://localhost:3000/_next/static/chunks/node_modules_next_dist_115brz8._.js:3277
[   42295ms] [WARNING] [PostHog.js] Enqueued failed request for retry in 5729 @ http://localhost:3000/_next/static/chunks/node_modules_next_dist_115brz8._.js:2436
[   42307ms] [ERROR] WebSocket is already in CLOSING or CLOSED state. @ http://localhost:3000/_next/static/chunks/node_modules_next_dist_115brz8._.js:2795
[   44285ms] [LOG] [PostHog.js] send "$snapshot" {uuid: 019f515a-d533-72c6-9f73-586eee44a546, event: $snapshot, properties: Object, timestamp: Sat Jul 11 2026 18:55:35 GMT+0530 (India Standard Time)} @ http://localhost:3000/_next/static/chunks/node_modules_next_dist_115brz8._.js:2436
[   44286ms] [ERROR] WebSocket is already in CLOSING or CLOSED state. @ http://localhost:3000/_next/static/chunks/node_modules_next_dist_115brz8._.js:2795
[   45143ms] [ERROR] WebSocket connection to 'ws://localhost:3000/_next/webpack-hmr?id=cKThsg-ae5B7ZgL5EFGo-' failed: Error in connection establishment: net::ERR_CONNECTION_REFUSED @ http://localhost:3000/_next/static/chunks/node_modules_next_dist_client_0fhqo1d._.js:13298
[   47294ms] [ERROR] Failed to load resource: net::ERR_CONNECTION_REFUSED @ http://localhost:3000/ingest/s/?ip=0&_=1783776338159&ver=1.372.1&compression=gzip-js:0
[   47294ms] [ERROR] [PostHog.js] TypeError: Failed to fetch
    at method (http://localhost:3000/_next/static/chunks/node_modules_posthog-js_dist_module_0p1-w_7.js:2851:9)
    at http://localhost:3000/_next/static/chunks/node_modules_posthog-js_dist_module_0p1-w_7.js:3744:17 @ http://localhost:3000/_next/static/chunks/node_modules_next_dist_115brz8._.js:3277
[   47295ms] [WARNING] [PostHog.js] Enqueued failed request for retry in 3676 @ http://localhost:3000/_next/static/chunks/node_modules_next_dist_115brz8._.js:2436
[   47296ms] [ERROR] WebSocket is already in CLOSING or CLOSED state. @ http://localhost:3000/_next/static/chunks/node_modules_next_dist_115brz8._.js:2795
[   48301ms] [ERROR] Failed to load resource: net::ERR_CONNECTION_REFUSED @ http://localhost:3000/ingest/s/?retry_count=2&ip=0&_=1783776339165&ver=1.372.1&compression=gzip-js:0
[   48302ms] [ERROR] [PostHog.js] TypeError: Failed to fetch
    at method (http://localhost:3000/_next/static/chunks/node_modules_posthog-js_dist_module_0p1-w_7.js:2851:9)
    at http://localhost:3000/_next/static/chunks/node_modules_posthog-js_dist_module_0p1-w_7.js:3744:17 @ http://localhost:3000/_next/static/chunks/node_modules_next_dist_115brz8._.js:3277
[   48302ms] [WARNING] [PostHog.js] Enqueued failed request for retry in 9423 @ http://localhost:3000/_next/static/chunks/node_modules_next_dist_115brz8._.js:2436
[   48303ms] [ERROR] Failed to load resource: net::ERR_CONNECTION_REFUSED @ http://localhost:3000/ingest/s/?retry_count=2&ip=0&_=1783776339166&ver=1.372.1&compression=gzip-js:0
[   48303ms] [ERROR] [PostHog.js] TypeError: Failed to fetch
    at method (http://localhost:3000/_next/static/chunks/node_modules_posthog-js_dist_module_0p1-w_7.js:2851:9)
    at http://localhost:3000/_next/static/chunks/node_modules_posthog-js_dist_module_0p1-w_7.js:3744:17 @ http://localhost:3000/_next/static/chunks/node_modules_next_dist_115brz8._.js:3277
[   48303ms] [WARNING] [PostHog.js] Enqueued failed request for retry in 11786 @ http://localhost:3000/_next/static/chunks/node_modules_next_dist_115brz8._.js:2436
[   48304ms] [ERROR] WebSocket is already in CLOSING or CLOSED state. @ http://localhost:3000/_next/static/chunks/node_modules_next_dist_115brz8._.js:2795
[   50149ms] [ERROR] WebSocket connection to 'ws://localhost:3000/_next/webpack-hmr?id=cKThsg-ae5B7ZgL5EFGo-' failed: Error in connection establishment: net::ERR_CONNECTION_REFUSED @ http://localhost:3000/_next/static/chunks/node_modules_next_dist_client_0fhqo1d._.js:13298
[   51285ms] [LOG] [PostHog.js] send "$snapshot" {uuid: 019f515a-f08b-7788-a88a-ddf86924583e, event: $snapshot, properties: Object, timestamp: Sat Jul 11 2026 18:55:42 GMT+0530 (India Standard Time)} @ http://localhost:3000/_next/static/chunks/node_modules_next_dist_115brz8._.js:2436
[   51287ms] [ERROR] WebSocket is already in CLOSING or CLOSED state. @ http://localhost:3000/_next/static/chunks/node_modules_next_dist_115brz8._.js:2795
[   51301ms] [ERROR] Failed to load resource: net::ERR_CONNECTION_REFUSED @ http://localhost:3000/ingest/s/?retry_count=1&ip=0&_=1783776342168&ver=1.372.1&compression=gzip-js:0
[   51302ms] [ERROR] [PostHog.js] TypeError: Failed to fetch
    at method (http://localhost:3000/_next/static/chunks/node_modules_posthog-js_dist_module_0p1-w_7.js:2851:9)
    at http://localhost:3000/_next/static/chunks/node_modules_posthog-js_dist_module_0p1-w_7.js:3744:17 @ http://localhost:3000/_next/static/chunks/node_modules_next_dist_115brz8._.js:3277
[   51302ms] [WARNING] [PostHog.js] Enqueued failed request for retry in 5045 @ http://localhost:3000/_next/static/chunks/node_modules_next_dist_115brz8._.js:2436
[   51306ms] [ERROR] WebSocket is already in CLOSING or CLOSED state. @ http://localhost:3000/_next/static/chunks/node_modules_next_dist_115brz8._.js:2795
[   54292ms] [ERROR] Failed to load resource: net::ERR_CONNECTION_REFUSED @ http://localhost:3000/ingest/s/?ip=0&_=1783776345159&ver=1.372.1&compression=gzip-js:0
[   54292ms] [ERROR] [PostHog.js] TypeError: Failed to fetch
    at method (http://localhost:3000/_next/static/chunks/node_modules_posthog-js_dist_module_0p1-w_7.js:2851:9)
    at http://localhost:3000/_next/static/chunks/node_modules_posthog-js_dist_module_0p1-w_7.js:3744:17 @ http://localhost:3000/_next/static/chunks/node_modules_next_dist_115brz8._.js:3277
[   54292ms] [WARNING] [PostHog.js] Enqueued failed request for retry in 3351 @ http://localhost:3000/_next/static/chunks/node_modules_next_dist_115brz8._.js:2436
[   54293ms] [ERROR] WebSocket is already in CLOSING or CLOSED state. @ http://localhost:3000/_next/static/chunks/node_modules_next_dist_115brz8._.js:2795
[   55153ms] [ERROR] WebSocket connection to 'ws://localhost:3000/_next/webpack-hmr?id=cKThsg-ae5B7ZgL5EFGo-' failed: Error in connection establishment: net::ERR_CONNECTION_REFUSED @ http://localhost:3000/_next/static/chunks/node_modules_next_dist_client_0fhqo1d._.js:13298
[   57304ms] [ERROR] Failed to load resource: net::ERR_CONNECTION_REFUSED @ http://localhost:3000/ingest/s/?retry_count=2&ip=0&_=1783776348171&ver=1.372.1&compression=gzip-js:0
[   57304ms] [ERROR] [PostHog.js] TypeError: Failed to fetch
    at method (http://localhost:3000/_next/static/chunks/node_modules_posthog-js_dist_module_0p1-w_7.js:2851:9)
    at http://localhost:3000/_next/static/chunks/node_modules_posthog-js_dist_module_0p1-w_7.js:3744:17 @ http://localhost:3000/_next/static/chunks/node_modules_next_dist_115brz8._.js:3277
[   57305ms] [WARNING] [PostHog.js] Enqueued failed request for retry in 10488 @ http://localhost:3000/_next/static/chunks/node_modules_next_dist_115brz8._.js:2436
[   57306ms] [ERROR] WebSocket is already in CLOSING or CLOSED state. @ http://localhost:3000/_next/static/chunks/node_modules_next_dist_115brz8._.js:2795
[   58291ms] [LOG] [PostHog.js] send "$snapshot" {uuid: 019f515b-0be9-7a04-b440-89f3f41c3d12, event: $snapshot, properties: Object, timestamp: Sat Jul 11 2026 18:55:49 GMT+0530 (India Standard Time)} @ http://localhost:3000/_next/static/chunks/node_modules_next_dist_115brz8._.js:2436
[   58292ms] [ERROR] WebSocket is already in CLOSING or CLOSED state. @ http://localhost:3000/_next/static/chunks/node_modules_next_dist_115brz8._.js:2795
[   60158ms] [ERROR] WebSocket connection to 'ws://localhost:3000/_next/webpack-hmr?id=cKThsg-ae5B7ZgL5EFGo-' failed: Error in connection establishment: net::ERR_CONNECTION_REFUSED @ http://localhost:3000/_next/static/chunks/node_modules_next_dist_client_0fhqo1d._.js:13298
[   60304ms] [ERROR] Failed to load resource: net::ERR_CONNECTION_REFUSED @ http://localhost:3000/ingest/s/?retry_count=3&ip=0&_=1783776351172&ver=1.372.1&compression=gzip-js:0
[   60305ms] [ERROR] [PostHog.js] TypeError: Failed to fetch
    at method (http://localhost:3000/_next/static/chunks/node_modules_posthog-js_dist_module_0p1-w_7.js:2851:9)
    at http://localhost:3000/_next/static/chunks/node_modules_posthog-js_dist_module_0p1-w_7.js:3744:17 @ http://localhost:3000/_next/static/chunks/node_modules_next_dist_115brz8._.js:3277
[   60305ms] [WARNING] [PostHog.js] Enqueued failed request for retry in 29068 @ http://localhost:3000/_next/static/chunks/node_modules_next_dist_115brz8._.js:2436
[   60305ms] [ERROR] Failed to load resource: net::ERR_CONNECTION_REFUSED @ http://localhost:3000/ingest/s/?retry_count=3&ip=0&_=1783776351173&ver=1.372.1&compression=gzip-js:0
[   60305ms] [ERROR] [PostHog.js] TypeError: Failed to fetch
    at method (http://localhost:3000/_next/static/chunks/node_modules_posthog-js_dist_module_0p1-w_7.js:2851:9)
    at http://localhost:3000/_next/static/chunks/node_modules_posthog-js_dist_module_0p1-w_7.js:3744:17 @ http://localhost:3000/_next/static/chunks/node_modules_next_dist_115brz8._.js:3277
[   60305ms] [WARNING] [PostHog.js] Enqueued failed request for retry in 23640 @ http://localhost:3000/_next/static/chunks/node_modules_next_dist_115brz8._.js:2436
[   60305ms] [ERROR] WebSocket is already in CLOSING or CLOSED state. @ http://localhost:3000/_next/static/chunks/node_modules_next_dist_115brz8._.js:2795
[   60305ms] [ERROR] Failed to load resource: net::ERR_CONNECTION_REFUSED @ http://localhost:3000/ingest/s/?retry_count=1&ip=0&_=1783776351173&ver=1.372.1&compression=gzip-js:0
[   60305ms] [ERROR] [PostHog.js] TypeError: Failed to fetch
    at method (http://localhost:3000/_next/static/chunks/node_modules_posthog-js_dist_module_0p1-w_7.js:2851:9)
    at http://localhost:3000/_next/static/chunks/node_modules_posthog-js_dist_module_0p1-w_7.js:3744:17 @ http://localhost:3000/_next/static/chunks/node_modules_next_dist_115brz8._.js:3277
[   60306ms] [WARNING] [PostHog.js] Enqueued failed request for retry in 4981 @ http://localhost:3000/_next/static/chunks/node_modules_next_dist_115brz8._.js:2436
[   60322ms] [ERROR] WebSocket is already in CLOSING or CLOSED state. @ http://localhost:3000/_next/static/chunks/node_modules_next_dist_115brz8._.js:2795
[   61299ms] [ERROR] Failed to load resource: net::ERR_CONNECTION_REFUSED @ http://localhost:3000/ingest/s/?ip=0&_=1783776352164&ver=1.372.1&compression=gzip-js:0
[   61299ms] [ERROR] [PostHog.js] TypeError: Failed to fetch
    at method (http://localhost:3000/_next/static/chunks/node_modules_posthog-js_dist_module_0p1-w_7.js:2851:9)
    at http://localhost:3000/_next/static/chunks/node_modules_posthog-js_dist_module_0p1-w_7.js:3744:17 @ http://localhost:3000/_next/static/chunks/node_modules_next_dist_115brz8._.js:3277
[   61300ms] [WARNING] [PostHog.js] Enqueued failed request for retry in 3506 @ http://localhost:3000/_next/static/chunks/node_modules_next_dist_115brz8._.js:2436
[   61301ms] [ERROR] WebSocket is already in CLOSING or CLOSED state. @ http://localhost:3000/_next/static/chunks/node_modules_next_dist_115brz8._.js:2795
[   65166ms] [ERROR] WebSocket connection to 'ws://localhost:3000/_next/webpack-hmr?id=cKThsg-ae5B7ZgL5EFGo-' failed: Error in connection establishment: net::ERR_CONNECTION_REFUSED @ http://localhost:3000/_next/static/chunks/node_modules_next_dist_client_0fhqo1d._.js:13298
[   65286ms] [LOG] [PostHog.js] send "$snapshot" {uuid: 019f515b-273d-761f-a473-a0f979edd5d2, event: $snapshot, properties: Object, timestamp: Sat Jul 11 2026 18:55:56 GMT+0530 (India Standard Time)} @ http://localhost:3000/_next/static/chunks/node_modules_next_dist_115brz8._.js:2436
[   65288ms] [ERROR] WebSocket is already in CLOSING or CLOSED state. @ http://localhost:3000/_next/static/chunks/node_modules_next_dist_115brz8._.js:2795
[   66312ms] [ERROR] Failed to load resource: net::ERR_CONNECTION_REFUSED @ http://localhost:3000/ingest/s/?retry_count=2&ip=0&_=1783776357176&ver=1.372.1&compression=gzip-js:0
[   66312ms] [ERROR] [PostHog.js] TypeError: Failed to fetch
    at method (http://localhost:3000/_next/static/chunks/node_modules_posthog-js_dist_module_0p1-w_7.js:2851:9)
    at http://localhost:3000/_next/static/chunks/node_modules_posthog-js_dist_module_0p1-w_7.js:3744:17 @ http://localhost:3000/_next/static/chunks/node_modules_next_dist_115brz8._.js:3277
[   66313ms] [WARNING] [PostHog.js] Enqueued failed request for retry in 9385 @ http://localhost:3000/_next/static/chunks/node_modules_next_dist_115brz8._.js:2436
[   66313ms] [ERROR] Failed to load resource: net::ERR_CONNECTION_REFUSED @ http://localhost:3000/ingest/s/?retry_count=1&ip=0&_=1783776357177&ver=1.372.1&compression=gzip-js:0
[   66313ms] [ERROR] [PostHog.js] TypeError: Failed to fetch
    at method (http://localhost:3000/_next/static/chunks/node_modules_posthog-js_dist_module_0p1-w_7.js:2851:9)
    at http://localhost:3000/_next/static/chunks/node_modules_posthog-js_dist_module_0p1-w_7.js:3744:17 @ http://localhost:3000/_next/static/chunks/node_modules_next_dist_115brz8._.js:3277
[   66314ms] [WARNING] [PostHog.js] Enqueued failed request for retry in 4909 @ http://localhost:3000/_next/static/chunks/node_modules_next_dist_115brz8._.js:2436
[   66315ms] [ERROR] WebSocket is already in CLOSING or CLOSED state. @ http://localhost:3000/_next/static/chunks/node_modules_next_dist_115brz8._.js:2795
[   68295ms] [ERROR] Failed to load resource: net::ERR_CONNECTION_REFUSED @ http://localhost:3000/ingest/s/?ip=0&_=1783776359160&ver=1.372.1&compression=gzip-js:0
[   68295ms] [ERROR] [PostHog.js] TypeError: Failed to fetch
    at method (http://localhost:3000/_next/static/chunks/node_modules_posthog-js_dist_module_0p1-w_7.js:2851:9)
    at http://localhost:3000/_next/static/chunks/node_modules_posthog-js_dist_module_0p1-w_7.js:3744:17 @ http://localhost:3000/_next/static/chunks/node_modules_next_dist_115brz8._.js:3277
[   68295ms] [WARNING] [PostHog.js] Enqueued failed request for retry in 2739 @ http://localhost:3000/_next/static/chunks/node_modules_next_dist_115brz8._.js:2436
[   68296ms] [ERROR] WebSocket is already in CLOSING or CLOSED state. @ http://localhost:3000/_next/static/chunks/node_modules_next_dist_115brz8._.js:2795
[   69311ms] [ERROR] Failed to load resource: net::ERR_CONNECTION_REFUSED @ http://localhost:3000/ingest/s/?retry_count=3&ip=0&_=1783776360180&ver=1.372.1&compression=gzip-js:0
[   69311ms] [ERROR] [PostHog.js] TypeError: Failed to fetch
    at method (http://localhost:3000/_next/static/chunks/node_modules_posthog-js_dist_module_0p1-w_7.js:2851:9)
    at http://localhost:3000/_next/static/chunks/node_modules_posthog-js_dist_module_0p1-w_7.js:3744:17 @ http://localhost:3000/_next/static/chunks/node_modules_next_dist_115brz8._.js:3277
[   69312ms] [WARNING] [PostHog.js] Enqueued failed request for retry in 25134 @ http://localhost:3000/_next/static/chunks/node_modules_next_dist_115brz8._.js:2436
[   69312ms] [ERROR] WebSocket is already in CLOSING or CLOSED state. @ http://localhost:3000/_next/static/chunks/node_modules_next_dist_115brz8._.js:2795
[   70175ms] [ERROR] WebSocket connection to 'ws://localhost:3000/_next/webpack-hmr?id=cKThsg-ae5B7ZgL5EFGo-' failed: Error in connection establishment: net::ERR_CONNECTION_REFUSED @ http://localhost:3000/_next/static/chunks/node_modules_next_dist_client_0fhqo1d._.js:13298
