[      89ms] [WARNING] [PostHog.js]  cannot be  greater than max: 1. Using max value instead. @ http://localhost:3000/_next/static/chunks/node_modules_next_dist_115brz8._.js:2436
[      89ms] [WARNING] [PostHog.js]  cannot be  greater than max: 1. Using max value instead. @ http://localhost:3000/_next/static/chunks/node_modules_next_dist_115brz8._.js:2436
[      89ms] [LOG] [PostHog.js] send "$pageleave" {uuid: 019e8725-1384-7569-8fd7-da3fee1329a7, event: $pageleave, properties: Object, timestamp: Tue Jun 02 2026 12:33:34 GMT+0530 (India Standard Time)} @ http://localhost:3000/_next/static/chunks/node_modules_next_dist_115brz8._.js:2436
[      94ms] [ERROR] [PostHog.js] TypeError: Failed to fetch
    at method (http://localhost:3000/_next/static/chunks/node_modules_posthog-js_dist_module_0p1-w_7.js:2851:9)
    at http://localhost:3000/_next/static/chunks/node_modules_posthog-js_dist_module_0p1-w_7.js:3744:17 @ http://localhost:3000/_next/static/chunks/node_modules_next_dist_115brz8._.js:3277
[      95ms] [WARNING] [PostHog.js] Enqueued failed request for retry in 3421 @ http://localhost:3000/_next/static/chunks/node_modules_next_dist_115brz8._.js:2436
[     150ms] [LOG] [PostHog.js] set_config {config: Object, oldConfig: Object, newConfig: Object} @ http://localhost:3000/_next/static/chunks/node_modules_posthog-js_dist_module_0p1-w_7.js:1019
[     150ms] [LOG] [PostHog.js] Persistence loaded localStorage+cookie {$device_id: 019e8723-4a48-7111-b322-3db5f3d47876, distinct_id: 019e8723-4a48-7111-b322-3db5f3d47876, $sesid: Array(3), $epp: true, $initial_person_info: Object} @ http://localhost:3000/_next/static/chunks/node_modules_posthog-js_dist_module_0p1-w_7.js:1019
[     151ms] [LOG] [PostHog.js] Persistence loaded sessionStorage {$sdk_debug_extensions_init_method: synchronous, $sdk_debug_extensions_init_time_ms: 4, $referrer: $direct, $referring_domain: $direct, $sdk_debug_replay_remote_trigger_matching_config: null} @ http://localhost:3000/_next/static/chunks/node_modules_posthog-js_dist_module_0p1-w_7.js:1019
[     151ms] [LOG] [PostHog.js] Initializing extensions synchronously @ http://localhost:3000/_next/static/chunks/node_modules_posthog-js_dist_module_0p1-w_7.js:1019
[     151ms] [LOG] [PostHog.js] [Web Vitals] enabled, starting... @ http://localhost:3000/_next/static/chunks/node_modules_posthog-js_dist_module_0p1-w_7.js:1019
[     152ms] [LOG] [PostHog.js] [ExceptionAutocapture] enabled @ http://localhost:3000/_next/static/chunks/node_modules_posthog-js_dist_module_0p1-w_7.js:1019
[     152ms] [LOG] [PostHog.js] History API monitoring enabled, starting... @ http://localhost:3000/_next/static/chunks/node_modules_posthog-js_dist_module_0p1-w_7.js:1019
[     152ms] [LOG] [PostHog.js] [SessionRecording] starting @ http://localhost:3000/_next/static/chunks/node_modules_posthog-js_dist_module_0p1-w_7.js:1019
[     152ms] [LOG] [PostHog.js] [Heatmaps] starting... @ http://localhost:3000/_next/static/chunks/node_modules_posthog-js_dist_module_0p1-w_7.js:1019
[     153ms] [LOG] [PostHog.js] Starting in debug mode {this: qn, config: Object, thisC: Object, p: Object, s: Object} @ http://localhost:3000/_next/static/chunks/node_modules_posthog-js_dist_module_0p1-w_7.js:1019
[     154ms] [LOG] [PostHog.js] send "$set" {uuid: 019e8725-13c6-78b8-a832-d1a8024cb186, event: $set, properties: Object, $set_once: Object, timestamp: Tue Jun 02 2026 12:33:34 GMT+0530 (India Standard Time)} @ http://localhost:3000/_next/static/chunks/node_modules_posthog-js_dist_module_0p1-w_7.js:1019
[     156ms] [INFO] %cDownload the React DevTools for a better development experience: https://react.dev/link/react-devtools font-weight:bold @ http://localhost:3000/_next/static/chunks/node_modules_next_dist_115brz8._.js:2436
[     168ms] [LOG] [PostHog.js] send "$pageview" {uuid: 019e8725-13d4-703a-b8ac-b665f3998c21, event: $pageview, properties: Object, timestamp: Tue Jun 02 2026 12:33:34 GMT+0530 (India Standard Time)} @ http://localhost:3000/_next/static/chunks/node_modules_next_dist_115brz8._.js:2436
[     172ms] [LOG] [PostHog.js] [Dead Clicks] starting... @ http://localhost:3000/_next/static/chunks/node_modules_next_dist_115brz8._.js:2436
[     172ms] [LOG] [PostHog.js] Persistence loaded sessionStorage {$sdk_debug_extensions_init_method: synchronous, $sdk_debug_extensions_init_time_ms: 1, $referrer: $direct, $referring_domain: $direct, $sdk_debug_replay_remote_trigger_matching_config: null} @ http://localhost:3000/_next/static/chunks/node_modules_next_dist_115brz8._.js:2436
[     172ms] [LOG] [PostHog.js] set_config {config: Object, oldConfig: Object, newConfig: Object} @ http://localhost:3000/_next/static/chunks/node_modules_next_dist_115brz8._.js:2436
[     172ms] [LOG] [PostHog.js] [SessionRecording] starting @ http://localhost:3000/_next/static/chunks/node_modules_next_dist_115brz8._.js:2436
[     173ms] [LOG] [PostHog.js] [ExceptionAutocapture] enabled @ http://localhost:3000/_next/static/chunks/node_modules_next_dist_115brz8._.js:2436
[     173ms] [LOG] [PostHog.js] [SessionRecording] starting @ http://localhost:3000/_next/static/chunks/node_modules_next_dist_115brz8._.js:2436
[     173ms] [LOG] [PostHog.js] [Surveys] flags response received, isSurveysEnabled: false @ http://localhost:3000/_next/static/chunks/node_modules_next_dist_115brz8._.js:2436
[     173ms] [LOG] [PostHog.js] [ExceptionAutocapture] enabled @ http://localhost:3000/_next/static/chunks/node_modules_next_dist_115brz8._.js:2436
[     184ms] [LOG] [HMR] connected @ http://localhost:3000/_next/static/chunks/node_modules_next_dist_115brz8._.js:2436
[     194ms] [LOG] [PostHog.js] [Surveys] Surveys loaded successfully @ http://localhost:3000/_next/static/chunks/node_modules_next_dist_115brz8._.js:2436
[    2235ms] [LOG] [PostHog.js] send "$snapshot" {uuid: 019e8725-1be6-7855-8bac-879b77ea02d0, event: $snapshot, properties: Object, timestamp: Tue Jun 02 2026 12:33:36 GMT+0530 (India Standard Time)} @ http://localhost:3000/_next/static/chunks/node_modules_next_dist_115brz8._.js:2436
[    5188ms] [LOG] [PostHog.js] send "$web_vitals" {uuid: 019e8725-276f-7293-994d-aaa762e1adec, event: $web_vitals, properties: Object, timestamp: Tue Jun 02 2026 12:33:39 GMT+0530 (India Standard Time)} @ http://localhost:3000/_next/static/chunks/node_modules_next_dist_115brz8._.js:2436
[   10551ms] [LOG] [PostHog.js] send "$snapshot" {uuid: 019e8725-3c63-77d7-93fd-64c630eab164, event: $snapshot, properties: Object, timestamp: Tue Jun 02 2026 12:33:44 GMT+0530 (India Standard Time)} @ http://localhost:3000/_next/static/chunks/node_modules_next_dist_115brz8._.js:2436
[   46588ms] [LOG] [Fast Refresh] rebuilding @ http://localhost:3000/_next/static/chunks/node_modules_next_dist_115brz8._.js:2436
[   47248ms] [LOG] [Fast Refresh] done in 747ms @ http://localhost:3000/_next/static/chunks/node_modules_next_dist_115brz8._.js:2436
[   48491ms] [LOG] [PostHog.js] send "$snapshot" {uuid: 019e8725-d096-735f-9224-0d5ef191dd11, event: $snapshot, properties: Object, timestamp: Tue Jun 02 2026 12:34:22 GMT+0530 (India Standard Time)} @ http://localhost:3000/_next/static/chunks/node_modules_next_dist_115brz8._.js:2436
[   59196ms] [LOG] [Fast Refresh] rebuilding @ http://localhost:3000/_next/static/chunks/node_modules_next_dist_115brz8._.js:2436
[   59477ms] [LOG] [Fast Refresh] done in 358ms @ http://localhost:3000/_next/static/chunks/node_modules_next_dist_115brz8._.js:2436
[   61099ms] [LOG] [PostHog.js] send "$snapshot" {uuid: 019e8726-01d7-7926-b559-f99984c03610, event: $snapshot, properties: Object, timestamp: Tue Jun 02 2026 12:34:35 GMT+0530 (India Standard Time)} @ http://localhost:3000/_next/static/chunks/node_modules_next_dist_115brz8._.js:2436
