[      66ms] [WARNING] [PostHog.js]  cannot be  greater than max: 1. Using max value instead. @ http://localhost:3000/_next/static/chunks/node_modules_next_dist_115brz8._.js:2436
[      66ms] [WARNING] [PostHog.js]  cannot be  greater than max: 1. Using max value instead. @ http://localhost:3000/_next/static/chunks/node_modules_next_dist_115brz8._.js:2436
[      67ms] [WARNING] [PostHog.js]  cannot be  greater than max: 1. Using max value instead. @ http://localhost:3000/_next/static/chunks/node_modules_next_dist_115brz8._.js:2436
[      67ms] [WARNING] [PostHog.js]  cannot be  greater than max: 1. Using max value instead. @ http://localhost:3000/_next/static/chunks/node_modules_next_dist_115brz8._.js:2436
[      67ms] [LOG] [PostHog.js] send "$pageleave" {uuid: 019eb1c8-40cb-7d67-81f8-e96a32a70d16, event: $pageleave, properties: Object, timestamp: Wed Jun 10 2026 19:15:51 GMT+0530 (India Standard Time)} @ http://localhost:3000/_next/static/chunks/node_modules_next_dist_115brz8._.js:2436
[      92ms] [LOG] [PostHog.js] set_config {config: Object, oldConfig: Object, newConfig: Object} @ http://localhost:3000/_next/static/chunks/node_modules_posthog-js_dist_module_0p1-w_7.js:1019
[      93ms] [LOG] [PostHog.js] Persistence loaded localStorage+cookie {$device_id: 019eb1b2-9d5a-7971-9c96-b85b88808cb7, distinct_id: 019eb1b2-9d5a-7971-9c96-b85b88808cb7, $sesid: Array(3), $epp: true, $initial_person_info: Object} @ http://localhost:3000/_next/static/chunks/node_modules_posthog-js_dist_module_0p1-w_7.js:1019
[      93ms] [LOG] [PostHog.js] Persistence loaded sessionStorage {$sdk_debug_extensions_init_method: synchronous, $sdk_debug_extensions_init_time_ms: 1, $referrer: $direct, $referring_domain: $direct, $sdk_debug_replay_remote_trigger_matching_config: null} @ http://localhost:3000/_next/static/chunks/node_modules_posthog-js_dist_module_0p1-w_7.js:1019
[      94ms] [LOG] [PostHog.js] Initializing extensions synchronously @ http://localhost:3000/_next/static/chunks/node_modules_posthog-js_dist_module_0p1-w_7.js:1019
[      94ms] [LOG] [PostHog.js] [Web Vitals] enabled, starting... @ http://localhost:3000/_next/static/chunks/node_modules_posthog-js_dist_module_0p1-w_7.js:1019
[      94ms] [LOG] [PostHog.js] [ExceptionAutocapture] enabled @ http://localhost:3000/_next/static/chunks/node_modules_posthog-js_dist_module_0p1-w_7.js:1019
[      94ms] [LOG] [PostHog.js] History API monitoring enabled, starting... @ http://localhost:3000/_next/static/chunks/node_modules_posthog-js_dist_module_0p1-w_7.js:1019
[      95ms] [LOG] [PostHog.js] [SessionRecording] starting @ http://localhost:3000/_next/static/chunks/node_modules_posthog-js_dist_module_0p1-w_7.js:1019
[      95ms] [LOG] [PostHog.js] [Heatmaps] starting... @ http://localhost:3000/_next/static/chunks/node_modules_posthog-js_dist_module_0p1-w_7.js:1019
[      95ms] [LOG] [PostHog.js] Starting in debug mode {this: qn, config: Object, thisC: Object, p: Object, s: Object} @ http://localhost:3000/_next/static/chunks/node_modules_posthog-js_dist_module_0p1-w_7.js:1019
[      97ms] [LOG] [PostHog.js] send "$set" {uuid: 019eb1c8-40e9-74cb-bb95-8317ff66edcd, event: $set, properties: Object, $set_once: Object, timestamp: Wed Jun 10 2026 19:15:51 GMT+0530 (India Standard Time)} @ http://localhost:3000/_next/static/chunks/node_modules_posthog-js_dist_module_0p1-w_7.js:1019
[     100ms] [INFO] %cDownload the React DevTools for a better development experience: https://react.dev/link/react-devtools font-weight:bold @ http://localhost:3000/_next/static/chunks/node_modules_next_dist_115brz8._.js:2436
[     114ms] [LOG] [PostHog.js] [Dead Clicks] starting... @ http://localhost:3000/_next/static/chunks/node_modules_next_dist_115brz8._.js:2436
[     115ms] [LOG] [PostHog.js] Persistence loaded sessionStorage {$sdk_debug_extensions_init_method: synchronous, $sdk_debug_extensions_init_time_ms: 1, $referrer: $direct, $referring_domain: $direct, $sdk_debug_replay_remote_trigger_matching_config: null} @ http://localhost:3000/_next/static/chunks/node_modules_next_dist_115brz8._.js:2436
[     115ms] [LOG] [PostHog.js] set_config {config: Object, oldConfig: Object, newConfig: Object} @ http://localhost:3000/_next/static/chunks/node_modules_next_dist_115brz8._.js:2436
[     116ms] [LOG] [PostHog.js] [ExceptionAutocapture] enabled @ http://localhost:3000/_next/static/chunks/node_modules_next_dist_115brz8._.js:2436
[     116ms] [LOG] [PostHog.js] [Surveys] flags response received, isSurveysEnabled: false @ http://localhost:3000/_next/static/chunks/node_modules_next_dist_115brz8._.js:2436
[     116ms] [LOG] [PostHog.js] [ExceptionAutocapture] enabled @ http://localhost:3000/_next/static/chunks/node_modules_next_dist_115brz8._.js:2436
[     121ms] [LOG] [PostHog.js] send "$pageview" {uuid: 019eb1c8-4102-701f-a979-57d25bfb3204, event: $pageview, properties: Object, timestamp: Wed Jun 10 2026 19:15:51 GMT+0530 (India Standard Time)} @ http://localhost:3000/_next/static/chunks/node_modules_next_dist_115brz8._.js:2436
[     123ms] [LOG] [PostHog.js] [Surveys] Surveys loaded successfully @ http://localhost:3000/_next/static/chunks/node_modules_next_dist_115brz8._.js:2436
[     127ms] [LOG] [HMR] connected @ http://localhost:3000/_next/static/chunks/node_modules_next_dist_115brz8._.js:2436
[    2169ms] [LOG] [PostHog.js] send "$snapshot" {uuid: 019eb1c8-4900-7ff3-8b03-1e256ee5feaa, event: $snapshot, properties: Object, timestamp: Wed Jun 10 2026 19:15:53 GMT+0530 (India Standard Time)} @ http://localhost:3000/_next/static/chunks/node_modules_next_dist_115brz8._.js:2436
[    5140ms] [LOG] [PostHog.js] send "$web_vitals" {uuid: 019eb1c8-549d-7db4-bc51-f3883902279c, event: $web_vitals, properties: Object, timestamp: Wed Jun 10 2026 19:15:56 GMT+0530 (India Standard Time)} @ http://localhost:3000/_next/static/chunks/node_modules_next_dist_115brz8._.js:2436
[   16564ms] [LOG] [PostHog.js] send "$snapshot" {uuid: 019eb1c8-813c-728b-ac58-44c12fde5dc9, event: $snapshot, properties: Object, timestamp: Wed Jun 10 2026 19:16:08 GMT+0530 (India Standard Time)} @ http://localhost:3000/_next/static/chunks/node_modules_next_dist_115brz8._.js:2436
[   25099ms] [LOG] [PostHog.js] send "$$heatmap" {uuid: 019eb1c8-a293-7ad1-957f-a31a1d0e0d13, event: $$heatmap, properties: Object, timestamp: Wed Jun 10 2026 19:16:16 GMT+0530 (India Standard Time)} @ http://localhost:3000/_next/static/chunks/node_modules_next_dist_115brz8._.js:2436
[   25101ms] [LOG] [PostHog.js] send "$snapshot" {uuid: 019eb1c8-a296-70e7-a35f-3954fdd09219, event: $snapshot, properties: Object, timestamp: Wed Jun 10 2026 19:16:16 GMT+0530 (India Standard Time)} @ http://localhost:3000/_next/static/chunks/node_modules_next_dist_115brz8._.js:2436
[   37634ms] [ERROR] WebSocket connection to 'ws://localhost:3000/_next/webpack-hmr?id=cYpowG3eRn5J8WgFr3Yq7' failed: Error in connection establishment: net::ERR_CONNECTION_REFUSED @ http://localhost:3000/_next/static/chunks/node_modules_next_dist_client_0fhqo1d._.js:13298
[   38863ms] [LOG] [HMR] connected @ http://localhost:3000/_next/static/chunks/node_modules_next_dist_115brz8._.js:2436
[   38864ms] [LOG] [PostHog.js] send "$snapshot" {uuid: 019eb1c8-d85a-74e7-8712-27287b4488f7, event: $snapshot, properties: Object, timestamp: Wed Jun 10 2026 19:16:30 GMT+0530 (India Standard Time)} @ http://localhost:3000/_next/static/chunks/node_modules_next_dist_115brz8._.js:2436
[   38946ms] [LOG] [PostHog.js] send "$pageleave" {uuid: 019eb1c8-d8ab-7bea-ab5e-dcbadc59f477, event: $pageleave, properties: Object, timestamp: Wed Jun 10 2026 19:16:30 GMT+0530 (India Standard Time)} @ http://localhost:3000/_next/static/chunks/node_modules_next_dist_115brz8._.js:2436
[   39025ms] [LOG] [PostHog.js] set_config {config: Object, oldConfig: Object, newConfig: Object} @ http://localhost:3000/_next/static/chunks/node_modules_posthog-js_dist_module_0p1-w_7.js:1019
[   39025ms] [LOG] [PostHog.js] Persistence loaded localStorage+cookie {$device_id: 019eb1b2-9d5a-7971-9c96-b85b88808cb7, distinct_id: 019eb1b2-9d5a-7971-9c96-b85b88808cb7, $sesid: Array(3), $epp: true, $initial_person_info: Object} @ http://localhost:3000/_next/static/chunks/node_modules_posthog-js_dist_module_0p1-w_7.js:1019
[   39026ms] [LOG] [PostHog.js] Persistence loaded sessionStorage {$sdk_debug_extensions_init_method: synchronous, $sdk_debug_extensions_init_time_ms: 1, $referrer: $direct, $referring_domain: $direct, $sdk_debug_replay_remote_trigger_matching_config: null} @ http://localhost:3000/_next/static/chunks/node_modules_posthog-js_dist_module_0p1-w_7.js:1019
[   39026ms] [LOG] [PostHog.js] Initializing extensions synchronously @ http://localhost:3000/_next/static/chunks/node_modules_posthog-js_dist_module_0p1-w_7.js:1019
[   39026ms] [LOG] [PostHog.js] [Web Vitals] enabled, starting... @ http://localhost:3000/_next/static/chunks/node_modules_posthog-js_dist_module_0p1-w_7.js:1019
[   39027ms] [LOG] [PostHog.js] [ExceptionAutocapture] enabled @ http://localhost:3000/_next/static/chunks/node_modules_posthog-js_dist_module_0p1-w_7.js:1019
[   39027ms] [LOG] [PostHog.js] History API monitoring enabled, starting... @ http://localhost:3000/_next/static/chunks/node_modules_posthog-js_dist_module_0p1-w_7.js:1019
[   39027ms] [LOG] [PostHog.js] [SessionRecording] starting @ http://localhost:3000/_next/static/chunks/node_modules_posthog-js_dist_module_0p1-w_7.js:1019
[   39027ms] [LOG] [PostHog.js] [Heatmaps] starting... @ http://localhost:3000/_next/static/chunks/node_modules_posthog-js_dist_module_0p1-w_7.js:1019
[   39028ms] [LOG] [PostHog.js] Starting in debug mode {this: qn, config: Object, thisC: Object, p: Object, s: Object} @ http://localhost:3000/_next/static/chunks/node_modules_posthog-js_dist_module_0p1-w_7.js:1019
[   39029ms] [LOG] [PostHog.js] send "$set" {uuid: 019eb1c8-d8fe-7000-a241-cf92235a4d46, event: $set, properties: Object, $set_once: Object, timestamp: Wed Jun 10 2026 19:16:30 GMT+0530 (India Standard Time)} @ http://localhost:3000/_next/static/chunks/node_modules_posthog-js_dist_module_0p1-w_7.js:1019
[   39032ms] [INFO] %cDownload the React DevTools for a better development experience: https://react.dev/link/react-devtools font-weight:bold @ http://localhost:3000/_next/static/chunks/node_modules_next_dist_115brz8._.js:2436
[   39047ms] [LOG] [PostHog.js] [Dead Clicks] starting... @ http://localhost:3000/_next/static/chunks/node_modules_next_dist_115brz8._.js:2436
[   39053ms] [LOG] [PostHog.js] send "$pageview" {uuid: 019eb1c8-d916-779d-9939-bde8352c6615, event: $pageview, properties: Object, timestamp: Wed Jun 10 2026 19:16:30 GMT+0530 (India Standard Time)} @ http://localhost:3000/_next/static/chunks/node_modules_next_dist_115brz8._.js:2436
[   39057ms] [LOG] [HMR] connected @ http://localhost:3000/_next/static/chunks/node_modules_next_dist_115brz8._.js:2436
[   39226ms] [LOG] [Fast Refresh] rebuilding @ http://localhost:3000/_next/static/chunks/node_modules_next_dist_115brz8._.js:2436
[   39232ms] [LOG] [Fast Refresh] done in 107ms @ http://localhost:3000/_next/static/chunks/node_modules_next_dist_115brz8._.js:2436
[   39868ms] [LOG] [PostHog.js] Persistence loaded sessionStorage {$sdk_debug_extensions_init_method: synchronous, $sdk_debug_extensions_init_time_ms: 1, $referrer: $direct, $referring_domain: $direct, $sdk_debug_replay_remote_trigger_matching_config: null} @ http://localhost:3000/_next/static/chunks/node_modules_next_dist_115brz8._.js:2436
[   39869ms] [LOG] [PostHog.js] set_config {config: Object, oldConfig: Object, newConfig: Object} @ http://localhost:3000/_next/static/chunks/node_modules_next_dist_115brz8._.js:2436
[   39869ms] [LOG] [PostHog.js] [ExceptionAutocapture] enabled @ http://localhost:3000/_next/static/chunks/node_modules_next_dist_115brz8._.js:2436
[   39870ms] [LOG] [PostHog.js] [Surveys] flags response received, isSurveysEnabled: false @ http://localhost:3000/_next/static/chunks/node_modules_next_dist_115brz8._.js:2436
[   39870ms] [LOG] [PostHog.js] [ExceptionAutocapture] enabled @ http://localhost:3000/_next/static/chunks/node_modules_next_dist_115brz8._.js:2436
[   39872ms] [LOG] [PostHog.js] [Surveys] Surveys loaded successfully @ http://localhost:3000/_next/static/chunks/node_modules_next_dist_115brz8._.js:2436
[   41085ms] [LOG] [PostHog.js] send "$snapshot" {uuid: 019eb1c8-e106-79c3-a436-35857291545b, event: $snapshot, properties: Object, timestamp: Wed Jun 10 2026 19:16:32 GMT+0530 (India Standard Time)} @ http://localhost:3000/_next/static/chunks/node_modules_next_dist_115brz8._.js:2436
[   43193ms] [LOG] [PostHog.js] send "$snapshot" {uuid: 019eb1c8-e942-7f8c-b297-ac0d8951f601, event: $snapshot, properties: Object, timestamp: Wed Jun 10 2026 19:16:34 GMT+0530 (India Standard Time)} @ http://localhost:3000/_next/static/chunks/node_modules_next_dist_115brz8._.js:2436
[   44059ms] [LOG] [PostHog.js] send "$web_vitals" {uuid: 019eb1c8-eca3-7924-8278-51a50637a8e5, event: $web_vitals, properties: Object, timestamp: Wed Jun 10 2026 19:16:35 GMT+0530 (India Standard Time)} @ http://localhost:3000/_next/static/chunks/node_modules_next_dist_115brz8._.js:2436
[   73958ms] [ERROR] WebSocket connection to 'ws://localhost:3000/_next/webpack-hmr?id=gfaTMvI4wv4GsI1VuOGHQ' failed: Error in connection establishment: net::ERR_CONNECTION_REFUSED @ http://localhost:3000/_next/static/chunks/node_modules_next_dist_client_0fhqo1d._.js:13298
[   74962ms] [ERROR] WebSocket connection to 'ws://localhost:3000/_next/webpack-hmr?id=gfaTMvI4wv4GsI1VuOGHQ' failed: Error in connection establishment: net::ERR_CONNECTION_REFUSED @ http://localhost:3000/_next/static/chunks/node_modules_next_dist_client_0fhqo1d._.js:13298
[   75966ms] [ERROR] WebSocket connection to 'ws://localhost:3000/_next/webpack-hmr?id=gfaTMvI4wv4GsI1VuOGHQ' failed: Error in connection establishment: net::ERR_CONNECTION_REFUSED @ http://localhost:3000/_next/static/chunks/node_modules_next_dist_client_0fhqo1d._.js:13298
[   76969ms] [ERROR] WebSocket connection to 'ws://localhost:3000/_next/webpack-hmr?id=gfaTMvI4wv4GsI1VuOGHQ' failed: Error in connection establishment: net::ERR_CONNECTION_REFUSED @ http://localhost:3000/_next/static/chunks/node_modules_next_dist_client_0fhqo1d._.js:13298
[   77974ms] [ERROR] WebSocket connection to 'ws://localhost:3000/_next/webpack-hmr?id=gfaTMvI4wv4GsI1VuOGHQ' failed: Error in connection establishment: net::ERR_CONNECTION_REFUSED @ http://localhost:3000/_next/static/chunks/node_modules_next_dist_client_0fhqo1d._.js:13298
[   82979ms] [ERROR] WebSocket connection to 'ws://localhost:3000/_next/webpack-hmr?id=gfaTMvI4wv4GsI1VuOGHQ' failed: Error in connection establishment: net::ERR_CONNECTION_REFUSED @ http://localhost:3000/_next/static/chunks/node_modules_next_dist_client_0fhqo1d._.js:13298
[   87984ms] [ERROR] WebSocket connection to 'ws://localhost:3000/_next/webpack-hmr?id=gfaTMvI4wv4GsI1VuOGHQ' failed: Error in connection establishment: net::ERR_CONNECTION_REFUSED @ http://localhost:3000/_next/static/chunks/node_modules_next_dist_client_0fhqo1d._.js:13298
[   92988ms] [ERROR] WebSocket connection to 'ws://localhost:3000/_next/webpack-hmr?id=gfaTMvI4wv4GsI1VuOGHQ' failed: Error in connection establishment: net::ERR_CONNECTION_REFUSED @ http://localhost:3000/_next/static/chunks/node_modules_next_dist_client_0fhqo1d._.js:13298
[   97993ms] [ERROR] WebSocket connection to 'ws://localhost:3000/_next/webpack-hmr?id=gfaTMvI4wv4GsI1VuOGHQ' failed: Error in connection establishment: net::ERR_CONNECTION_REFUSED @ http://localhost:3000/_next/static/chunks/node_modules_next_dist_client_0fhqo1d._.js:13298
[  102999ms] [ERROR] WebSocket connection to 'ws://localhost:3000/_next/webpack-hmr?id=gfaTMvI4wv4GsI1VuOGHQ' failed: Error in connection establishment: net::ERR_CONNECTION_REFUSED @ http://localhost:3000/_next/static/chunks/node_modules_next_dist_client_0fhqo1d._.js:13298
[  108003ms] [ERROR] WebSocket connection to 'ws://localhost:3000/_next/webpack-hmr?id=gfaTMvI4wv4GsI1VuOGHQ' failed: Error in connection establishment: net::ERR_CONNECTION_REFUSED @ http://localhost:3000/_next/static/chunks/node_modules_next_dist_client_0fhqo1d._.js:13298
[  113007ms] [ERROR] WebSocket connection to 'ws://localhost:3000/_next/webpack-hmr?id=gfaTMvI4wv4GsI1VuOGHQ' failed: Error in connection establishment: net::ERR_CONNECTION_REFUSED @ http://localhost:3000/_next/static/chunks/node_modules_next_dist_client_0fhqo1d._.js:13298
