[     133ms] [LOG] [PostHog.js] send "$pageleave" {uuid: 019e8726-276e-7290-b24c-79d98e6228c5, event: $pageleave, properties: Object, timestamp: Tue Jun 02 2026 12:34:45 GMT+0530 (India Standard Time)} @ http://localhost:3000/_next/static/chunks/node_modules_next_dist_115brz8._.js:2436
[     171ms] [LOG] [PostHog.js] set_config {config: Object, oldConfig: Object, newConfig: Object} @ http://localhost:3000/_next/static/chunks/node_modules_posthog-js_dist_module_0p1-w_7.js:1019
[     171ms] [LOG] [PostHog.js] Persistence loaded localStorage+cookie {$device_id: 019e8723-4a48-7111-b322-3db5f3d47876, distinct_id: 019e8723-4a48-7111-b322-3db5f3d47876, $sesid: Array(3), $epp: true, $initial_person_info: Object} @ http://localhost:3000/_next/static/chunks/node_modules_posthog-js_dist_module_0p1-w_7.js:1019
[     172ms] [LOG] [PostHog.js] Persistence loaded sessionStorage {$sdk_debug_extensions_init_method: synchronous, $sdk_debug_extensions_init_time_ms: 1, $referrer: $direct, $referring_domain: $direct, $sdk_debug_replay_remote_trigger_matching_config: null} @ http://localhost:3000/_next/static/chunks/node_modules_posthog-js_dist_module_0p1-w_7.js:1019
[     172ms] [LOG] [PostHog.js] Initializing extensions synchronously @ http://localhost:3000/_next/static/chunks/node_modules_posthog-js_dist_module_0p1-w_7.js:1019
[     172ms] [LOG] [PostHog.js] [Web Vitals] enabled, starting... @ http://localhost:3000/_next/static/chunks/node_modules_posthog-js_dist_module_0p1-w_7.js:1019
[     172ms] [LOG] [PostHog.js] [ExceptionAutocapture] enabled @ http://localhost:3000/_next/static/chunks/node_modules_posthog-js_dist_module_0p1-w_7.js:1019
[     172ms] [LOG] [PostHog.js] History API monitoring enabled, starting... @ http://localhost:3000/_next/static/chunks/node_modules_posthog-js_dist_module_0p1-w_7.js:1019
[     173ms] [LOG] [PostHog.js] [SessionRecording] starting @ http://localhost:3000/_next/static/chunks/node_modules_posthog-js_dist_module_0p1-w_7.js:1019
[     173ms] [LOG] [PostHog.js] [Heatmaps] starting... @ http://localhost:3000/_next/static/chunks/node_modules_posthog-js_dist_module_0p1-w_7.js:1019
[     173ms] [LOG] [PostHog.js] Starting in debug mode {this: qn, config: Object, thisC: Object, p: Object, s: Object} @ http://localhost:3000/_next/static/chunks/node_modules_posthog-js_dist_module_0p1-w_7.js:1019
[     175ms] [LOG] [PostHog.js] send "$set" {uuid: 019e8726-2799-7a14-b70e-4093572d27fd, event: $set, properties: Object, $set_once: Object, timestamp: Tue Jun 02 2026 12:34:45 GMT+0530 (India Standard Time)} @ http://localhost:3000/_next/static/chunks/node_modules_posthog-js_dist_module_0p1-w_7.js:1019
[     177ms] [INFO] %cDownload the React DevTools for a better development experience: https://react.dev/link/react-devtools font-weight:bold @ http://localhost:3000/_next/static/chunks/node_modules_next_dist_115brz8._.js:2436
[     187ms] [LOG] [PostHog.js] send "$pageview" {uuid: 019e8726-27a5-7b9b-8416-2cc42f75eab6, event: $pageview, properties: Object, timestamp: Tue Jun 02 2026 12:34:45 GMT+0530 (India Standard Time)} @ http://localhost:3000/_next/static/chunks/node_modules_next_dist_115brz8._.js:2436
[     193ms] [LOG] [PostHog.js] [Dead Clicks] starting... @ http://localhost:3000/_next/static/chunks/node_modules_next_dist_115brz8._.js:2436
[     202ms] [LOG] [PostHog.js] Persistence loaded sessionStorage {$sdk_debug_extensions_init_method: synchronous, $sdk_debug_extensions_init_time_ms: 1, $referrer: $direct, $referring_domain: $direct, $sdk_debug_replay_remote_trigger_matching_config: null} @ http://localhost:3000/_next/static/chunks/node_modules_next_dist_115brz8._.js:2436
[     202ms] [LOG] [PostHog.js] set_config {config: Object, oldConfig: Object, newConfig: Object} @ http://localhost:3000/_next/static/chunks/node_modules_next_dist_115brz8._.js:2436
[     202ms] [LOG] [PostHog.js] [ExceptionAutocapture] enabled @ http://localhost:3000/_next/static/chunks/node_modules_next_dist_115brz8._.js:2436
[     202ms] [LOG] [PostHog.js] [Surveys] flags response received, isSurveysEnabled: false @ http://localhost:3000/_next/static/chunks/node_modules_next_dist_115brz8._.js:2436
[     203ms] [LOG] [PostHog.js] [ExceptionAutocapture] enabled @ http://localhost:3000/_next/static/chunks/node_modules_next_dist_115brz8._.js:2436
[     204ms] [LOG] [HMR] connected @ http://localhost:3000/_next/static/chunks/node_modules_next_dist_115brz8._.js:2436
[     209ms] [LOG] [PostHog.js] [Surveys] Surveys loaded successfully @ http://localhost:3000/_next/static/chunks/node_modules_next_dist_115brz8._.js:2436
[    2252ms] [LOG] [PostHog.js] send "$snapshot" {uuid: 019e8726-2fb5-726e-bbd5-fe29050d8aaa, event: $snapshot, properties: Object, timestamp: Tue Jun 02 2026 12:34:47 GMT+0530 (India Standard Time)} @ http://localhost:3000/_next/static/chunks/node_modules_next_dist_115brz8._.js:2436
[    5208ms] [LOG] [PostHog.js] send "$web_vitals" {uuid: 019e8726-3b41-7cd2-8b54-726376b03cc3, event: $web_vitals, properties: Object, timestamp: Tue Jun 02 2026 12:34:50 GMT+0530 (India Standard Time)} @ http://localhost:3000/_next/static/chunks/node_modules_next_dist_115brz8._.js:2436
[    7549ms] [LOG] [PostHog.js] send "$snapshot" {uuid: 019e8726-4467-778f-b261-4c6c5d9f35c3, event: $snapshot, properties: Object, timestamp: Tue Jun 02 2026 12:34:52 GMT+0530 (India Standard Time)} @ http://localhost:3000/_next/static/chunks/node_modules_next_dist_115brz8._.js:2436
[   58349ms] [ERROR] WebSocket connection to 'ws://localhost:3000/_next/webpack-hmr?id=oQuEVwx8HPVL4zopVDNwh' failed: Error in connection establishment: net::ERR_CONNECTION_REFUSED @ http://localhost:3000/_next/static/chunks/node_modules_next_dist_client_0fhqo1d._.js:13298
[   59352ms] [ERROR] WebSocket connection to 'ws://localhost:3000/_next/webpack-hmr?id=oQuEVwx8HPVL4zopVDNwh' failed: Error in connection establishment: net::ERR_CONNECTION_REFUSED @ http://localhost:3000/_next/static/chunks/node_modules_next_dist_client_0fhqo1d._.js:13298
[   60357ms] [ERROR] WebSocket connection to 'ws://localhost:3000/_next/webpack-hmr?id=oQuEVwx8HPVL4zopVDNwh' failed: Error in connection establishment: net::ERR_CONNECTION_REFUSED @ http://localhost:3000/_next/static/chunks/node_modules_next_dist_client_0fhqo1d._.js:13298
[   61361ms] [ERROR] WebSocket connection to 'ws://localhost:3000/_next/webpack-hmr?id=oQuEVwx8HPVL4zopVDNwh' failed: Error in connection establishment: net::ERR_CONNECTION_REFUSED @ http://localhost:3000/_next/static/chunks/node_modules_next_dist_client_0fhqo1d._.js:13298
[   62366ms] [ERROR] WebSocket connection to 'ws://localhost:3000/_next/webpack-hmr?id=oQuEVwx8HPVL4zopVDNwh' failed: Error in connection establishment: net::ERR_CONNECTION_REFUSED @ http://localhost:3000/_next/static/chunks/node_modules_next_dist_client_0fhqo1d._.js:13298
[   67369ms] [ERROR] WebSocket connection to 'ws://localhost:3000/_next/webpack-hmr?id=oQuEVwx8HPVL4zopVDNwh' failed: Error in connection establishment: net::ERR_CONNECTION_REFUSED @ http://localhost:3000/_next/static/chunks/node_modules_next_dist_client_0fhqo1d._.js:13298
[   72375ms] [ERROR] WebSocket connection to 'ws://localhost:3000/_next/webpack-hmr?id=oQuEVwx8HPVL4zopVDNwh' failed: Error in connection establishment: net::ERR_CONNECTION_REFUSED @ http://localhost:3000/_next/static/chunks/node_modules_next_dist_client_0fhqo1d._.js:13298
[   77380ms] [ERROR] WebSocket connection to 'ws://localhost:3000/_next/webpack-hmr?id=oQuEVwx8HPVL4zopVDNwh' failed: Error in connection establishment: net::ERR_CONNECTION_REFUSED @ http://localhost:3000/_next/static/chunks/node_modules_next_dist_client_0fhqo1d._.js:13298
[   82387ms] [ERROR] WebSocket connection to 'ws://localhost:3000/_next/webpack-hmr?id=oQuEVwx8HPVL4zopVDNwh' failed: Error in connection establishment: net::ERR_CONNECTION_REFUSED @ http://localhost:3000/_next/static/chunks/node_modules_next_dist_client_0fhqo1d._.js:13298
[   87393ms] [ERROR] WebSocket connection to 'ws://localhost:3000/_next/webpack-hmr?id=oQuEVwx8HPVL4zopVDNwh' failed: Error in connection establishment: net::ERR_CONNECTION_REFUSED @ http://localhost:3000/_next/static/chunks/node_modules_next_dist_client_0fhqo1d._.js:13298
[   92401ms] [ERROR] WebSocket connection to 'ws://localhost:3000/_next/webpack-hmr?id=oQuEVwx8HPVL4zopVDNwh' failed: Error in connection establishment: net::ERR_CONNECTION_REFUSED @ http://localhost:3000/_next/static/chunks/node_modules_next_dist_client_0fhqo1d._.js:13298
[   97407ms] [ERROR] WebSocket connection to 'ws://localhost:3000/_next/webpack-hmr?id=oQuEVwx8HPVL4zopVDNwh' failed: Error in connection establishment: net::ERR_CONNECTION_REFUSED @ http://localhost:3000/_next/static/chunks/node_modules_next_dist_client_0fhqo1d._.js:13298
