[     541ms] [LOG] [PostHog.js] set_config {config: Object, oldConfig: Object, newConfig: Object} @ http://localhost:3000/_next/static/chunks/node_modules_posthog-js_dist_module_0p1-w_7.js:1019
[     546ms] [LOG] [PostHog.js] Persistence loaded localStorage+cookie {} @ http://localhost:3000/_next/static/chunks/node_modules_posthog-js_dist_module_0p1-w_7.js:1019
[     546ms] [LOG] [PostHog.js] Persistence loaded sessionStorage {} @ http://localhost:3000/_next/static/chunks/node_modules_posthog-js_dist_module_0p1-w_7.js:1019
[     550ms] [LOG] [PostHog.js] Initializing extensions synchronously @ http://localhost:3000/_next/static/chunks/node_modules_posthog-js_dist_module_0p1-w_7.js:1019
[     551ms] [LOG] [PostHog.js] [ExceptionAutocapture] enabled @ http://localhost:3000/_next/static/chunks/node_modules_posthog-js_dist_module_0p1-w_7.js:1019
[     553ms] [LOG] [PostHog.js] History API monitoring enabled, starting... @ http://localhost:3000/_next/static/chunks/node_modules_posthog-js_dist_module_0p1-w_7.js:1019
[     554ms] [LOG] [PostHog.js] Starting in debug mode {this: qn, config: Object, thisC: Object, p: Object, s: Object} @ http://localhost:3000/_next/static/chunks/node_modules_posthog-js_dist_module_0p1-w_7.js:1019
[     578ms] [LOG] [PostHog.js] [SessionId] new session ID generated {sessionId: 019e8723-4a5f-76fe-a86d-78b5107c2d38, windowId: 019e8723-4a5f-76fe-a86d-78b6bb26e343, changeReason: Object} @ http://localhost:3000/_next/static/chunks/node_modules_posthog-js_dist_module_0p1-w_7.js:1019
[     579ms] [LOG] [PostHog.js] send "$set" {uuid: 019e8723-4a4d-787d-b103-876d69d6835e, event: $set, properties: Object, $set_once: Object, timestamp: Tue Jun 02 2026 12:31:37 GMT+0530 (India Standard Time)} @ http://localhost:3000/_next/static/chunks/node_modules_posthog-js_dist_module_0p1-w_7.js:1019
[     580ms] [LOG] [Client Instrumentation Hook] Slow execution detected: 59ms (Note: Code download overhead is not included in this measurement) @ http://localhost:3000/_next/static/chunks/node_modules_next_dist_115brz8._.js:1644
[     608ms] [INFO] %cDownload the React DevTools for a better development experience: https://react.dev/link/react-devtools font-weight:bold @ http://localhost:3000/_next/static/chunks/node_modules_next_dist_115brz8._.js:2436
[     672ms] [LOG] [PostHog.js] send "$pageview" {uuid: 019e8723-4abd-7ce6-ae76-d3b26ccc2ea7, event: $pageview, properties: Object, timestamp: Tue Jun 02 2026 12:31:37 GMT+0530 (India Standard Time)} @ http://localhost:3000/_next/static/chunks/node_modules_next_dist_115brz8._.js:2436
[     678ms] [LOG] [HMR] connected @ http://localhost:3000/_next/static/chunks/node_modules_next_dist_115brz8._.js:2436
[     796ms] [LOG] [Fast Refresh] rebuilding @ http://localhost:3000/_next/static/chunks/node_modules_next_dist_115brz8._.js:2436
[     832ms] [LOG] [Fast Refresh] done in 137ms @ http://localhost:3000/_next/static/chunks/node_modules_next_dist_115brz8._.js:2436
[    1020ms] [LOG] [PostHog.js] Persistence loaded sessionStorage {$sdk_debug_extensions_init_method: synchronous, $sdk_debug_extensions_init_time_ms: 4, $referrer: $direct, $referring_domain: $direct} @ http://localhost:3000/_next/static/chunks/node_modules_next_dist_115brz8._.js:2436
[    1020ms] [LOG] [PostHog.js] set_config {config: Object, oldConfig: Object, newConfig: Object} @ http://localhost:3000/_next/static/chunks/node_modules_next_dist_115brz8._.js:2436
[    1021ms] [LOG] [PostHog.js] [ExceptionAutocapture] enabled @ http://localhost:3000/_next/static/chunks/node_modules_next_dist_115brz8._.js:2436
[    1021ms] [LOG] [PostHog.js] [SessionRecording] starting @ http://localhost:3000/_next/static/chunks/node_modules_next_dist_115brz8._.js:2436
[    1021ms] [LOG] [PostHog.js] [Surveys] flags response received, isSurveysEnabled: false @ http://localhost:3000/_next/static/chunks/node_modules_next_dist_115brz8._.js:2436
[    1022ms] [LOG] [PostHog.js] [Heatmaps] starting... @ http://localhost:3000/_next/static/chunks/node_modules_next_dist_115brz8._.js:2436
[    1022ms] [LOG] [PostHog.js] [Web Vitals] enabled, starting... @ http://localhost:3000/_next/static/chunks/node_modules_next_dist_115brz8._.js:2436
[    1022ms] [LOG] [PostHog.js] [ExceptionAutocapture] enabled @ http://localhost:3000/_next/static/chunks/node_modules_next_dist_115brz8._.js:2436
[    1420ms] [LOG] [PostHog.js] [Surveys] Surveys loaded successfully @ http://localhost:3000/_next/static/chunks/node_modules_next_dist_115brz8._.js:2436
[    2339ms] [LOG] [PostHog.js] [Dead Clicks] starting... @ http://localhost:3000/_next/static/chunks/node_modules_next_dist_115brz8._.js:2436
[    6939ms] [LOG] [PostHog.js] send "$snapshot" {uuid: 019e8723-6337-7259-8988-49f458a98ae9, event: $snapshot, properties: Object, timestamp: Tue Jun 02 2026 12:31:43 GMT+0530 (India Standard Time)} @ http://localhost:3000/_next/static/chunks/node_modules_next_dist_115brz8._.js:2436
[    7769ms] [LOG] [PostHog.js] send "$web_vitals" {uuid: 019e8723-6675-7166-9ae4-ec0b2f252f56, event: $web_vitals, properties: Object, timestamp: Tue Jun 02 2026 12:31:44 GMT+0530 (India Standard Time)} @ http://localhost:3000/_next/static/chunks/node_modules_next_dist_115brz8._.js:2436
[    9038ms] [LOG] [PostHog.js] send "$snapshot" {uuid: 019e8723-6b6b-76db-abe9-73df4897a587, event: $snapshot, properties: Object, timestamp: Tue Jun 02 2026 12:31:45 GMT+0530 (India Standard Time)} @ http://localhost:3000/_next/static/chunks/node_modules_next_dist_115brz8._.js:2436
[   11025ms] [LOG] [PostHog.js] send "$$heatmap" {uuid: 019e8723-732d-7d6a-93e5-39dbacde2e8d, event: $$heatmap, properties: Object, timestamp: Tue Jun 02 2026 12:31:47 GMT+0530 (India Standard Time)} @ http://localhost:3000/_next/static/chunks/node_modules_next_dist_115brz8._.js:2436
[   11470ms] [LOG] [PostHog.js] send "$snapshot" {uuid: 019e8723-74eb-78db-b37a-c104b3739a34, event: $snapshot, properties: Object, timestamp: Tue Jun 02 2026 12:31:48 GMT+0530 (India Standard Time)} @ http://localhost:3000/_next/static/chunks/node_modules_next_dist_115brz8._.js:2436
[   12020ms] [LOG] [PostHog.js] send "$autocapture" {uuid: 019e8723-7711-73a6-86d5-0f7bd6c44aae, event: $autocapture, properties: Object, timestamp: Tue Jun 02 2026 12:31:48 GMT+0530 (India Standard Time)} @ http://localhost:3000/_next/static/chunks/node_modules_next_dist_115brz8._.js:2436
[   12429ms] [LOG] [PostHog.js] send "$autocapture" {uuid: 019e8723-78a9-7158-a3be-f21361b2e617, event: $autocapture, properties: Object, timestamp: Tue Jun 02 2026 12:31:49 GMT+0530 (India Standard Time)} @ http://localhost:3000/_next/static/chunks/node_modules_next_dist_115brz8._.js:2436
[   13474ms] [LOG] [PostHog.js] send "$snapshot" {uuid: 019e8723-7cbf-7a22-917f-1f7e224c4d54, event: $snapshot, properties: Object, timestamp: Tue Jun 02 2026 12:31:50 GMT+0530 (India Standard Time)} @ http://localhost:3000/_next/static/chunks/node_modules_next_dist_115brz8._.js:2436
[   16024ms] [LOG] [PostHog.js] send "$$heatmap" {uuid: 019e8723-86b5-7050-9719-e11e8195abbb, event: $$heatmap, properties: Object, timestamp: Tue Jun 02 2026 12:31:52 GMT+0530 (India Standard Time)} @ http://localhost:3000/_next/static/chunks/node_modules_next_dist_115brz8._.js:2436
[   16037ms] [LOG] [PostHog.js] send "$snapshot" {uuid: 019e8723-86c2-7a3c-a62a-6a5192cbfbc9, event: $snapshot, properties: Object, timestamp: Tue Jun 02 2026 12:31:52 GMT+0530 (India Standard Time)} @ http://localhost:3000/_next/static/chunks/node_modules_next_dist_115brz8._.js:2436
[   17033ms] [LOG] [PostHog.js] send "$web_vitals" {uuid: 019e8723-8aa5-7b10-928e-d7294aa65ee3, event: $web_vitals, properties: Object, timestamp: Tue Jun 02 2026 12:31:53 GMT+0530 (India Standard Time)} @ http://localhost:3000/_next/static/chunks/node_modules_next_dist_115brz8._.js:2436
[   17485ms] [LOG] [PostHog.js] send "$autocapture" {uuid: 019e8723-8c6a-75bd-be87-5eb98a10a48e, event: $autocapture, properties: Object, timestamp: Tue Jun 02 2026 12:31:54 GMT+0530 (India Standard Time)} @ http://localhost:3000/_next/static/chunks/node_modules_next_dist_115brz8._.js:2436
[   18088ms] [LOG] [PostHog.js] send "$snapshot" {uuid: 019e8723-8ec5-7efe-a668-bad1d33e8c66, event: $snapshot, properties: Object, timestamp: Tue Jun 02 2026 12:31:55 GMT+0530 (India Standard Time)} @ http://localhost:3000/_next/static/chunks/node_modules_next_dist_115brz8._.js:2436
[   18584ms] [LOG] [PostHog.js] send "$autocapture" {uuid: 019e8723-90b4-7aba-b1e7-365f3c055b7e, event: $autocapture, properties: Object, timestamp: Tue Jun 02 2026 12:31:55 GMT+0530 (India Standard Time)} @ http://localhost:3000/_next/static/chunks/node_modules_next_dist_115brz8._.js:2436
[   20222ms] [LOG] [PostHog.js] send "$snapshot" {uuid: 019e8723-971b-7cd0-a748-4e201032367c, event: $snapshot, properties: Object, timestamp: Tue Jun 02 2026 12:31:57 GMT+0530 (India Standard Time)} @ http://localhost:3000/_next/static/chunks/node_modules_next_dist_115brz8._.js:2436
[   21023ms] [LOG] [PostHog.js] send "$$heatmap" {uuid: 019e8723-9a3c-7a1d-8d25-6b12b919de14, event: $$heatmap, properties: Object, timestamp: Tue Jun 02 2026 12:31:57 GMT+0530 (India Standard Time)} @ http://localhost:3000/_next/static/chunks/node_modules_next_dist_115brz8._.js:2436
[   22231ms] [LOG] [PostHog.js] send "$snapshot" {uuid: 019e8723-9ef4-7df6-a7b9-21ce056c4ef3, event: $snapshot, properties: Object, timestamp: Tue Jun 02 2026 12:31:59 GMT+0530 (India Standard Time)} @ http://localhost:3000/_next/static/chunks/node_modules_next_dist_115brz8._.js:2436
[   26027ms] [LOG] [PostHog.js] send "$$heatmap" {uuid: 019e8723-adc6-7718-9aaf-186d41e17a09, event: $$heatmap, properties: Object, timestamp: Tue Jun 02 2026 12:32:02 GMT+0530 (India Standard Time)} @ http://localhost:3000/_next/static/chunks/node_modules_next_dist_115brz8._.js:2436
[   73044ms] [LOG] [PostHog.js] send "$snapshot" {uuid: 019e8724-6571-70c5-b1ef-83b100d1f7ad, event: $snapshot, properties: Object, timestamp: Tue Jun 02 2026 12:32:49 GMT+0530 (India Standard Time)} @ http://localhost:3000/_next/static/chunks/node_modules_next_dist_115brz8._.js:2436
[  111738ms] [LOG] [Fast Refresh] rebuilding @ http://localhost:3000/_next/static/chunks/node_modules_next_dist_115brz8._.js:2436
[  112191ms] [LOG] [Fast Refresh] done in 533ms @ http://localhost:3000/_next/static/chunks/node_modules_next_dist_115brz8._.js:2436
[  113646ms] [LOG] [PostHog.js] send "$snapshot" {uuid: 019e8725-040a-7142-a14e-323018d94be4, event: $snapshot, properties: Object, timestamp: Tue Jun 02 2026 12:33:30 GMT+0530 (India Standard Time)} @ http://localhost:3000/_next/static/chunks/node_modules_next_dist_115brz8._.js:2436
