[     341ms] [LOG] [PostHog.js] set_config {config: Object, oldConfig: Object, newConfig: Object} @ http://localhost:3000/_next/static/chunks/node_modules_posthog-js_dist_module_0p1-w_7.js:1019
[     342ms] [LOG] [PostHog.js] Persistence loaded localStorage+cookie {$device_id: 019eb1b2-9d5a-7971-9c96-b85b88808cb7, distinct_id: 019eb1b2-9d5a-7971-9c96-b85b88808cb7, $sesid: Array(3), $epp: true, $initial_person_info: Object} @ http://localhost:3000/_next/static/chunks/node_modules_posthog-js_dist_module_0p1-w_7.js:1019
[     344ms] [LOG] [PostHog.js] Persistence loaded sessionStorage {} @ http://localhost:3000/_next/static/chunks/node_modules_posthog-js_dist_module_0p1-w_7.js:1019
[     345ms] [LOG] [PostHog.js] Initializing extensions synchronously @ http://localhost:3000/_next/static/chunks/node_modules_posthog-js_dist_module_0p1-w_7.js:1019
[     345ms] [LOG] [PostHog.js] [Web Vitals] enabled, starting... @ http://localhost:3000/_next/static/chunks/node_modules_posthog-js_dist_module_0p1-w_7.js:1019
[     346ms] [LOG] [PostHog.js] [ExceptionAutocapture] enabled @ http://localhost:3000/_next/static/chunks/node_modules_posthog-js_dist_module_0p1-w_7.js:1019
[     347ms] [LOG] [PostHog.js] History API monitoring enabled, starting... @ http://localhost:3000/_next/static/chunks/node_modules_posthog-js_dist_module_0p1-w_7.js:1019
[     348ms] [LOG] [PostHog.js] [SessionRecording] starting @ http://localhost:3000/_next/static/chunks/node_modules_posthog-js_dist_module_0p1-w_7.js:1019
[     349ms] [LOG] [PostHog.js] [Heatmaps] starting... @ http://localhost:3000/_next/static/chunks/node_modules_posthog-js_dist_module_0p1-w_7.js:1019
[     350ms] [LOG] [PostHog.js] Starting in debug mode {this: qn, config: Object, thisC: Object, p: Object, s: Object} @ http://localhost:3000/_next/static/chunks/node_modules_posthog-js_dist_module_0p1-w_7.js:1019
[     370ms] [LOG] [PostHog.js] [SessionId] new session ID generated {sessionId: 019f6732-0ed8-77c7-b99d-ae93bb01379e, windowId: 019f6732-0ed8-77c7-b99d-ae9491a9f59b, changeReason: Object} @ http://localhost:3000/_next/static/chunks/node_modules_posthog-js_dist_module_0p1-w_7.js:1019
[     371ms] [LOG] [PostHog.js] send "$set" {uuid: 019f6732-0ec7-7975-8375-2f45fc09374d, event: $set, properties: Object, $set_once: Object, timestamp: Thu Jul 16 2026 00:42:41 GMT+0530 (India Standard Time)} @ http://localhost:3000/_next/static/chunks/node_modules_posthog-js_dist_module_0p1-w_7.js:1019
[     372ms] [LOG] [Client Instrumentation Hook] Slow execution detected: 42ms (Note: Code download overhead is not included in this measurement) @ http://localhost:3000/_next/static/chunks/node_modules_next_dist_115brz8._.js:1644
[     391ms] [INFO] %cDownload the React DevTools for a better development experience: https://react.dev/link/react-devtools font-weight:bold @ http://localhost:3000/_next/static/chunks/node_modules_next_dist_115brz8._.js:2436
[     441ms] [LOG] [PostHog.js] send "$pageview" {uuid: 019f6732-0f1f-794f-968f-00f6b0d15d24, event: $pageview, properties: Object, timestamp: Thu Jul 16 2026 00:42:41 GMT+0530 (India Standard Time)} @ http://localhost:3000/_next/static/chunks/node_modules_next_dist_115brz8._.js:2436
[     452ms] [LOG] [HMR] connected @ http://localhost:3000/_next/static/chunks/node_modules_next_dist_115brz8._.js:2436
[     481ms] [LOG] [PostHog.js] send "$create_alias" {uuid: 019f6732-0f46-7c0f-a5a0-4751f77f8b53, event: $create_alias, properties: Object, timestamp: Thu Jul 16 2026 00:42:41 GMT+0530 (India Standard Time)} @ http://localhost:3000/_next/static/chunks/node_modules_next_dist_115brz8._.js:2436
[     482ms] [LOG] [PostHog.js] send "install_attributed" {uuid: 019f6732-0f48-7e7d-8626-338c727ae320, event: install_attributed, properties: Object, timestamp: Thu Jul 16 2026 00:42:41 GMT+0530 (India Standard Time)} @ http://localhost:3000/_next/static/chunks/node_modules_next_dist_115brz8._.js:2436
[     483ms] [LOG] [PostHog.js] send "$set" {uuid: 019f6732-0f49-7fa8-a3a5-c5f51776f4ee, event: $set, properties: Object, timestamp: Thu Jul 16 2026 00:42:41 GMT+0530 (India Standard Time)} @ http://localhost:3000/_next/static/chunks/node_modules_next_dist_115brz8._.js:2436
[     980ms] [LOG] [PostHog.js] Persistence loaded sessionStorage {$sdk_debug_extensions_init_method: synchronous, $sdk_debug_extensions_init_time_ms: 5, $referrer: $direct, $referring_domain: $direct} @ http://localhost:3000/_next/static/chunks/node_modules_next_dist_115brz8._.js:2436
[     980ms] [LOG] [PostHog.js] set_config {config: Object, oldConfig: Object, newConfig: Object} @ http://localhost:3000/_next/static/chunks/node_modules_next_dist_115brz8._.js:2436
[     981ms] [LOG] [PostHog.js] [SessionRecording] starting @ http://localhost:3000/_next/static/chunks/node_modules_next_dist_115brz8._.js:2436
[     981ms] [LOG] [PostHog.js] [ExceptionAutocapture] enabled @ http://localhost:3000/_next/static/chunks/node_modules_next_dist_115brz8._.js:2436
[     981ms] [LOG] [PostHog.js] [SessionRecording] starting @ http://localhost:3000/_next/static/chunks/node_modules_next_dist_115brz8._.js:2436
[     981ms] [LOG] [PostHog.js] [Surveys] flags response received, isSurveysEnabled: false @ http://localhost:3000/_next/static/chunks/node_modules_next_dist_115brz8._.js:2436
[     981ms] [LOG] [PostHog.js] [Web Vitals] enabled, starting... @ http://localhost:3000/_next/static/chunks/node_modules_next_dist_115brz8._.js:2436
[     982ms] [LOG] [PostHog.js] [ExceptionAutocapture] enabled @ http://localhost:3000/_next/static/chunks/node_modules_next_dist_115brz8._.js:2436
[    1710ms] [LOG] [PostHog.js] [Dead Clicks] starting... @ http://localhost:3000/_next/static/chunks/node_modules_next_dist_115brz8._.js:2436
[    1814ms] [LOG] [Fast Refresh] rebuilding @ http://localhost:3000/_next/static/chunks/node_modules_next_dist_115brz8._.js:2436
[    1848ms] [LOG] [Fast Refresh] done in 136ms @ http://localhost:3000/_next/static/chunks/node_modules_next_dist_115brz8._.js:2436
[    3609ms] [LOG] [PostHog.js] [Surveys] Surveys loaded successfully @ http://localhost:3000/_next/static/chunks/node_modules_next_dist_115brz8._.js:2436
[    5354ms] [LOG] [PostHog.js] send "$$heatmap" {uuid: 019f6732-224e-793a-9c02-49f413561746, event: $$heatmap, properties: Object, timestamp: Thu Jul 16 2026 00:42:46 GMT+0530 (India Standard Time)} @ http://localhost:3000/_next/static/chunks/node_modules_next_dist_115brz8._.js:2436
[    6753ms] [LOG] [PostHog.js] send "$web_vitals" {uuid: 019f6732-27c6-7417-96db-95206e360947, event: $web_vitals, properties: Object, timestamp: Thu Jul 16 2026 00:42:48 GMT+0530 (India Standard Time)} @ http://localhost:3000/_next/static/chunks/node_modules_next_dist_115brz8._.js:2436
[   55355ms] [LOG] [PostHog.js] send "$$heatmap" {uuid: 019f6732-e59e-75c8-9e8a-9ca4c97b3472, event: $$heatmap, properties: Object, timestamp: Thu Jul 16 2026 00:43:36 GMT+0530 (India Standard Time)} @ http://localhost:3000/_next/static/chunks/node_modules_next_dist_115brz8._.js:2436
[   55814ms] [LOG] [PostHog.js] send "$snapshot" {uuid: 019f6732-e76b-7532-84bf-ddce4b10bed8, event: $snapshot, properties: Object, timestamp: Thu Jul 16 2026 00:43:37 GMT+0530 (India Standard Time)} @ http://localhost:3000/_next/static/chunks/node_modules_next_dist_115brz8._.js:2436
[   59217ms] [LOG] [PostHog.js] send "$web_vitals" {uuid: 019f6732-f4b5-732c-be67-e8a4199d5bd8, event: $web_vitals, properties: Object, timestamp: Thu Jul 16 2026 00:43:40 GMT+0530 (India Standard Time)} @ http://localhost:3000/_next/static/chunks/node_modules_next_dist_115brz8._.js:2436
[   60355ms] [LOG] [PostHog.js] send "$$heatmap" {uuid: 019f6732-f926-7802-bd94-9a72b16a2d76, event: $$heatmap, properties: Object, timestamp: Thu Jul 16 2026 00:43:41 GMT+0530 (India Standard Time)} @ http://localhost:3000/_next/static/chunks/node_modules_next_dist_115brz8._.js:2436
