[     117ms] [LOG] [PostHog.js] set_config {config: Object, oldConfig: Object, newConfig: Object} @ http://localhost:3000/_next/static/chunks/node_modules_posthog-js_dist_module_0p1-w_7.js:1019
[     118ms] [LOG] [PostHog.js] Persistence loaded localStorage+cookie {} @ http://localhost:3000/_next/static/chunks/node_modules_posthog-js_dist_module_0p1-w_7.js:1019
[     118ms] [LOG] [PostHog.js] Persistence loaded sessionStorage {} @ http://localhost:3000/_next/static/chunks/node_modules_posthog-js_dist_module_0p1-w_7.js:1019
[     119ms] [LOG] [PostHog.js] Initializing extensions synchronously @ http://localhost:3000/_next/static/chunks/node_modules_posthog-js_dist_module_0p1-w_7.js:1019
[     119ms] [LOG] [PostHog.js] [ExceptionAutocapture] enabled @ http://localhost:3000/_next/static/chunks/node_modules_posthog-js_dist_module_0p1-w_7.js:1019
[     120ms] [LOG] [PostHog.js] History API monitoring enabled, starting... @ http://localhost:3000/_next/static/chunks/node_modules_posthog-js_dist_module_0p1-w_7.js:1019
[     120ms] [LOG] [PostHog.js] Starting in debug mode {this: qn, config: Object, thisC: Object, p: Object, s: Object} @ http://localhost:3000/_next/static/chunks/node_modules_posthog-js_dist_module_0p1-w_7.js:1019
[     138ms] [INFO] %cDownload the React DevTools for a better development experience: https://react.dev/link/react-devtools font-weight:bold @ http://localhost:3000/_next/static/chunks/node_modules_next_dist_115brz8._.js:2436
[     191ms] [LOG] [HMR] connected @ http://localhost:3000/_next/static/chunks/node_modules_next_dist_115brz8._.js:2436
[     507ms] [LOG] [PostHog.js] Persistence loaded sessionStorage {$sdk_debug_extensions_init_method: synchronous, $sdk_debug_extensions_init_time_ms: 2} @ http://localhost:3000/_next/static/chunks/node_modules_next_dist_115brz8._.js:2436
[     508ms] [LOG] [PostHog.js] set_config {config: Object, oldConfig: Object, newConfig: Object} @ http://localhost:3000/_next/static/chunks/node_modules_next_dist_115brz8._.js:2436
[     508ms] [LOG] [PostHog.js] [ExceptionAutocapture] enabled @ http://localhost:3000/_next/static/chunks/node_modules_next_dist_115brz8._.js:2436
[     509ms] [LOG] [PostHog.js] [SessionRecording] starting @ http://localhost:3000/_next/static/chunks/node_modules_next_dist_115brz8._.js:2436
[     509ms] [LOG] [PostHog.js] [Surveys] flags response received, isSurveysEnabled: false @ http://localhost:3000/_next/static/chunks/node_modules_next_dist_115brz8._.js:2436
[     509ms] [LOG] [PostHog.js] [Heatmaps] starting... @ http://localhost:3000/_next/static/chunks/node_modules_next_dist_115brz8._.js:2436
[     510ms] [LOG] [PostHog.js] [Web Vitals] enabled, starting... @ http://localhost:3000/_next/static/chunks/node_modules_next_dist_115brz8._.js:2436
[     510ms] [LOG] [PostHog.js] [ExceptionAutocapture] enabled @ http://localhost:3000/_next/static/chunks/node_modules_next_dist_115brz8._.js:2436
[     895ms] [LOG] [PostHog.js] [WebExperiments] Refusing to render web experiment since the viewer is a likely bot [] @ http://localhost:3000/_next/static/chunks/node_modules_next_dist_115brz8._.js:2436
[    1485ms] [LOG] [PostHog.js] [Surveys] Surveys loaded successfully @ http://localhost:3000/_next/static/chunks/node_modules_next_dist_115brz8._.js:2436
[    1489ms] [LOG] [PostHog.js] [SessionId] new session ID generated {sessionId: 019eba43-2167-738d-ae82-9fc57c43506e, windowId: 019eba43-2167-738d-ae82-9fc66ad7eb28, changeReason: Object} @ http://localhost:3000/_next/static/chunks/node_modules_next_dist_115brz8._.js:2436
[    1500ms] [LOG] [PostHog.js] [Dead Clicks] starting... @ http://localhost:3000/_next/static/chunks/node_modules_next_dist_115brz8._.js:2436
